This is pdfTeX, Version 3.141592653-2.6-1.40.25 (MiKTeX 24.1) (preloaded format=pdflatex 2024.10.16)  19 OCT 2024 21:35
entering extended mode
 restricted \write18 enabled.
 file:line:error style messages enabled.
 %&-line parsing enabled.
**"c:/Users/teoso/OneDrive/Documents/Tugas Kuliah/Semester 3/Analisis I/ETS 2024/ETS 2024.tex"
(c:/Users/teoso/OneDrive/Documents/Tugas Kuliah/Semester 3/Analisis I/ETS 2024/ETS 2024.tex
LaTeX2e <2023-11-01> patch level 1
L3 programming layer <2024-01-04>
(C:\Users\teoso\AppData\Local\Programs\MiKTeX\tex/latex/base\article.cls
Document Class: article 2023/05/17 v1.4n Standard LaTeX document class
(C:\Users\teoso\AppData\Local\Programs\MiKTeX\tex/latex/base\size10.clo
File: size10.clo 2023/05/17 v1.4n Standard LaTeX file (size option)
)
\c@part=\count187
\c@section=\count188
\c@subsection=\count189
\c@subsubsection=\count190
\c@paragraph=\count191
\c@subparagraph=\count192
\c@figure=\count193
\c@table=\count194
\abovecaptionskip=\skip48
\belowcaptionskip=\skip49
\bibindent=\dimen140
) (C:\Users\teoso\AppData\Local\Programs\MiKTeX\tex/latex/graphics\graphicx.sty
Package: graphicx 2021/09/16 v1.2d Enhanced LaTeX Graphics (DPC,SPQR)
 (C:\Users\teoso\AppData\Local\Programs\MiKTeX\tex/latex/graphics\keyval.sty
Package: keyval 2022/05/29 v1.15 key=value parser (DPC)
\KV@toks@=\toks17
) (C:\Users\teoso\AppData\Local\Programs\MiKTeX\tex/latex/graphics\graphics.sty
Package: graphics 2022/03/10 v1.4e Standard LaTeX Graphics (DPC,SPQR)
 (C:\Users\teoso\AppData\Local\Programs\MiKTeX\tex/latex/graphics\trig.sty
Package: trig 2021/08/11 v1.11 sin cos tan (DPC)
) (C:\Users\teoso\AppData\Local\Programs\MiKTeX\tex/latex/graphics-cfg\graphics.cfg
File: graphics.cfg 2016/06/04 v1.11 sample graphics configuration
)
Package graphics Info: Driver file: pdftex.def on input line 107.
 (C:\Users\teoso\AppData\Local\Programs\MiKTeX\tex/latex/graphics-def\pdftex.def
File: pdftex.def 2022/09/22 v1.2b Graphics/color driver for pdftex
))
\Gin@req@height=\dimen141
\Gin@req@width=\dimen142
) (C:\Users\teoso\AppData\Local\Programs\MiKTeX\tex/latex/multirow\multirow.sty
Package: multirow 2021/03/15 v2.8 Span multiple rows of a table
\multirow@colwidth=\skip50
\multirow@cntb=\count195
\multirow@dima=\skip51
\bigstrutjot=\dimen143
) (C:\Users\teoso\AppData\Local\Programs\MiKTeX\tex/latex/enumitem\enumitem.sty
Package: enumitem 2019/06/20 v3.9 Customized lists
\labelindent=\skip52
\enit@outerparindent=\dimen144
\enit@toks=\toks18
\enit@inbox=\box51
\enit@count@id=\count196
\enitdp@description=\count197
) (C:\Users\teoso\AppData\Local\Programs\MiKTeX\tex/latex/amsfonts\amssymb.sty
Package: amssymb 2013/01/14 v3.01 AMS font symbols
 (C:\Users\teoso\AppData\Local\Programs\MiKTeX\tex/latex/amsfonts\amsfonts.sty
Package: amsfonts 2013/01/14 v3.01 Basic AMSFonts support
\@emptytoks=\toks19
\symAMSa=\mathgroup4
\symAMSb=\mathgroup5
LaTeX Font Info:    Redeclaring math symbol \hbar on input line 98.
LaTeX Font Info:    Overwriting math alphabet `\mathfrak' in version `bold'
(Font)                  U/euf/m/n --> U/euf/b/n on input line 106.
)) (C:\Users\teoso\AppData\Local\Programs\MiKTeX\tex/latex/amsmath\amsmath.sty
Package: amsmath 2023/05/13 v2.17o AMS math features
\@mathmargin=\skip53

For additional information on amsmath, use the `?' option.
(C:\Users\teoso\AppData\Local\Programs\MiKTeX\tex/latex/amsmath\amstext.sty
Package: amstext 2021/08/26 v2.01 AMS text
 (C:\Users\teoso\AppData\Local\Programs\MiKTeX\tex/latex/amsmath\amsgen.sty
File: amsgen.sty 1999/11/30 v2.0 generic functions
\@emptytoks=\toks20
\ex@=\dimen145
)) (C:\Users\teoso\AppData\Local\Programs\MiKTeX\tex/latex/amsmath\amsbsy.sty
Package: amsbsy 1999/11/29 v1.2d Bold Symbols
\pmbraise@=\dimen146
) (C:\Users\teoso\AppData\Local\Programs\MiKTeX\tex/latex/amsmath\amsopn.sty
Package: amsopn 2022/04/08 v2.04 operator names
)
\inf@bad=\count198
LaTeX Info: Redefining \frac on input line 234.
\uproot@=\count199
\leftroot@=\count266
LaTeX Info: Redefining \overline on input line 399.
LaTeX Info: Redefining \colon on input line 410.
\classnum@=\count267
\DOTSCASE@=\count268
LaTeX Info: Redefining \ldots on input line 496.
LaTeX Info: Redefining \dots on input line 499.
LaTeX Info: Redefining \cdots on input line 620.
\Mathstrutbox@=\box52
\strutbox@=\box53
LaTeX Info: Redefining \big on input line 722.
LaTeX Info: Redefining \Big on input line 723.
LaTeX Info: Redefining \bigg on input line 724.
LaTeX Info: Redefining \Bigg on input line 725.
\big@size=\dimen147
LaTeX Font Info:    Redeclaring font encoding OML on input line 743.
LaTeX Font Info:    Redeclaring font encoding OMS on input line 744.
\macc@depth=\count269
LaTeX Info: Redefining \bmod on input line 905.
LaTeX Info: Redefining \pmod on input line 910.
LaTeX Info: Redefining \smash on input line 940.
LaTeX Info: Redefining \relbar on input line 970.
LaTeX Info: Redefining \Relbar on input line 971.
\c@MaxMatrixCols=\count270
\dotsspace@=\muskip16
\c@parentequation=\count271
\dspbrk@lvl=\count272
\tag@help=\toks21
\row@=\count273
\column@=\count274
\maxfields@=\count275
\andhelp@=\toks22
\eqnshift@=\dimen148
\alignsep@=\dimen149
\tagshift@=\dimen150
\tagwidth@=\dimen151
\totwidth@=\dimen152
\lineht@=\dimen153
\@envbody=\toks23
\multlinegap=\skip54
\multlinetaggap=\skip55
\mathdisplay@stack=\toks24
LaTeX Info: Redefining \[ on input line 2953.
LaTeX Info: Redefining \] on input line 2954.
) (C:\Users\teoso\AppData\Local\Programs\MiKTeX\tex/latex/amscls\amsthm.sty
Package: amsthm 2020/05/29 v2.20.6
\thm@style=\toks25
\thm@bodyfont=\toks26
\thm@headfont=\toks27
\thm@notefont=\toks28
\thm@headpunct=\toks29
\thm@preskip=\skip56
\thm@postskip=\skip57
\thm@headsep=\skip58
\dth@everypar=\toks30
) (C:\Users\teoso\AppData\Local\Programs\MiKTeX\tex/latex/xcolor\xcolor.sty
Package: xcolor 2023/11/15 v3.01 LaTeX color extensions (UK)
 (C:\Users\teoso\AppData\Local\Programs\MiKTeX\tex/latex/graphics-cfg\color.cfg
File: color.cfg 2016/01/02 v1.6 sample color configuration
)
Package xcolor Info: Driver file: pdftex.def on input line 274.
 (C:\Users\teoso\AppData\Local\Programs\MiKTeX\tex/latex/graphics\mathcolor.ltx)
Package xcolor Info: Model `cmy' substituted by `cmy0' on input line 1350.
Package xcolor Info: Model `hsb' substituted by `rgb' on input line 1354.
Package xcolor Info: Model `RGB' extended on input line 1366.
Package xcolor Info: Model `HTML' substituted by `rgb' on input line 1368.
Package xcolor Info: Model `Hsb' substituted by `hsb' on input line 1369.
Package xcolor Info: Model `tHsb' substituted by `hsb' on input line 1370.
Package xcolor Info: Model `HSB' substituted by `hsb' on input line 1371.
Package xcolor Info: Model `Gray' substituted by `gray' on input line 1372.
Package xcolor Info: Model `wave' substituted by `hsb' on input line 1373.
) (C:\Users\teoso\AppData\Local\Programs\MiKTeX\tex/latex/cancel\cancel.sty
Package: cancel 2013/04/12 v2.2 Cancel math terms
) (C:\Users\teoso\AppData\Local\Programs\MiKTeX\tex/latex/pgf/frontendlayer\tikz.sty (C:\Users\teoso\AppData\Local\Programs\MiKTeX\tex/latex/pgf/basiclayer\pgf.sty (C:\Users\teoso\AppData\Local\Programs\MiKTeX\tex/latex/pgf/utilities\pgfrcs.sty (C:\Users\teoso\AppData\Local\Programs\MiKTeX\tex/generic/pgf/utilities\pgfutil-common.tex
\pgfutil@everybye=\toks31
\pgfutil@tempdima=\dimen154
\pgfutil@tempdimb=\dimen155
) (C:\Users\teoso\AppData\Local\Programs\MiKTeX\tex/generic/pgf/utilities\pgfutil-latex.def
\pgfutil@abb=\box54
) (C:\Users\teoso\AppData\Local\Programs\MiKTeX\tex/generic/pgf/utilities\pgfrcs.code.tex (C:\Users\teoso\AppData\Local\Programs\MiKTeX\tex/generic/pgf\pgf.revision.tex)
Package: pgfrcs 2023-01-15 v3.1.10 (3.1.10)
))
Package: pgf 2023-01-15 v3.1.10 (3.1.10)
 (C:\Users\teoso\AppData\Local\Programs\MiKTeX\tex/latex/pgf/basiclayer\pgfcore.sty (C:\Users\teoso\AppData\Local\Programs\MiKTeX\tex/latex/pgf/systemlayer\pgfsys.sty (C:\Users\teoso\AppData\Local\Programs\MiKTeX\tex/generic/pgf/systemlayer\pgfsys.code.tex
Package: pgfsys 2023-01-15 v3.1.10 (3.1.10)
 (C:\Users\teoso\AppData\Local\Programs\MiKTeX\tex/generic/pgf/utilities\pgfkeys.code.tex
\pgfkeys@pathtoks=\toks32
\pgfkeys@temptoks=\toks33
 (C:\Users\teoso\AppData\Local\Programs\MiKTeX\tex/generic/pgf/utilities\pgfkeyslibraryfiltered.code.tex
\pgfkeys@tmptoks=\toks34
))
\pgf@x=\dimen156
\pgf@y=\dimen157
\pgf@xa=\dimen158
\pgf@ya=\dimen159
\pgf@xb=\dimen160
\pgf@yb=\dimen161
\pgf@xc=\dimen162
\pgf@yc=\dimen163
\pgf@xd=\dimen164
\pgf@yd=\dimen165
\w@pgf@writea=\write3
\r@pgf@reada=\read2
\c@pgf@counta=\count276
\c@pgf@countb=\count277
\c@pgf@countc=\count278
\c@pgf@countd=\count279
\t@pgf@toka=\toks35
\t@pgf@tokb=\toks36
\t@pgf@tokc=\toks37
\pgf@sys@id@count=\count280
 (C:\Users\teoso\AppData\Local\Programs\MiKTeX\tex/generic/pgf/systemlayer\pgf.cfg
File: pgf.cfg 2023-01-15 v3.1.10 (3.1.10)
)
Driver file for pgf: pgfsys-pdftex.def
 (C:\Users\teoso\AppData\Local\Programs\MiKTeX\tex/generic/pgf/systemlayer\pgfsys-pdftex.def
File: pgfsys-pdftex.def 2023-01-15 v3.1.10 (3.1.10)
 (C:\Users\teoso\AppData\Local\Programs\MiKTeX\tex/generic/pgf/systemlayer\pgfsys-common-pdf.def
File: pgfsys-common-pdf.def 2023-01-15 v3.1.10 (3.1.10)
))) (C:\Users\teoso\AppData\Local\Programs\MiKTeX\tex/generic/pgf/systemlayer\pgfsyssoftpath.code.tex
File: pgfsyssoftpath.code.tex 2023-01-15 v3.1.10 (3.1.10)
\pgfsyssoftpath@smallbuffer@items=\count281
\pgfsyssoftpath@bigbuffer@items=\count282
) (C:\Users\teoso\AppData\Local\Programs\MiKTeX\tex/generic/pgf/systemlayer\pgfsysprotocol.code.tex
File: pgfsysprotocol.code.tex 2023-01-15 v3.1.10 (3.1.10)
)) (C:\Users\teoso\AppData\Local\Programs\MiKTeX\tex/generic/pgf/basiclayer\pgfcore.code.tex
Package: pgfcore 2023-01-15 v3.1.10 (3.1.10)
 (C:\Users\teoso\AppData\Local\Programs\MiKTeX\tex/generic/pgf/math\pgfmath.code.tex (C:\Users\teoso\AppData\Local\Programs\MiKTeX\tex/generic/pgf/math\pgfmathutil.code.tex) (C:\Users\teoso\AppData\Local\Programs\MiKTeX\tex/generic/pgf/math\pgfmathparser.code.tex
\pgfmath@dimen=\dimen166
\pgfmath@count=\count283
\pgfmath@box=\box55
\pgfmath@toks=\toks38
\pgfmath@stack@operand=\toks39
\pgfmath@stack@operation=\toks40
) (C:\Users\teoso\AppData\Local\Programs\MiKTeX\tex/generic/pgf/math\pgfmathfunctions.code.tex) (C:\Users\teoso\AppData\Local\Programs\MiKTeX\tex/generic/pgf/math\pgfmathfunctions.basic.code.tex) (C:\Users\teoso\AppData\Local\Programs\MiKTeX\tex/generic/pgf/math\pgfmathfunctions.trigonometric.code.tex) (C:\Users\teoso\AppData\Local\Programs\MiKTeX\tex/generic/pgf/math\pgfmathfunctions.random.code.tex) (C:\Users\teoso\AppData\Local\Programs\MiKTeX\tex/generic/pgf/math\pgfmathfunctions.comparison.code.tex) (C:\Users\teoso\AppData\Local\Programs\MiKTeX\tex/generic/pgf/math\pgfmathfunctions.base.code.tex) (C:\Users\teoso\AppData\Local\Programs\MiKTeX\tex/generic/pgf/math\pgfmathfunctions.round.code.tex) (C:\Users\teoso\AppData\Local\Programs\MiKTeX\tex/generic/pgf/math\pgfmathfunctions.misc.code.tex) (C:\Users\teoso\AppData\Local\Programs\MiKTeX\tex/generic/pgf/math\pgfmathfunctions.integerarithmetics.code.tex) (C:\Users\teoso\AppData\Local\Programs\MiKTeX\tex/generic/pgf/math\pgfmathcalc.code.tex) (C:\Users\teoso\AppData\Local\Programs\MiKTeX\tex/generic/pgf/math\pgfmathfloat.code.tex
\c@pgfmathroundto@lastzeros=\count284
)) (C:\Users\teoso\AppData\Local\Programs\MiKTeX\tex/generic/pgf/math\pgfint.code.tex) (C:\Users\teoso\AppData\Local\Programs\MiKTeX\tex/generic/pgf/basiclayer\pgfcorepoints.code.tex
File: pgfcorepoints.code.tex 2023-01-15 v3.1.10 (3.1.10)
\pgf@picminx=\dimen167
\pgf@picmaxx=\dimen168
\pgf@picminy=\dimen169
\pgf@picmaxy=\dimen170
\pgf@pathminx=\dimen171
\pgf@pathmaxx=\dimen172
\pgf@pathminy=\dimen173
\pgf@pathmaxy=\dimen174
\pgf@xx=\dimen175
\pgf@xy=\dimen176
\pgf@yx=\dimen177
\pgf@yy=\dimen178
\pgf@zx=\dimen179
\pgf@zy=\dimen180
) (C:\Users\teoso\AppData\Local\Programs\MiKTeX\tex/generic/pgf/basiclayer\pgfcorepathconstruct.code.tex
File: pgfcorepathconstruct.code.tex 2023-01-15 v3.1.10 (3.1.10)
\pgf@path@lastx=\dimen181
\pgf@path@lasty=\dimen182
) (C:\Users\teoso\AppData\Local\Programs\MiKTeX\tex/generic/pgf/basiclayer\pgfcorepathusage.code.tex
File: pgfcorepathusage.code.tex 2023-01-15 v3.1.10 (3.1.10)
\pgf@shorten@end@additional=\dimen183
\pgf@shorten@start@additional=\dimen184
) (C:\Users\teoso\AppData\Local\Programs\MiKTeX\tex/generic/pgf/basiclayer\pgfcorescopes.code.tex
File: pgfcorescopes.code.tex 2023-01-15 v3.1.10 (3.1.10)
\pgfpic=\box56
\pgf@hbox=\box57
\pgf@layerbox@main=\box58
\pgf@picture@serial@count=\count285
) (C:\Users\teoso\AppData\Local\Programs\MiKTeX\tex/generic/pgf/basiclayer\pgfcoregraphicstate.code.tex
File: pgfcoregraphicstate.code.tex 2023-01-15 v3.1.10 (3.1.10)
\pgflinewidth=\dimen185
) (C:\Users\teoso\AppData\Local\Programs\MiKTeX\tex/generic/pgf/basiclayer\pgfcoretransformations.code.tex
File: pgfcoretransformations.code.tex 2023-01-15 v3.1.10 (3.1.10)
\pgf@pt@x=\dimen186
\pgf@pt@y=\dimen187
\pgf@pt@temp=\dimen188
) (C:\Users\teoso\AppData\Local\Programs\MiKTeX\tex/generic/pgf/basiclayer\pgfcorequick.code.tex
File: pgfcorequick.code.tex 2023-01-15 v3.1.10 (3.1.10)
) (C:\Users\teoso\AppData\Local\Programs\MiKTeX\tex/generic/pgf/basiclayer\pgfcoreobjects.code.tex
File: pgfcoreobjects.code.tex 2023-01-15 v3.1.10 (3.1.10)
) (C:\Users\teoso\AppData\Local\Programs\MiKTeX\tex/generic/pgf/basiclayer\pgfcorepathprocessing.code.tex
File: pgfcorepathprocessing.code.tex 2023-01-15 v3.1.10 (3.1.10)
) (C:\Users\teoso\AppData\Local\Programs\MiKTeX\tex/generic/pgf/basiclayer\pgfcorearrows.code.tex
File: pgfcorearrows.code.tex 2023-01-15 v3.1.10 (3.1.10)
\pgfarrowsep=\dimen189
) (C:\Users\teoso\AppData\Local\Programs\MiKTeX\tex/generic/pgf/basiclayer\pgfcoreshade.code.tex
File: pgfcoreshade.code.tex 2023-01-15 v3.1.10 (3.1.10)
\pgf@max=\dimen190
\pgf@sys@shading@range@num=\count286
\pgf@shadingcount=\count287
) (C:\Users\teoso\AppData\Local\Programs\MiKTeX\tex/generic/pgf/basiclayer\pgfcoreimage.code.tex
File: pgfcoreimage.code.tex 2023-01-15 v3.1.10 (3.1.10)
) (C:\Users\teoso\AppData\Local\Programs\MiKTeX\tex/generic/pgf/basiclayer\pgfcoreexternal.code.tex
File: pgfcoreexternal.code.tex 2023-01-15 v3.1.10 (3.1.10)
\pgfexternal@startupbox=\box59
) (C:\Users\teoso\AppData\Local\Programs\MiKTeX\tex/generic/pgf/basiclayer\pgfcorelayers.code.tex
File: pgfcorelayers.code.tex 2023-01-15 v3.1.10 (3.1.10)
) (C:\Users\teoso\AppData\Local\Programs\MiKTeX\tex/generic/pgf/basiclayer\pgfcoretransparency.code.tex
File: pgfcoretransparency.code.tex 2023-01-15 v3.1.10 (3.1.10)
) (C:\Users\teoso\AppData\Local\Programs\MiKTeX\tex/generic/pgf/basiclayer\pgfcorepatterns.code.tex
File: pgfcorepatterns.code.tex 2023-01-15 v3.1.10 (3.1.10)
) (C:\Users\teoso\AppData\Local\Programs\MiKTeX\tex/generic/pgf/basiclayer\pgfcorerdf.code.tex
File: pgfcorerdf.code.tex 2023-01-15 v3.1.10 (3.1.10)
))) (C:\Users\teoso\AppData\Local\Programs\MiKTeX\tex/generic/pgf/modules\pgfmoduleshapes.code.tex
File: pgfmoduleshapes.code.tex 2023-01-15 v3.1.10 (3.1.10)
\pgfnodeparttextbox=\box60
) (C:\Users\teoso\AppData\Local\Programs\MiKTeX\tex/generic/pgf/modules\pgfmoduleplot.code.tex
File: pgfmoduleplot.code.tex 2023-01-15 v3.1.10 (3.1.10)
) (C:\Users\teoso\AppData\Local\Programs\MiKTeX\tex/latex/pgf/compatibility\pgfcomp-version-0-65.sty
Package: pgfcomp-version-0-65 2023-01-15 v3.1.10 (3.1.10)
\pgf@nodesepstart=\dimen191
\pgf@nodesepend=\dimen192
) (C:\Users\teoso\AppData\Local\Programs\MiKTeX\tex/latex/pgf/compatibility\pgfcomp-version-1-18.sty
Package: pgfcomp-version-1-18 2023-01-15 v3.1.10 (3.1.10)
)) (C:\Users\teoso\AppData\Local\Programs\MiKTeX\tex/latex/pgf/utilities\pgffor.sty (C:\Users\teoso\AppData\Local\Programs\MiKTeX\tex/latex/pgf/utilities\pgfkeys.sty (C:\Users\teoso\AppData\Local\Programs\MiKTeX\tex/generic/pgf/utilities\pgfkeys.code.tex)) (C:\Users\teoso\AppData\Local\Programs\MiKTeX\tex/latex/pgf/math\pgfmath.sty (C:\Users\teoso\AppData\Local\Programs\MiKTeX\tex/generic/pgf/math\pgfmath.code.tex)) (C:\Users\teoso\AppData\Local\Programs\MiKTeX\tex/generic/pgf/utilities\pgffor.code.tex
Package: pgffor 2023-01-15 v3.1.10 (3.1.10)
\pgffor@iter=\dimen193
\pgffor@skip=\dimen194
\pgffor@stack=\toks41
\pgffor@toks=\toks42
)) (C:\Users\teoso\AppData\Local\Programs\MiKTeX\tex/generic/pgf/frontendlayer/tikz\tikz.code.tex
Package: tikz 2023-01-15 v3.1.10 (3.1.10)
 (C:\Users\teoso\AppData\Local\Programs\MiKTeX\tex/generic/pgf/libraries\pgflibraryplothandlers.code.tex
File: pgflibraryplothandlers.code.tex 2023-01-15 v3.1.10 (3.1.10)
\pgf@plot@mark@count=\count288
\pgfplotmarksize=\dimen195
)
\tikz@lastx=\dimen196
\tikz@lasty=\dimen197
\tikz@lastxsaved=\dimen198
\tikz@lastysaved=\dimen199
\tikz@lastmovetox=\dimen256
\tikz@lastmovetoy=\dimen257
\tikzleveldistance=\dimen258
\tikzsiblingdistance=\dimen259
\tikz@figbox=\box61
\tikz@figbox@bg=\box62
\tikz@tempbox=\box63
\tikz@tempbox@bg=\box64
\tikztreelevel=\count289
\tikznumberofchildren=\count290
\tikznumberofcurrentchild=\count291
\tikz@fig@count=\count292
 (C:\Users\teoso\AppData\Local\Programs\MiKTeX\tex/generic/pgf/modules\pgfmodulematrix.code.tex
File: pgfmodulematrix.code.tex 2023-01-15 v3.1.10 (3.1.10)
\pgfmatrixcurrentrow=\count293
\pgfmatrixcurrentcolumn=\count294
\pgf@matrix@numberofcolumns=\count295
)
\tikz@expandcount=\count296
 (C:\Users\teoso\AppData\Local\Programs\MiKTeX\tex/generic/pgf/frontendlayer/tikz/libraries\tikzlibrarytopaths.code.tex
File: tikzlibrarytopaths.code.tex 2023-01-15 v3.1.10 (3.1.10)
))) (C:\Users\teoso\AppData\Local\Programs\MiKTeX\tex/latex/animate\animate.sty
Package: animate 2024/09/06 PDF & SVG animations from files and inline graphics
 (C:\Users\teoso\AppData\Local\Programs\MiKTeX\tex/latex/base\ifthen.sty
Package: ifthen 2022/04/13 v1.1d Standard LaTeX ifthen package (DPC)
) (C:\Users\teoso\AppData\Local\Programs\MiKTeX\tex/generic/iftex\iftex.sty
Package: iftex 2022/02/03 v1.0f TeX engine tests
) (C:\Users\teoso\AppData\Local\Programs\MiKTeX\tex/latex/oberdiek\ifdraft.sty
Package: ifdraft 2016/05/16 v1.4 Detect class options draft and final (HO)
) (C:\Users\teoso\AppData\Local\Programs\MiKTeX\tex/latex/tools\calc.sty
Package: calc 2023/07/08 v4.3 Infix arithmetic (KKT,FJ)
\calc@Acount=\count297
\calc@Bcount=\count298
\calc@Adimen=\dimen260
\calc@Bdimen=\dimen261
\calc@Askip=\skip59
\calc@Bskip=\skip60
LaTeX Info: Redefining \setlength on input line 80.
LaTeX Info: Redefining \addtolength on input line 81.
\calc@Ccount=\count299
\calc@Cskip=\skip61
) (C:\Users\teoso\AppData\Local\Programs\MiKTeX\tex/latex/media9\pdfbase.sty
Package: pdfbase 2024/09/13 v0.58 driver independent access to low-level PDF features
 (C:\Users\teoso\AppData\Local\Programs\MiKTeX\tex/latex/l3backend\l3backend-pdftex.def
File: l3backend-pdftex.def 2024-01-04 L3 backend support: PDF output (pdfTeX)
\l__color_backend_stack_int=\count300
\l__pdf_internal_box=\box65
)
\g_pbs_page_int=\count301
\g_pbs_oc_int=\count302
) (C:\Users\teoso\AppData\Local\Programs\MiKTeX\tex/latex/zref\zref-abspage.sty
Package: zref-abspage 2023-09-14 v2.35 Module abspage for zref (HO)
 (C:\Users\teoso\AppData\Local\Programs\MiKTeX\tex/latex/zref\zref-base.sty
Package: zref-base 2023-09-14 v2.35 Module base for zref (HO)
 (C:\Users\teoso\AppData\Local\Programs\MiKTeX\tex/generic/ltxcmds\ltxcmds.sty
Package: ltxcmds 2023-12-04 v1.26 LaTeX kernel commands for general use (HO)
) (C:\Users\teoso\AppData\Local\Programs\MiKTeX\tex/generic/infwarerr\infwarerr.sty
Package: infwarerr 2019/12/03 v1.5 Providing info/warning/error messages (HO)
) (C:\Users\teoso\AppData\Local\Programs\MiKTeX\tex/latex/kvsetkeys\kvsetkeys.sty
Package: kvsetkeys 2022-10-05 v1.19 Key value parser (HO)
) (C:\Users\teoso\AppData\Local\Programs\MiKTeX\tex/generic/kvdefinekeys\kvdefinekeys.sty
Package: kvdefinekeys 2019-12-19 v1.6 Define keys (HO)
) (C:\Users\teoso\AppData\Local\Programs\MiKTeX\tex/generic/pdftexcmds\pdftexcmds.sty
Package: pdftexcmds 2020-06-27 v0.33 Utility functions of pdfTeX for LuaTeX (HO)
Package pdftexcmds Info: \pdf@primitive is available.
Package pdftexcmds Info: \pdf@ifprimitive is available.
Package pdftexcmds Info: \pdfdraftmode found.
) (C:\Users\teoso\AppData\Local\Programs\MiKTeX\tex/generic/etexcmds\etexcmds.sty
Package: etexcmds 2019/12/15 v1.7 Avoid name clashes with e-TeX commands (HO)
) (C:\Users\teoso\AppData\Local\Programs\MiKTeX\tex/latex/auxhook\auxhook.sty
Package: auxhook 2019-12-17 v1.6 Hooks for auxiliary files (HO)
)
Package zref Info: New property list: main on input line 767.
Package zref Info: New property: default on input line 768.
Package zref Info: New property: page on input line 769.
)
\c@abspage=\count303
Package zref Info: New property: abspage on input line 67.
) (C:\Users\teoso\AppData\Local\Programs\MiKTeX\tex/latex/ocgx2\ocgbase.sty
Package: ocgbase 2024/08/28 v0.23 support package for ocgx2.sty
)
\@anim@box=\box66
\@anim@measbox=\box67
\@anim@tmpdima=\dimen262
\@anim@tmpdimb=\dimen263
\@anim@num=\count304
\@anim@curframe=\count305
\@anim@curframe@zb=\count306
\@anim@resizeflags=\count307
\@anim@skipfram=\count308
\@anim@mulframecnt=\count309
\@anim@@tmlnfile=\read3
\@anim@tmpcnt=\count310
\c@@anim@ltxcnt=\count311
\@anim@curlayer=\count312
\@anim@lineno=\count313
\@anim@curfield=\count314
\@anim@@resizeflags=\count315
) (C:\Users\teoso\AppData\Local\Programs\MiKTeX\tex/latex/ragged2e\ragged2e.sty
Package: ragged2e 2023/06/22 v3.6 ragged2e Package
\CenteringLeftskip=\skip62
\RaggedLeftLeftskip=\skip63
\RaggedRightLeftskip=\skip64
\CenteringRightskip=\skip65
\RaggedLeftRightskip=\skip66
\RaggedRightRightskip=\skip67
\CenteringParfillskip=\skip68
\RaggedLeftParfillskip=\skip69
\RaggedRightParfillskip=\skip70
\JustifyingParfillskip=\skip71
\CenteringParindent=\skip72
\RaggedLeftParindent=\skip73
\RaggedRightParindent=\skip74
\JustifyingParindent=\skip75
) (C:\Users\teoso\AppData\Local\Programs\MiKTeX\tex/latex/geometry\geometry.sty
Package: geometry 2020/01/02 v5.9 Page Geometry
 (C:\Users\teoso\AppData\Local\Programs\MiKTeX\tex/generic/iftex\ifvtex.sty
Package: ifvtex 2019/10/25 v1.7 ifvtex legacy package. Use iftex instead.
)
\Gm@cnth=\count316
\Gm@cntv=\count317
\c@Gm@tempcnt=\count318
\Gm@bindingoffset=\dimen264
\Gm@wd@mp=\dimen265
\Gm@odd@mp=\dimen266
\Gm@even@mp=\dimen267
\Gm@layoutwidth=\dimen268
\Gm@layoutheight=\dimen269
\Gm@layouthoffset=\dimen270
\Gm@layoutvoffset=\dimen271
\Gm@dimlist=\toks43
 (C:\Users\teoso\AppData\Local\Programs\MiKTeX\tex/latex/geometry\geometry.cfg))

Package geometry Warning: Over-specification in `h'-direction.
    `width' (455.24408pt) is ignored.


Package geometry Warning: Over-specification in `v'-direction.
    `height' (674.3303pt) is ignored.

(C:\Users\teoso\AppData\Local\Programs\MiKTeX\tex/latex/fancyhdr\fancyhdr.sty
Package: fancyhdr 2024/07/23 v4.3.1 Extensive control of page headers and footers
\f@nch@headwidth=\skip76
\f@nch@O@elh=\skip77
\f@nch@O@erh=\skip78
\f@nch@O@olh=\skip79
\f@nch@O@orh=\skip80
\f@nch@O@elf=\skip81
\f@nch@O@erf=\skip82
\f@nch@O@olf=\skip83
\f@nch@O@orf=\skip84
)

LaTeX Warning: Unused global option(s):
    [openany].

(ETS 2024.aux)
\openout1 = `"ETS 2024.aux"'.

LaTeX Font Info:    Checking defaults for OML/cmm/m/it on input line 36.
LaTeX Font Info:    ... okay on input line 36.
LaTeX Font Info:    Checking defaults for OMS/cmsy/m/n on input line 36.
LaTeX Font Info:    ... okay on input line 36.
LaTeX Font Info:    Checking defaults for OT1/cmr/m/n on input line 36.
LaTeX Font Info:    ... okay on input line 36.
LaTeX Font Info:    Checking defaults for T1/cmr/m/n on input line 36.
LaTeX Font Info:    ... okay on input line 36.
LaTeX Font Info:    Checking defaults for TS1/cmr/m/n on input line 36.
LaTeX Font Info:    ... okay on input line 36.
LaTeX Font Info:    Checking defaults for OMX/cmex/m/n on input line 36.
LaTeX Font Info:    ... okay on input line 36.
LaTeX Font Info:    Checking defaults for U/cmr/m/n on input line 36.
LaTeX Font Info:    ... okay on input line 36.
 (C:\Users\teoso\AppData\Local\Programs\MiKTeX\tex/context/base/mkii\supp-pdf.mkii
[Loading MPS to PDF converter (version 2006.09.02).]
\scratchcounter=\count319
\scratchdimen=\dimen272
\scratchbox=\box68
\nofMPsegments=\count320
\nofMParguments=\count321
\everyMPshowfont=\toks44
\MPscratchCnt=\count322
\MPscratchDim=\dimen273
\MPnumerator=\count323
\makeMPintoPDFobject=\count324
\everyMPtoPDFconversion=\toks45
) (C:\Users\teoso\AppData\Local\Programs\MiKTeX\tex/latex/epstopdf-pkg\epstopdf-base.sty
Package: epstopdf-base 2020-01-24 v2.11 Base part for package epstopdf
Package epstopdf-base Info: Redefining graphics rule for `.eps' on input line 485.
 (C:\Users\teoso\AppData\Local\Programs\MiKTeX\tex/latex/00miktex\epstopdf-sys.cfg
File: epstopdf-sys.cfg 2021/03/18 v2.0 Configuration of epstopdf for MiKTeX
))
*geometry* driver: auto-detecting
*geometry* detected driver: pdftex
*geometry* verbose mode - [ preamble ] result:
* driver: pdftex
* paper: a4paper
* layout: <same size as paper>
* layoutoffset:(h,v)=(0.0pt,0.0pt)
* modes: 
* h-part:(L,W,R)=(71.13188pt, 426.79135pt, 99.58464pt)
* v-part:(T,H,B)=(85.35826pt, 674.33032pt, 85.35826pt)
* \paperwidth=597.50787pt
* \paperheight=845.04684pt
* \textwidth=426.79135pt
* \textheight=674.33032pt
* \oddsidemargin=-1.1381pt
* \evensidemargin=-1.1381pt
* \topmargin=-23.91173pt
* \headheight=12.0pt
* \headsep=25.0pt
* \topskip=10.0pt
* \footskip=30.0pt
* \marginparwidth=57.0pt
* \marginparsep=11.0pt
* \columnsep=10.0pt
* \skip\footins=9.0pt plus 4.0pt minus 2.0pt
* \hoffset=0.0pt
* \voffset=0.0pt
* \mag=1000
* \@twocolumnfalse
* \@twosidefalse
* \@mparswitchfalse
* \@reversemarginfalse
* (1in=72.27pt=25.4mm, 1cm=28.453pt)

LaTeX Font Info:    Trying to load font information for U+msa on input line 39.
(C:\Users\teoso\AppData\Local\Programs\MiKTeX\tex/latex/amsfonts\umsa.fd
File: umsa.fd 2013/01/14 v3.01 AMS symbols A
)
LaTeX Font Info:    Trying to load font information for U+msb on input line 39.
 (C:\Users\teoso\AppData\Local\Programs\MiKTeX\tex/latex/amsfonts\umsb.fd
File: umsb.fd 2013/01/14 v3.01 AMS symbols B
)
<C:/Users/teoso/OneDrive/Documents/Tugas Kuliah/Template Math Depart/ITS.png, id=4, 150.5625pt x 150.5625pt>
File: C:/Users/teoso/OneDrive/Documents/Tugas Kuliah/Template Math Depart/ITS.png Graphic file (type png)
<use C:/Users/teoso/OneDrive/Documents/Tugas Kuliah/Template Math Depart/ITS.png>
Package pdftex.def Info: C:/Users/teoso/OneDrive/Documents/Tugas Kuliah/Template Math Depart/ITS.png  used on input line 40.
(pdftex.def)             Requested size: 56.9055pt x 56.90648pt.
<C:/Users/teoso/OneDrive/Documents/Tugas Kuliah/Template Math Depart/M.png, id=6, 2370.8575pt x 2370.8575pt>
File: C:/Users/teoso/OneDrive/Documents/Tugas Kuliah/Template Math Depart/M.png Graphic file (type png)
<use C:/Users/teoso/OneDrive/Documents/Tugas Kuliah/Template Math Depart/M.png>
Package pdftex.def Info: C:/Users/teoso/OneDrive/Documents/Tugas Kuliah/Template Math Depart/M.png  used on input line 57.
(pdftex.def)             Requested size: 56.9055pt x 56.90535pt.

Overfull \hbox (5.7702pt too wide) in paragraph at lines 39--64
[][] 
 []


Underfull \hbox (badness 10000) in paragraph at lines 67--69

 []


Underfull \hbox (badness 10000) in paragraph at lines 70--71

 []


Underfull \hbox (badness 10000) in paragraph at lines 72--73

 []


Underfull \hbox (badness 10000) in paragraph at lines 77--78

 []

[1

{C:/Users/teoso/AppData/Local/MiKTeX/fonts/map/pdftex/pdftex.map} <C:/Users/teoso/OneDrive/Documents/Tugas Kuliah/Template Math Depart/ITS.png> <C:/Users/teoso/OneDrive/Documents/Tugas Kuliah/Template Math Depart/M.png>]
Underfull \hbox (badness 10000) in paragraph at lines 93--94

 []


Underfull \hbox (badness 10000) in paragraph at lines 95--96

 []


Underfull \hbox (badness 10000) in paragraph at lines 117--119

 []


Underfull \hbox (badness 10000) in paragraph at lines 131--133

 []

[2]
Underfull \hbox (badness 10000) in paragraph at lines 147--148

 []


Underfull \hbox (badness 10000) in paragraph at lines 152--154

 []

[3]
Underfull \hbox (badness 10000) in paragraph at lines 189--191

 []


Underfull \hbox (badness 10000) in paragraph at lines 194--195

 []


Underfull \hbox (badness 10000) in paragraph at lines 203--204

 []


Underfull \hbox (badness 10000) in paragraph at lines 212--213

 []


Underfull \hbox (badness 10000) in paragraph at lines 215--216

 []


Underfull \hbox (badness 10000) in paragraph at lines 222--223

 []


Underfull \hbox (badness 10000) in paragraph at lines 231--233

 []

[4]
Underfull \hbox (badness 10000) in paragraph at lines 241--242

 []

<C:/Users/teoso/OneDrive/Documents/Tugas Kuliah/Template Math Depart/Kita Ikuyo Doodle/Kita Ikuyo Doodle-0.png, id=43, 1284.8pt x 937.5025pt>
File: C:/Users/teoso/OneDrive/Documents/Tugas Kuliah/Template Math Depart/Kita Ikuyo Doodle/Kita Ikuyo Doodle-0.png Graphic file (type png)
<use C:/Users/teoso/OneDrive/Documents/Tugas Kuliah/Template Math Depart/Kita Ikuyo Doodle/Kita Ikuyo Doodle-0.png>
Package pdftex.def Info: C:/Users/teoso/OneDrive/Documents/Tugas Kuliah/Template Math Depart/Kita Ikuyo Doodle/Kita Ikuyo Doodle-0.png  used on input line 255.
(pdftex.def)             Requested size: 1284.79688pt x 937.50021pt.
 <C:/Users/teoso/OneDrive/Documents/Tugas Kuliah/Template Math Depart/Kita Ikuyo Doodle/Kita Ikuyo Doodle-0.png> <a0,fr0>
<C:/Users/teoso/OneDrive/Documents/Tugas Kuliah/Template Math Depart/Kita Ikuyo Doodle/Kita Ikuyo Doodle-1.png, id=47, 1284.8pt x 937.5025pt>
File: C:/Users/teoso/OneDrive/Documents/Tugas Kuliah/Template Math Depart/Kita Ikuyo Doodle/Kita Ikuyo Doodle-1.png Graphic file (type png)
<use C:/Users/teoso/OneDrive/Documents/Tugas Kuliah/Template Math Depart/Kita Ikuyo Doodle/Kita Ikuyo Doodle-1.png>
Package pdftex.def Info: C:/Users/teoso/OneDrive/Documents/Tugas Kuliah/Template Math Depart/Kita Ikuyo Doodle/Kita Ikuyo Doodle-1.png  used on input line 255.
(pdftex.def)             Requested size: 1284.79688pt x 937.50021pt.
 <C:/Users/teoso/OneDrive/Documents/Tugas Kuliah/Template Math Depart/Kita Ikuyo Doodle/Kita Ikuyo Doodle-1.png> <a0,fr1>
<C:/Users/teoso/OneDrive/Documents/Tugas Kuliah/Template Math Depart/Kita Ikuyo Doodle/Kita Ikuyo Doodle-2.png, id=51, 1284.8pt x 937.5025pt>
File: C:/Users/teoso/OneDrive/Documents/Tugas Kuliah/Template Math Depart/Kita Ikuyo Doodle/Kita Ikuyo Doodle-2.png Graphic file (type png)
<use C:/Users/teoso/OneDrive/Documents/Tugas Kuliah/Template Math Depart/Kita Ikuyo Doodle/Kita Ikuyo Doodle-2.png>
Package pdftex.def Info: C:/Users/teoso/OneDrive/Documents/Tugas Kuliah/Template Math Depart/Kita Ikuyo Doodle/Kita Ikuyo Doodle-2.png  used on input line 255.
(pdftex.def)             Requested size: 1284.79688pt x 937.50021pt.
 <C:/Users/teoso/OneDrive/Documents/Tugas Kuliah/Template Math Depart/Kita Ikuyo Doodle/Kita Ikuyo Doodle-2.png> <a0,fr2>
<C:/Users/teoso/OneDrive/Documents/Tugas Kuliah/Template Math Depart/Kita Ikuyo Doodle/Kita Ikuyo Doodle-3.png, id=55, 1284.8pt x 937.5025pt>
File: C:/Users/teoso/OneDrive/Documents/Tugas Kuliah/Template Math Depart/Kita Ikuyo Doodle/Kita Ikuyo Doodle-3.png Graphic file (type png)
<use C:/Users/teoso/OneDrive/Documents/Tugas Kuliah/Template Math Depart/Kita Ikuyo Doodle/Kita Ikuyo Doodle-3.png>
Package pdftex.def Info: C:/Users/teoso/OneDrive/Documents/Tugas Kuliah/Template Math Depart/Kita Ikuyo Doodle/Kita Ikuyo Doodle-3.png  used on input line 255.
(pdftex.def)             Requested size: 1284.79688pt x 937.50021pt.
 <C:/Users/teoso/OneDrive/Documents/Tugas Kuliah/Template Math Depart/Kita Ikuyo Doodle/Kita Ikuyo Doodle-3.png> <a0,fr3>
<C:/Users/teoso/OneDrive/Documents/Tugas Kuliah/Template Math Depart/Kita Ikuyo Doodle/Kita Ikuyo Doodle-4.png, id=59, 1284.8pt x 937.5025pt>
File: C:/Users/teoso/OneDrive/Documents/Tugas Kuliah/Template Math Depart/Kita Ikuyo Doodle/Kita Ikuyo Doodle-4.png Graphic file (type png)
<use C:/Users/teoso/OneDrive/Documents/Tugas Kuliah/Template Math Depart/Kita Ikuyo Doodle/Kita Ikuyo Doodle-4.png>
Package pdftex.def Info: C:/Users/teoso/OneDrive/Documents/Tugas Kuliah/Template Math Depart/Kita Ikuyo Doodle/Kita Ikuyo Doodle-4.png  used on input line 255.
(pdftex.def)             Requested size: 1284.79688pt x 937.50021pt.
 <C:/Users/teoso/OneDrive/Documents/Tugas Kuliah/Template Math Depart/Kita Ikuyo Doodle/Kita Ikuyo Doodle-4.png> <a0,fr4>
<C:/Users/teoso/OneDrive/Documents/Tugas Kuliah/Template Math Depart/Kita Ikuyo Doodle/Kita Ikuyo Doodle-5.png, id=63, 1284.8pt x 937.5025pt>
File: C:/Users/teoso/OneDrive/Documents/Tugas Kuliah/Template Math Depart/Kita Ikuyo Doodle/Kita Ikuyo Doodle-5.png Graphic file (type png)
<use C:/Users/teoso/OneDrive/Documents/Tugas Kuliah/Template Math Depart/Kita Ikuyo Doodle/Kita Ikuyo Doodle-5.png>
Package pdftex.def Info: C:/Users/teoso/OneDrive/Documents/Tugas Kuliah/Template Math Depart/Kita Ikuyo Doodle/Kita Ikuyo Doodle-5.png  used on input line 255.
(pdftex.def)             Requested size: 1284.79688pt x 937.50021pt.
 <C:/Users/teoso/OneDrive/Documents/Tugas Kuliah/Template Math Depart/Kita Ikuyo Doodle/Kita Ikuyo Doodle-5.png> <a0,fr5>
<C:/Users/teoso/OneDrive/Documents/Tugas Kuliah/Template Math Depart/Kita Ikuyo Doodle/Kita Ikuyo Doodle-6.png, id=67, 1284.8pt x 937.5025pt>
File: C:/Users/teoso/OneDrive/Documents/Tugas Kuliah/Template Math Depart/Kita Ikuyo Doodle/Kita Ikuyo Doodle-6.png Graphic file (type png)
<use C:/Users/teoso/OneDrive/Documents/Tugas Kuliah/Template Math Depart/Kita Ikuyo Doodle/Kita Ikuyo Doodle-6.png>
Package pdftex.def Info: C:/Users/teoso/OneDrive/Documents/Tugas Kuliah/Template Math Depart/Kita Ikuyo Doodle/Kita Ikuyo Doodle-6.png  used on input line 255.
(pdftex.def)             Requested size: 1284.79688pt x 937.50021pt.
 <C:/Users/teoso/OneDrive/Documents/Tugas Kuliah/Template Math Depart/Kita Ikuyo Doodle/Kita Ikuyo Doodle-6.png> <a0,fr6>
<C:/Users/teoso/OneDrive/Documents/Tugas Kuliah/Template Math Depart/Kita Ikuyo Doodle/Kita Ikuyo Doodle-7.png, id=71, 1284.8pt x 937.5025pt>
File: C:/Users/teoso/OneDrive/Documents/Tugas Kuliah/Template Math Depart/Kita Ikuyo Doodle/Kita Ikuyo Doodle-7.png Graphic file (type png)
<use C:/Users/teoso/OneDrive/Documents/Tugas Kuliah/Template Math Depart/Kita Ikuyo Doodle/Kita Ikuyo Doodle-7.png>
Package pdftex.def Info: C:/Users/teoso/OneDrive/Documents/Tugas Kuliah/Template Math Depart/Kita Ikuyo Doodle/Kita Ikuyo Doodle-7.png  used on input line 255.
(pdftex.def)             Requested size: 1284.79688pt x 937.50021pt.
 <C:/Users/teoso/OneDrive/Documents/Tugas Kuliah/Template Math Depart/Kita Ikuyo Doodle/Kita Ikuyo Doodle-7.png> <a0,fr7>
<C:/Users/teoso/OneDrive/Documents/Tugas Kuliah/Template Math Depart/Kita Ikuyo Doodle/Kita Ikuyo Doodle-8.png, id=75, 1284.8pt x 937.5025pt>
File: C:/Users/teoso/OneDrive/Documents/Tugas Kuliah/Template Math Depart/Kita Ikuyo Doodle/Kita Ikuyo Doodle-8.png Graphic file (type png)
<use C:/Users/teoso/OneDrive/Documents/Tugas Kuliah/Template Math Depart/Kita Ikuyo Doodle/Kita Ikuyo Doodle-8.png>
Package pdftex.def Info: C:/Users/teoso/OneDrive/Documents/Tugas Kuliah/Template Math Depart/Kita Ikuyo Doodle/Kita Ikuyo Doodle-8.png  used on input line 255.
(pdftex.def)             Requested size: 1284.79688pt x 937.50021pt.
 <C:/Users/teoso/OneDrive/Documents/Tugas Kuliah/Template Math Depart/Kita Ikuyo Doodle/Kita Ikuyo Doodle-8.png> <a0,fr8>
<C:/Users/teoso/OneDrive/Documents/Tugas Kuliah/Template Math Depart/Kita Ikuyo Doodle/Kita Ikuyo Doodle-9.png, id=79, 1284.8pt x 937.5025pt>
File: C:/Users/teoso/OneDrive/Documents/Tugas Kuliah/Template Math Depart/Kita Ikuyo Doodle/Kita Ikuyo Doodle-9.png Graphic file (type png)
<use C:/Users/teoso/OneDrive/Documents/Tugas Kuliah/Template Math Depart/Kita Ikuyo Doodle/Kita Ikuyo Doodle-9.png>
Package pdftex.def Info: C:/Users/teoso/OneDrive/Documents/Tugas Kuliah/Template Math Depart/Kita Ikuyo Doodle/Kita Ikuyo Doodle-9.png  used on input line 255.
(pdftex.def)             Requested size: 1284.79688pt x 937.50021pt.
 <C:/Users/teoso/OneDrive/Documents/Tugas Kuliah/Template Math Depart/Kita Ikuyo Doodle/Kita Ikuyo Doodle-9.png> <a0,fr9>
<C:/Users/teoso/OneDrive/Documents/Tugas Kuliah/Template Math Depart/Kita Ikuyo Doodle/Kita Ikuyo Doodle-10.png, id=83, 1284.8pt x 937.5025pt>
File: C:/Users/teoso/OneDrive/Documents/Tugas Kuliah/Template Math Depart/Kita Ikuyo Doodle/Kita Ikuyo Doodle-10.png Graphic file (type png)
<use C:/Users/teoso/OneDrive/Documents/Tugas Kuliah/Template Math Depart/Kita Ikuyo Doodle/Kita Ikuyo Doodle-10.png>
Package pdftex.def Info: C:/Users/teoso/OneDrive/Documents/Tugas Kuliah/Template Math Depart/Kita Ikuyo Doodle/Kita Ikuyo Doodle-10.png  used on input line 255.
(pdftex.def)             Requested size: 1284.79688pt x 937.50021pt.
 <C:/Users/teoso/OneDrive/Documents/Tugas Kuliah/Template Math Depart/Kita Ikuyo Doodle/Kita Ikuyo Doodle-10.png> <a0,fr10>
<C:/Users/teoso/OneDrive/Documents/Tugas Kuliah/Template Math Depart/Kita Ikuyo Doodle/Kita Ikuyo Doodle-11.png, id=87, 1284.8pt x 937.5025pt>
File: C:/Users/teoso/OneDrive/Documents/Tugas Kuliah/Template Math Depart/Kita Ikuyo Doodle/Kita Ikuyo Doodle-11.png Graphic file (type png)
<use C:/Users/teoso/OneDrive/Documents/Tugas Kuliah/Template Math Depart/Kita Ikuyo Doodle/Kita Ikuyo Doodle-11.png>
Package pdftex.def Info: C:/Users/teoso/OneDrive/Documents/Tugas Kuliah/Template Math Depart/Kita Ikuyo Doodle/Kita Ikuyo Doodle-11.png  used on input line 255.
(pdftex.def)             Requested size: 1284.79688pt x 937.50021pt.
 <C:/Users/teoso/OneDrive/Documents/Tugas Kuliah/Template Math Depart/Kita Ikuyo Doodle/Kita Ikuyo Doodle-11.png> <a0,fr11>
<C:/Users/teoso/OneDrive/Documents/Tugas Kuliah/Template Math Depart/Kita Ikuyo Doodle/Kita Ikuyo Doodle-12.png, id=91, 1284.8pt x 937.5025pt>
File: C:/Users/teoso/OneDrive/Documents/Tugas Kuliah/Template Math Depart/Kita Ikuyo Doodle/Kita Ikuyo Doodle-12.png Graphic file (type png)
<use C:/Users/teoso/OneDrive/Documents/Tugas Kuliah/Template Math Depart/Kita Ikuyo Doodle/Kita Ikuyo Doodle-12.png>
Package pdftex.def Info: C:/Users/teoso/OneDrive/Documents/Tugas Kuliah/Template Math Depart/Kita Ikuyo Doodle/Kita Ikuyo Doodle-12.png  used on input line 255.
(pdftex.def)             Requested size: 1284.79688pt x 937.50021pt.
 <C:/Users/teoso/OneDrive/Documents/Tugas Kuliah/Template Math Depart/Kita Ikuyo Doodle/Kita Ikuyo Doodle-12.png> <a0,fr12>
<C:/Users/teoso/OneDrive/Documents/Tugas Kuliah/Template Math Depart/Kita Ikuyo Doodle/Kita Ikuyo Doodle-13.png, id=95, 1284.8pt x 937.5025pt>
File: C:/Users/teoso/OneDrive/Documents/Tugas Kuliah/Template Math Depart/Kita Ikuyo Doodle/Kita Ikuyo Doodle-13.png Graphic file (type png)
<use C:/Users/teoso/OneDrive/Documents/Tugas Kuliah/Template Math Depart/Kita Ikuyo Doodle/Kita Ikuyo Doodle-13.png>
Package pdftex.def Info: C:/Users/teoso/OneDrive/Documents/Tugas Kuliah/Template Math Depart/Kita Ikuyo Doodle/Kita Ikuyo Doodle-13.png  used on input line 255.
(pdftex.def)             Requested size: 1284.79688pt x 937.50021pt.
 <C:/Users/teoso/OneDrive/Documents/Tugas Kuliah/Template Math Depart/Kita Ikuyo Doodle/Kita Ikuyo Doodle-13.png> <a0,fr13>
<C:/Users/teoso/OneDrive/Documents/Tugas Kuliah/Template Math Depart/Kita Ikuyo Doodle/Kita Ikuyo Doodle-14.png, id=99, 1284.8pt x 937.5025pt>
File: C:/Users/teoso/OneDrive/Documents/Tugas Kuliah/Template Math Depart/Kita Ikuyo Doodle/Kita Ikuyo Doodle-14.png Graphic file (type png)
<use C:/Users/teoso/OneDrive/Documents/Tugas Kuliah/Template Math Depart/Kita Ikuyo Doodle/Kita Ikuyo Doodle-14.png>
Package pdftex.def Info: C:/Users/teoso/OneDrive/Documents/Tugas Kuliah/Template Math Depart/Kita Ikuyo Doodle/Kita Ikuyo Doodle-14.png  used on input line 255.
(pdftex.def)             Requested size: 1284.79688pt x 937.50021pt.
 <C:/Users/teoso/OneDrive/Documents/Tugas Kuliah/Template Math Depart/Kita Ikuyo Doodle/Kita Ikuyo Doodle-14.png> <a0,fr14>
<C:/Users/teoso/OneDrive/Documents/Tugas Kuliah/Template Math Depart/Kita Ikuyo Doodle/Kita Ikuyo Doodle-15.png, id=103, 1284.8pt x 937.5025pt>
File: C:/Users/teoso/OneDrive/Documents/Tugas Kuliah/Template Math Depart/Kita Ikuyo Doodle/Kita Ikuyo Doodle-15.png Graphic file (type png)
<use C:/Users/teoso/OneDrive/Documents/Tugas Kuliah/Template Math Depart/Kita Ikuyo Doodle/Kita Ikuyo Doodle-15.png>
Package pdftex.def Info: C:/Users/teoso/OneDrive/Documents/Tugas Kuliah/Template Math Depart/Kita Ikuyo Doodle/Kita Ikuyo Doodle-15.png  used on input line 255.
(pdftex.def)             Requested size: 1284.79688pt x 937.50021pt.
 <C:/Users/teoso/OneDrive/Documents/Tugas Kuliah/Template Math Depart/Kita Ikuyo Doodle/Kita Ikuyo Doodle-15.png> <a0,fr15>
<C:/Users/teoso/OneDrive/Documents/Tugas Kuliah/Template Math Depart/Kita Ikuyo Doodle/Kita Ikuyo Doodle-16.png, id=107, 1284.8pt x 937.5025pt>
File: C:/Users/teoso/OneDrive/Documents/Tugas Kuliah/Template Math Depart/Kita Ikuyo Doodle/Kita Ikuyo Doodle-16.png Graphic file (type png)
<use C:/Users/teoso/OneDrive/Documents/Tugas Kuliah/Template Math Depart/Kita Ikuyo Doodle/Kita Ikuyo Doodle-16.png>
Package pdftex.def Info: C:/Users/teoso/OneDrive/Documents/Tugas Kuliah/Template Math Depart/Kita Ikuyo Doodle/Kita Ikuyo Doodle-16.png  used on input line 255.
(pdftex.def)             Requested size: 1284.79688pt x 937.50021pt.
 <C:/Users/teoso/OneDrive/Documents/Tugas Kuliah/Template Math Depart/Kita Ikuyo Doodle/Kita Ikuyo Doodle-16.png> <a0,fr16>
<C:/Users/teoso/OneDrive/Documents/Tugas Kuliah/Template Math Depart/Kita Ikuyo Doodle/Kita Ikuyo Doodle-17.png, id=111, 1284.8pt x 937.5025pt>
File: C:/Users/teoso/OneDrive/Documents/Tugas Kuliah/Template Math Depart/Kita Ikuyo Doodle/Kita Ikuyo Doodle-17.png Graphic file (type png)
<use C:/Users/teoso/OneDrive/Documents/Tugas Kuliah/Template Math Depart/Kita Ikuyo Doodle/Kita Ikuyo Doodle-17.png>
Package pdftex.def Info: C:/Users/teoso/OneDrive/Documents/Tugas Kuliah/Template Math Depart/Kita Ikuyo Doodle/Kita Ikuyo Doodle-17.png  used on input line 255.
(pdftex.def)             Requested size: 1284.79688pt x 937.50021pt.
 <C:/Users/teoso/OneDrive/Documents/Tugas Kuliah/Template Math Depart/Kita Ikuyo Doodle/Kita Ikuyo Doodle-17.png> <a0,fr17>
<C:/Users/teoso/OneDrive/Documents/Tugas Kuliah/Template Math Depart/Kita Ikuyo Doodle/Kita Ikuyo Doodle-18.png, id=115, 1284.8pt x 937.5025pt>
File: C:/Users/teoso/OneDrive/Documents/Tugas Kuliah/Template Math Depart/Kita Ikuyo Doodle/Kita Ikuyo Doodle-18.png Graphic file (type png)
<use C:/Users/teoso/OneDrive/Documents/Tugas Kuliah/Template Math Depart/Kita Ikuyo Doodle/Kita Ikuyo Doodle-18.png>
Package pdftex.def Info: C:/Users/teoso/OneDrive/Documents/Tugas Kuliah/Template Math Depart/Kita Ikuyo Doodle/Kita Ikuyo Doodle-18.png  used on input line 255.
(pdftex.def)             Requested size: 1284.79688pt x 937.50021pt.
 <C:/Users/teoso/OneDrive/Documents/Tugas Kuliah/Template Math Depart/Kita Ikuyo Doodle/Kita Ikuyo Doodle-18.png> <a0,fr18>
<C:/Users/teoso/OneDrive/Documents/Tugas Kuliah/Template Math Depart/Kita Ikuyo Doodle/Kita Ikuyo Doodle-19.png, id=119, 1284.8pt x 937.5025pt>
File: C:/Users/teoso/OneDrive/Documents/Tugas Kuliah/Template Math Depart/Kita Ikuyo Doodle/Kita Ikuyo Doodle-19.png Graphic file (type png)
<use C:/Users/teoso/OneDrive/Documents/Tugas Kuliah/Template Math Depart/Kita Ikuyo Doodle/Kita Ikuyo Doodle-19.png>
Package pdftex.def Info: C:/Users/teoso/OneDrive/Documents/Tugas Kuliah/Template Math Depart/Kita Ikuyo Doodle/Kita Ikuyo Doodle-19.png  used on input line 255.
(pdftex.def)             Requested size: 1284.79688pt x 937.50021pt.
 <C:/Users/teoso/OneDrive/Documents/Tugas Kuliah/Template Math Depart/Kita Ikuyo Doodle/Kita Ikuyo Doodle-19.png> <a0,fr19>
<C:/Users/teoso/OneDrive/Documents/Tugas Kuliah/Template Math Depart/Kita Ikuyo Doodle/Kita Ikuyo Doodle-20.png, id=123, 1284.8pt x 937.5025pt>
File: C:/Users/teoso/OneDrive/Documents/Tugas Kuliah/Template Math Depart/Kita Ikuyo Doodle/Kita Ikuyo Doodle-20.png Graphic file (type png)
<use C:/Users/teoso/OneDrive/Documents/Tugas Kuliah/Template Math Depart/Kita Ikuyo Doodle/Kita Ikuyo Doodle-20.png>
Package pdftex.def Info: C:/Users/teoso/OneDrive/Documents/Tugas Kuliah/Template Math Depart/Kita Ikuyo Doodle/Kita Ikuyo Doodle-20.png  used on input line 255.
(pdftex.def)             Requested size: 1284.79688pt x 937.50021pt.
 <C:/Users/teoso/OneDrive/Documents/Tugas Kuliah/Template Math Depart/Kita Ikuyo Doodle/Kita Ikuyo Doodle-20.png> <a0,fr20>
<C:/Users/teoso/OneDrive/Documents/Tugas Kuliah/Template Math Depart/Kita Ikuyo Doodle/Kita Ikuyo Doodle-21.png, id=127, 1284.8pt x 937.5025pt>
File: C:/Users/teoso/OneDrive/Documents/Tugas Kuliah/Template Math Depart/Kita Ikuyo Doodle/Kita Ikuyo Doodle-21.png Graphic file (type png)
<use C:/Users/teoso/OneDrive/Documents/Tugas Kuliah/Template Math Depart/Kita Ikuyo Doodle/Kita Ikuyo Doodle-21.png>
Package pdftex.def Info: C:/Users/teoso/OneDrive/Documents/Tugas Kuliah/Template Math Depart/Kita Ikuyo Doodle/Kita Ikuyo Doodle-21.png  used on input line 255.
(pdftex.def)             Requested size: 1284.79688pt x 937.50021pt.
 <C:/Users/teoso/OneDrive/Documents/Tugas Kuliah/Template Math Depart/Kita Ikuyo Doodle/Kita Ikuyo Doodle-21.png> <a0,fr21>
<C:/Users/teoso/OneDrive/Documents/Tugas Kuliah/Template Math Depart/Kita Ikuyo Doodle/Kita Ikuyo Doodle-22.png, id=131, 1284.8pt x 937.5025pt>
File: C:/Users/teoso/OneDrive/Documents/Tugas Kuliah/Template Math Depart/Kita Ikuyo Doodle/Kita Ikuyo Doodle-22.png Graphic file (type png)
<use C:/Users/teoso/OneDrive/Documents/Tugas Kuliah/Template Math Depart/Kita Ikuyo Doodle/Kita Ikuyo Doodle-22.png>
Package pdftex.def Info: C:/Users/teoso/OneDrive/Documents/Tugas Kuliah/Template Math Depart/Kita Ikuyo Doodle/Kita Ikuyo Doodle-22.png  used on input line 255.
(pdftex.def)             Requested size: 1284.79688pt x 937.50021pt.
 <C:/Users/teoso/OneDrive/Documents/Tugas Kuliah/Template Math Depart/Kita Ikuyo Doodle/Kita Ikuyo Doodle-22.png> <a0,fr22>
<C:/Users/teoso/OneDrive/Documents/Tugas Kuliah/Template Math Depart/Kita Ikuyo Doodle/Kita Ikuyo Doodle-23.png, id=135, 1284.8pt x 937.5025pt>
File: C:/Users/teoso/OneDrive/Documents/Tugas Kuliah/Template Math Depart/Kita Ikuyo Doodle/Kita Ikuyo Doodle-23.png Graphic file (type png)
<use C:/Users/teoso/OneDrive/Documents/Tugas Kuliah/Template Math Depart/Kita Ikuyo Doodle/Kita Ikuyo Doodle-23.png>
Package pdftex.def Info: C:/Users/teoso/OneDrive/Documents/Tugas Kuliah/Template Math Depart/Kita Ikuyo Doodle/Kita Ikuyo Doodle-23.png  used on input line 255.
(pdftex.def)             Requested size: 1284.79688pt x 937.50021pt.
 <C:/Users/teoso/OneDrive/Documents/Tugas Kuliah/Template Math Depart/Kita Ikuyo Doodle/Kita Ikuyo Doodle-23.png> <a0,fr23>
<C:/Users/teoso/OneDrive/Documents/Tugas Kuliah/Template Math Depart/Kita Ikuyo Doodle/Kita Ikuyo Doodle-24.png, id=139, 1284.8pt x 937.5025pt>
File: C:/Users/teoso/OneDrive/Documents/Tugas Kuliah/Template Math Depart/Kita Ikuyo Doodle/Kita Ikuyo Doodle-24.png Graphic file (type png)
<use C:/Users/teoso/OneDrive/Documents/Tugas Kuliah/Template Math Depart/Kita Ikuyo Doodle/Kita Ikuyo Doodle-24.png>
Package pdftex.def Info: C:/Users/teoso/OneDrive/Documents/Tugas Kuliah/Template Math Depart/Kita Ikuyo Doodle/Kita Ikuyo Doodle-24.png  used on input line 255.
(pdftex.def)             Requested size: 1284.79688pt x 937.50021pt.
 <C:/Users/teoso/OneDrive/Documents/Tugas Kuliah/Template Math Depart/Kita Ikuyo Doodle/Kita Ikuyo Doodle-24.png> <a0,fr24>
<C:/Users/teoso/OneDrive/Documents/Tugas Kuliah/Template Math Depart/Kita Ikuyo Doodle/Kita Ikuyo Doodle-25.png, id=143, 1284.8pt x 937.5025pt>
File: C:/Users/teoso/OneDrive/Documents/Tugas Kuliah/Template Math Depart/Kita Ikuyo Doodle/Kita Ikuyo Doodle-25.png Graphic file (type png)
<use C:/Users/teoso/OneDrive/Documents/Tugas Kuliah/Template Math Depart/Kita Ikuyo Doodle/Kita Ikuyo Doodle-25.png>
Package pdftex.def Info: C:/Users/teoso/OneDrive/Documents/Tugas Kuliah/Template Math Depart/Kita Ikuyo Doodle/Kita Ikuyo Doodle-25.png  used on input line 255.
(pdftex.def)             Requested size: 1284.79688pt x 937.50021pt.
 <C:/Users/teoso/OneDrive/Documents/Tugas Kuliah/Template Math Depart/Kita Ikuyo Doodle/Kita Ikuyo Doodle-25.png> <a0,fr25>
<C:/Users/teoso/OneDrive/Documents/Tugas Kuliah/Template Math Depart/Kita Ikuyo Doodle/Kita Ikuyo Doodle-26.png, id=147, 1284.8pt x 937.5025pt>
File: C:/Users/teoso/OneDrive/Documents/Tugas Kuliah/Template Math Depart/Kita Ikuyo Doodle/Kita Ikuyo Doodle-26.png Graphic file (type png)
<use C:/Users/teoso/OneDrive/Documents/Tugas Kuliah/Template Math Depart/Kita Ikuyo Doodle/Kita Ikuyo Doodle-26.png>
Package pdftex.def Info: C:/Users/teoso/OneDrive/Documents/Tugas Kuliah/Template Math Depart/Kita Ikuyo Doodle/Kita Ikuyo Doodle-26.png  used on input line 255.
(pdftex.def)             Requested size: 1284.79688pt x 937.50021pt.
 <C:/Users/teoso/OneDrive/Documents/Tugas Kuliah/Template Math Depart/Kita Ikuyo Doodle/Kita Ikuyo Doodle-26.png> <a0,fr26>
<C:/Users/teoso/OneDrive/Documents/Tugas Kuliah/Template Math Depart/Kita Ikuyo Doodle/Kita Ikuyo Doodle-27.png, id=151, 1284.8pt x 937.5025pt>
File: C:/Users/teoso/OneDrive/Documents/Tugas Kuliah/Template Math Depart/Kita Ikuyo Doodle/Kita Ikuyo Doodle-27.png Graphic file (type png)
<use C:/Users/teoso/OneDrive/Documents/Tugas Kuliah/Template Math Depart/Kita Ikuyo Doodle/Kita Ikuyo Doodle-27.png>
Package pdftex.def Info: C:/Users/teoso/OneDrive/Documents/Tugas Kuliah/Template Math Depart/Kita Ikuyo Doodle/Kita Ikuyo Doodle-27.png  used on input line 255.
(pdftex.def)             Requested size: 1284.79688pt x 937.50021pt.
 <C:/Users/teoso/OneDrive/Documents/Tugas Kuliah/Template Math Depart/Kita Ikuyo Doodle/Kita Ikuyo Doodle-27.png> <a0,fr27>
<C:/Users/teoso/OneDrive/Documents/Tugas Kuliah/Template Math Depart/Kita Ikuyo Doodle/Kita Ikuyo Doodle-28.png, id=155, 1284.8pt x 937.5025pt>
File: C:/Users/teoso/OneDrive/Documents/Tugas Kuliah/Template Math Depart/Kita Ikuyo Doodle/Kita Ikuyo Doodle-28.png Graphic file (type png)
<use C:/Users/teoso/OneDrive/Documents/Tugas Kuliah/Template Math Depart/Kita Ikuyo Doodle/Kita Ikuyo Doodle-28.png>
Package pdftex.def Info: C:/Users/teoso/OneDrive/Documents/Tugas Kuliah/Template Math Depart/Kita Ikuyo Doodle/Kita Ikuyo Doodle-28.png  used on input line 255.
(pdftex.def)             Requested size: 1284.79688pt x 937.50021pt.
 <C:/Users/teoso/OneDrive/Documents/Tugas Kuliah/Template Math Depart/Kita Ikuyo Doodle/Kita Ikuyo Doodle-28.png> <a0,fr28>
<C:/Users/teoso/OneDrive/Documents/Tugas Kuliah/Template Math Depart/Kita Ikuyo Doodle/Kita Ikuyo Doodle-29.png, id=159, 1284.8pt x 937.5025pt>
File: C:/Users/teoso/OneDrive/Documents/Tugas Kuliah/Template Math Depart/Kita Ikuyo Doodle/Kita Ikuyo Doodle-29.png Graphic file (type png)
<use C:/Users/teoso/OneDrive/Documents/Tugas Kuliah/Template Math Depart/Kita Ikuyo Doodle/Kita Ikuyo Doodle-29.png>
Package pdftex.def Info: C:/Users/teoso/OneDrive/Documents/Tugas Kuliah/Template Math Depart/Kita Ikuyo Doodle/Kita Ikuyo Doodle-29.png  used on input line 255.
(pdftex.def)             Requested size: 1284.79688pt x 937.50021pt.
 <C:/Users/teoso/OneDrive/Documents/Tugas Kuliah/Template Math Depart/Kita Ikuyo Doodle/Kita Ikuyo Doodle-29.png> <a0,fr29>
<C:/Users/teoso/OneDrive/Documents/Tugas Kuliah/Template Math Depart/Kita Ikuyo Doodle/Kita Ikuyo Doodle-30.png, id=163, 1284.8pt x 937.5025pt>
File: C:/Users/teoso/OneDrive/Documents/Tugas Kuliah/Template Math Depart/Kita Ikuyo Doodle/Kita Ikuyo Doodle-30.png Graphic file (type png)
<use C:/Users/teoso/OneDrive/Documents/Tugas Kuliah/Template Math Depart/Kita Ikuyo Doodle/Kita Ikuyo Doodle-30.png>
Package pdftex.def Info: C:/Users/teoso/OneDrive/Documents/Tugas Kuliah/Template Math Depart/Kita Ikuyo Doodle/Kita Ikuyo Doodle-30.png  used on input line 255.
(pdftex.def)             Requested size: 1284.79688pt x 937.50021pt.
 <C:/Users/teoso/OneDrive/Documents/Tugas Kuliah/Template Math Depart/Kita Ikuyo Doodle/Kita Ikuyo Doodle-30.png> <a0,fr30>
<C:/Users/teoso/OneDrive/Documents/Tugas Kuliah/Template Math Depart/Kita Ikuyo Doodle/Kita Ikuyo Doodle-31.png, id=167, 1284.8pt x 937.5025pt>
File: C:/Users/teoso/OneDrive/Documents/Tugas Kuliah/Template Math Depart/Kita Ikuyo Doodle/Kita Ikuyo Doodle-31.png Graphic file (type png)
<use C:/Users/teoso/OneDrive/Documents/Tugas Kuliah/Template Math Depart/Kita Ikuyo Doodle/Kita Ikuyo Doodle-31.png>
Package pdftex.def Info: C:/Users/teoso/OneDrive/Documents/Tugas Kuliah/Template Math Depart/Kita Ikuyo Doodle/Kita Ikuyo Doodle-31.png  used on input line 255.
(pdftex.def)             Requested size: 1284.79688pt x 937.50021pt.
 <C:/Users/teoso/OneDrive/Documents/Tugas Kuliah/Template Math Depart/Kita Ikuyo Doodle/Kita Ikuyo Doodle-31.png> <a0,fr31>
<C:/Users/teoso/OneDrive/Documents/Tugas Kuliah/Template Math Depart/Kita Ikuyo Doodle/Kita Ikuyo Doodle-32.png, id=171, 1284.8pt x 937.5025pt>
File: C:/Users/teoso/OneDrive/Documents/Tugas Kuliah/Template Math Depart/Kita Ikuyo Doodle/Kita Ikuyo Doodle-32.png Graphic file (type png)
<use C:/Users/teoso/OneDrive/Documents/Tugas Kuliah/Template Math Depart/Kita Ikuyo Doodle/Kita Ikuyo Doodle-32.png>
Package pdftex.def Info: C:/Users/teoso/OneDrive/Documents/Tugas Kuliah/Template Math Depart/Kita Ikuyo Doodle/Kita Ikuyo Doodle-32.png  used on input line 255.
(pdftex.def)             Requested size: 1284.79688pt x 937.50021pt.
 <C:/Users/teoso/OneDrive/Documents/Tugas Kuliah/Template Math Depart/Kita Ikuyo Doodle/Kita Ikuyo Doodle-32.png> <a0,fr32>
<C:/Users/teoso/OneDrive/Documents/Tugas Kuliah/Template Math Depart/Kita Ikuyo Doodle/Kita Ikuyo Doodle-33.png, id=175, 1284.8pt x 937.5025pt>
File: C:/Users/teoso/OneDrive/Documents/Tugas Kuliah/Template Math Depart/Kita Ikuyo Doodle/Kita Ikuyo Doodle-33.png Graphic file (type png)
<use C:/Users/teoso/OneDrive/Documents/Tugas Kuliah/Template Math Depart/Kita Ikuyo Doodle/Kita Ikuyo Doodle-33.png>
Package pdftex.def Info: C:/Users/teoso/OneDrive/Documents/Tugas Kuliah/Template Math Depart/Kita Ikuyo Doodle/Kita Ikuyo Doodle-33.png  used on input line 255.
(pdftex.def)             Requested size: 1284.79688pt x 937.50021pt.
 <C:/Users/teoso/OneDrive/Documents/Tugas Kuliah/Template Math Depart/Kita Ikuyo Doodle/Kita Ikuyo Doodle-33.png> <a0,fr33>
<C:/Users/teoso/OneDrive/Documents/Tugas Kuliah/Template Math Depart/Kita Ikuyo Doodle/Kita Ikuyo Doodle-34.png, id=179, 1284.8pt x 937.5025pt>
File: C:/Users/teoso/OneDrive/Documents/Tugas Kuliah/Template Math Depart/Kita Ikuyo Doodle/Kita Ikuyo Doodle-34.png Graphic file (type png)
<use C:/Users/teoso/OneDrive/Documents/Tugas Kuliah/Template Math Depart/Kita Ikuyo Doodle/Kita Ikuyo Doodle-34.png>
Package pdftex.def Info: C:/Users/teoso/OneDrive/Documents/Tugas Kuliah/Template Math Depart/Kita Ikuyo Doodle/Kita Ikuyo Doodle-34.png  used on input line 255.
(pdftex.def)             Requested size: 1284.79688pt x 937.50021pt.
 <C:/Users/teoso/OneDrive/Documents/Tugas Kuliah/Template Math Depart/Kita Ikuyo Doodle/Kita Ikuyo Doodle-34.png> <a0,fr34>
<C:/Users/teoso/OneDrive/Documents/Tugas Kuliah/Template Math Depart/Kita Ikuyo Doodle/Kita Ikuyo Doodle-35.png, id=183, 1284.8pt x 937.5025pt>
File: C:/Users/teoso/OneDrive/Documents/Tugas Kuliah/Template Math Depart/Kita Ikuyo Doodle/Kita Ikuyo Doodle-35.png Graphic file (type png)
<use C:/Users/teoso/OneDrive/Documents/Tugas Kuliah/Template Math Depart/Kita Ikuyo Doodle/Kita Ikuyo Doodle-35.png>
Package pdftex.def Info: C:/Users/teoso/OneDrive/Documents/Tugas Kuliah/Template Math Depart/Kita Ikuyo Doodle/Kita Ikuyo Doodle-35.png  used on input line 255.
(pdftex.def)             Requested size: 1284.79688pt x 937.50021pt.
 <C:/Users/teoso/OneDrive/Documents/Tugas Kuliah/Template Math Depart/Kita Ikuyo Doodle/Kita Ikuyo Doodle-35.png> <a0,fr35>
<C:/Users/teoso/OneDrive/Documents/Tugas Kuliah/Template Math Depart/Kita Ikuyo Doodle/Kita Ikuyo Doodle-36.png, id=187, 1284.8pt x 937.5025pt>
File: C:/Users/teoso/OneDrive/Documents/Tugas Kuliah/Template Math Depart/Kita Ikuyo Doodle/Kita Ikuyo Doodle-36.png Graphic file (type png)
<use C:/Users/teoso/OneDrive/Documents/Tugas Kuliah/Template Math Depart/Kita Ikuyo Doodle/Kita Ikuyo Doodle-36.png>
Package pdftex.def Info: C:/Users/teoso/OneDrive/Documents/Tugas Kuliah/Template Math Depart/Kita Ikuyo Doodle/Kita Ikuyo Doodle-36.png  used on input line 255.
(pdftex.def)             Requested size: 1284.79688pt x 937.50021pt.
 <C:/Users/teoso/OneDrive/Documents/Tugas Kuliah/Template Math Depart/Kita Ikuyo Doodle/Kita Ikuyo Doodle-36.png> <a0,fr36>
<C:/Users/teoso/OneDrive/Documents/Tugas Kuliah/Template Math Depart/Kita Ikuyo Doodle/Kita Ikuyo Doodle-37.png, id=191, 1284.8pt x 937.5025pt>
File: C:/Users/teoso/OneDrive/Documents/Tugas Kuliah/Template Math Depart/Kita Ikuyo Doodle/Kita Ikuyo Doodle-37.png Graphic file (type png)
<use C:/Users/teoso/OneDrive/Documents/Tugas Kuliah/Template Math Depart/Kita Ikuyo Doodle/Kita Ikuyo Doodle-37.png>
Package pdftex.def Info: C:/Users/teoso/OneDrive/Documents/Tugas Kuliah/Template Math Depart/Kita Ikuyo Doodle/Kita Ikuyo Doodle-37.png  used on input line 255.
(pdftex.def)             Requested size: 1284.79688pt x 937.50021pt.
 <C:/Users/teoso/OneDrive/Documents/Tugas Kuliah/Template Math Depart/Kita Ikuyo Doodle/Kita Ikuyo Doodle-37.png> <a0,fr37>
<C:/Users/teoso/OneDrive/Documents/Tugas Kuliah/Template Math Depart/Kita Ikuyo Doodle/Kita Ikuyo Doodle-38.png, id=195, 1284.8pt x 937.5025pt>
File: C:/Users/teoso/OneDrive/Documents/Tugas Kuliah/Template Math Depart/Kita Ikuyo Doodle/Kita Ikuyo Doodle-38.png Graphic file (type png)
<use C:/Users/teoso/OneDrive/Documents/Tugas Kuliah/Template Math Depart/Kita Ikuyo Doodle/Kita Ikuyo Doodle-38.png>
Package pdftex.def Info: C:/Users/teoso/OneDrive/Documents/Tugas Kuliah/Template Math Depart/Kita Ikuyo Doodle/Kita Ikuyo Doodle-38.png  used on input line 255.
(pdftex.def)             Requested size: 1284.79688pt x 937.50021pt.
 <C:/Users/teoso/OneDrive/Documents/Tugas Kuliah/Template Math Depart/Kita Ikuyo Doodle/Kita Ikuyo Doodle-38.png> <a0,fr38>
<C:/Users/teoso/OneDrive/Documents/Tugas Kuliah/Template Math Depart/Kita Ikuyo Doodle/Kita Ikuyo Doodle-39.png, id=199, 1284.8pt x 937.5025pt>
File: C:/Users/teoso/OneDrive/Documents/Tugas Kuliah/Template Math Depart/Kita Ikuyo Doodle/Kita Ikuyo Doodle-39.png Graphic file (type png)
<use C:/Users/teoso/OneDrive/Documents/Tugas Kuliah/Template Math Depart/Kita Ikuyo Doodle/Kita Ikuyo Doodle-39.png>
Package pdftex.def Info: C:/Users/teoso/OneDrive/Documents/Tugas Kuliah/Template Math Depart/Kita Ikuyo Doodle/Kita Ikuyo Doodle-39.png  used on input line 255.
(pdftex.def)             Requested size: 1284.79688pt x 937.50021pt.
 <C:/Users/teoso/OneDrive/Documents/Tugas Kuliah/Template Math Depart/Kita Ikuyo Doodle/Kita Ikuyo Doodle-39.png> <a0,fr39>
<C:/Users/teoso/OneDrive/Documents/Tugas Kuliah/Template Math Depart/Kita Ikuyo Doodle/Kita Ikuyo Doodle-40.png, id=203, 1284.8pt x 937.5025pt>
File: C:/Users/teoso/OneDrive/Documents/Tugas Kuliah/Template Math Depart/Kita Ikuyo Doodle/Kita Ikuyo Doodle-40.png Graphic file (type png)
<use C:/Users/teoso/OneDrive/Documents/Tugas Kuliah/Template Math Depart/Kita Ikuyo Doodle/Kita Ikuyo Doodle-40.png>
Package pdftex.def Info: C:/Users/teoso/OneDrive/Documents/Tugas Kuliah/Template Math Depart/Kita Ikuyo Doodle/Kita Ikuyo Doodle-40.png  used on input line 255.
(pdftex.def)             Requested size: 1284.79688pt x 937.50021pt.
 <C:/Users/teoso/OneDrive/Documents/Tugas Kuliah/Template Math Depart/Kita Ikuyo Doodle/Kita Ikuyo Doodle-40.png> <a0,fr40>
<C:/Users/teoso/OneDrive/Documents/Tugas Kuliah/Template Math Depart/Kita Ikuyo Doodle/Kita Ikuyo Doodle-41.png, id=207, 1284.8pt x 937.5025pt>
File: C:/Users/teoso/OneDrive/Documents/Tugas Kuliah/Template Math Depart/Kita Ikuyo Doodle/Kita Ikuyo Doodle-41.png Graphic file (type png)
<use C:/Users/teoso/OneDrive/Documents/Tugas Kuliah/Template Math Depart/Kita Ikuyo Doodle/Kita Ikuyo Doodle-41.png>
Package pdftex.def Info: C:/Users/teoso/OneDrive/Documents/Tugas Kuliah/Template Math Depart/Kita Ikuyo Doodle/Kita Ikuyo Doodle-41.png  used on input line 255.
(pdftex.def)             Requested size: 1284.79688pt x 937.50021pt.
 <C:/Users/teoso/OneDrive/Documents/Tugas Kuliah/Template Math Depart/Kita Ikuyo Doodle/Kita Ikuyo Doodle-41.png> <a0,fr41>
<C:/Users/teoso/OneDrive/Documents/Tugas Kuliah/Template Math Depart/Kita Ikuyo Doodle/Kita Ikuyo Doodle-42.png, id=211, 1284.8pt x 937.5025pt>
File: C:/Users/teoso/OneDrive/Documents/Tugas Kuliah/Template Math Depart/Kita Ikuyo Doodle/Kita Ikuyo Doodle-42.png Graphic file (type png)
<use C:/Users/teoso/OneDrive/Documents/Tugas Kuliah/Template Math Depart/Kita Ikuyo Doodle/Kita Ikuyo Doodle-42.png>
Package pdftex.def Info: C:/Users/teoso/OneDrive/Documents/Tugas Kuliah/Template Math Depart/Kita Ikuyo Doodle/Kita Ikuyo Doodle-42.png  used on input line 255.
(pdftex.def)             Requested size: 1284.79688pt x 937.50021pt.
 <C:/Users/teoso/OneDrive/Documents/Tugas Kuliah/Template Math Depart/Kita Ikuyo Doodle/Kita Ikuyo Doodle-42.png> <a0,fr42>
<C:/Users/teoso/OneDrive/Documents/Tugas Kuliah/Template Math Depart/Kita Ikuyo Doodle/Kita Ikuyo Doodle-43.png, id=215, 1284.8pt x 937.5025pt>
File: C:/Users/teoso/OneDrive/Documents/Tugas Kuliah/Template Math Depart/Kita Ikuyo Doodle/Kita Ikuyo Doodle-43.png Graphic file (type png)
<use C:/Users/teoso/OneDrive/Documents/Tugas Kuliah/Template Math Depart/Kita Ikuyo Doodle/Kita Ikuyo Doodle-43.png>
Package pdftex.def Info: C:/Users/teoso/OneDrive/Documents/Tugas Kuliah/Template Math Depart/Kita Ikuyo Doodle/Kita Ikuyo Doodle-43.png  used on input line 255.
(pdftex.def)             Requested size: 1284.79688pt x 937.50021pt.
 <C:/Users/teoso/OneDrive/Documents/Tugas Kuliah/Template Math Depart/Kita Ikuyo Doodle/Kita Ikuyo Doodle-43.png> <a0,fr43>
<C:/Users/teoso/OneDrive/Documents/Tugas Kuliah/Template Math Depart/Kita Ikuyo Doodle/Kita Ikuyo Doodle-44.png, id=219, 1284.8pt x 937.5025pt>
File: C:/Users/teoso/OneDrive/Documents/Tugas Kuliah/Template Math Depart/Kita Ikuyo Doodle/Kita Ikuyo Doodle-44.png Graphic file (type png)
<use C:/Users/teoso/OneDrive/Documents/Tugas Kuliah/Template Math Depart/Kita Ikuyo Doodle/Kita Ikuyo Doodle-44.png>
Package pdftex.def Info: C:/Users/teoso/OneDrive/Documents/Tugas Kuliah/Template Math Depart/Kita Ikuyo Doodle/Kita Ikuyo Doodle-44.png  used on input line 255.
(pdftex.def)             Requested size: 1284.79688pt x 937.50021pt.
 <C:/Users/teoso/OneDrive/Documents/Tugas Kuliah/Template Math Depart/Kita Ikuyo Doodle/Kita Ikuyo Doodle-44.png> <a0,fr44>
<C:/Users/teoso/OneDrive/Documents/Tugas Kuliah/Template Math Depart/Kita Ikuyo Doodle/Kita Ikuyo Doodle-45.png, id=223, 1284.8pt x 937.5025pt>
File: C:/Users/teoso/OneDrive/Documents/Tugas Kuliah/Template Math Depart/Kita Ikuyo Doodle/Kita Ikuyo Doodle-45.png Graphic file (type png)
<use C:/Users/teoso/OneDrive/Documents/Tugas Kuliah/Template Math Depart/Kita Ikuyo Doodle/Kita Ikuyo Doodle-45.png>
Package pdftex.def Info: C:/Users/teoso/OneDrive/Documents/Tugas Kuliah/Template Math Depart/Kita Ikuyo Doodle/Kita Ikuyo Doodle-45.png  used on input line 255.
(pdftex.def)             Requested size: 1284.79688pt x 937.50021pt.
 <C:/Users/teoso/OneDrive/Documents/Tugas Kuliah/Template Math Depart/Kita Ikuyo Doodle/Kita Ikuyo Doodle-45.png> <a0,fr45>
<C:/Users/teoso/OneDrive/Documents/Tugas Kuliah/Template Math Depart/Kita Ikuyo Doodle/Kita Ikuyo Doodle-46.png, id=227, 1284.8pt x 937.5025pt>
File: C:/Users/teoso/OneDrive/Documents/Tugas Kuliah/Template Math Depart/Kita Ikuyo Doodle/Kita Ikuyo Doodle-46.png Graphic file (type png)
<use C:/Users/teoso/OneDrive/Documents/Tugas Kuliah/Template Math Depart/Kita Ikuyo Doodle/Kita Ikuyo Doodle-46.png>
Package pdftex.def Info: C:/Users/teoso/OneDrive/Documents/Tugas Kuliah/Template Math Depart/Kita Ikuyo Doodle/Kita Ikuyo Doodle-46.png  used on input line 255.
(pdftex.def)             Requested size: 1284.79688pt x 937.50021pt.
 <C:/Users/teoso/OneDrive/Documents/Tugas Kuliah/Template Math Depart/Kita Ikuyo Doodle/Kita Ikuyo Doodle-46.png> <a0,fr46>
<C:/Users/teoso/OneDrive/Documents/Tugas Kuliah/Template Math Depart/Kita Ikuyo Doodle/Kita Ikuyo Doodle-47.png, id=231, 1284.8pt x 937.5025pt>
File: C:/Users/teoso/OneDrive/Documents/Tugas Kuliah/Template Math Depart/Kita Ikuyo Doodle/Kita Ikuyo Doodle-47.png Graphic file (type png)
<use C:/Users/teoso/OneDrive/Documents/Tugas Kuliah/Template Math Depart/Kita Ikuyo Doodle/Kita Ikuyo Doodle-47.png>
Package pdftex.def Info: C:/Users/teoso/OneDrive/Documents/Tugas Kuliah/Template Math Depart/Kita Ikuyo Doodle/Kita Ikuyo Doodle-47.png  used on input line 255.
(pdftex.def)             Requested size: 1284.79688pt x 937.50021pt.
 <C:/Users/teoso/OneDrive/Documents/Tugas Kuliah/Template Math Depart/Kita Ikuyo Doodle/Kita Ikuyo Doodle-47.png> <a0,fr47>
<C:/Users/teoso/OneDrive/Documents/Tugas Kuliah/Template Math Depart/Kita Ikuyo Doodle/Kita Ikuyo Doodle-48.png, id=235, 1284.8pt x 937.5025pt>
File: C:/Users/teoso/OneDrive/Documents/Tugas Kuliah/Template Math Depart/Kita Ikuyo Doodle/Kita Ikuyo Doodle-48.png Graphic file (type png)
<use C:/Users/teoso/OneDrive/Documents/Tugas Kuliah/Template Math Depart/Kita Ikuyo Doodle/Kita Ikuyo Doodle-48.png>
Package pdftex.def Info: C:/Users/teoso/OneDrive/Documents/Tugas Kuliah/Template Math Depart/Kita Ikuyo Doodle/Kita Ikuyo Doodle-48.png  used on input line 255.
(pdftex.def)             Requested size: 1284.79688pt x 937.50021pt.
 <C:/Users/teoso/OneDrive/Documents/Tugas Kuliah/Template Math Depart/Kita Ikuyo Doodle/Kita Ikuyo Doodle-48.png> <a0,fr48>
<C:/Users/teoso/OneDrive/Documents/Tugas Kuliah/Template Math Depart/Kita Ikuyo Doodle/Kita Ikuyo Doodle-49.png, id=239, 1284.8pt x 937.5025pt>
File: C:/Users/teoso/OneDrive/Documents/Tugas Kuliah/Template Math Depart/Kita Ikuyo Doodle/Kita Ikuyo Doodle-49.png Graphic file (type png)
<use C:/Users/teoso/OneDrive/Documents/Tugas Kuliah/Template Math Depart/Kita Ikuyo Doodle/Kita Ikuyo Doodle-49.png>
Package pdftex.def Info: C:/Users/teoso/OneDrive/Documents/Tugas Kuliah/Template Math Depart/Kita Ikuyo Doodle/Kita Ikuyo Doodle-49.png  used on input line 255.
(pdftex.def)             Requested size: 1284.79688pt x 937.50021pt.
 <C:/Users/teoso/OneDrive/Documents/Tugas Kuliah/Template Math Depart/Kita Ikuyo Doodle/Kita Ikuyo Doodle-49.png> <a0,fr49>
<C:/Users/teoso/OneDrive/Documents/Tugas Kuliah/Template Math Depart/Kita Ikuyo Doodle/Kita Ikuyo Doodle-50.png, id=243, 1284.8pt x 937.5025pt>
File: C:/Users/teoso/OneDrive/Documents/Tugas Kuliah/Template Math Depart/Kita Ikuyo Doodle/Kita Ikuyo Doodle-50.png Graphic file (type png)
<use C:/Users/teoso/OneDrive/Documents/Tugas Kuliah/Template Math Depart/Kita Ikuyo Doodle/Kita Ikuyo Doodle-50.png>
Package pdftex.def Info: C:/Users/teoso/OneDrive/Documents/Tugas Kuliah/Template Math Depart/Kita Ikuyo Doodle/Kita Ikuyo Doodle-50.png  used on input line 255.
(pdftex.def)             Requested size: 1284.79688pt x 937.50021pt.
 <C:/Users/teoso/OneDrive/Documents/Tugas Kuliah/Template Math Depart/Kita Ikuyo Doodle/Kita Ikuyo Doodle-50.png> <a0,fr50>
<C:/Users/teoso/OneDrive/Documents/Tugas Kuliah/Template Math Depart/Kita Ikuyo Doodle/Kita Ikuyo Doodle-51.png, id=247, 1284.8pt x 937.5025pt>
File: C:/Users/teoso/OneDrive/Documents/Tugas Kuliah/Template Math Depart/Kita Ikuyo Doodle/Kita Ikuyo Doodle-51.png Graphic file (type png)
<use C:/Users/teoso/OneDrive/Documents/Tugas Kuliah/Template Math Depart/Kita Ikuyo Doodle/Kita Ikuyo Doodle-51.png>
Package pdftex.def Info: C:/Users/teoso/OneDrive/Documents/Tugas Kuliah/Template Math Depart/Kita Ikuyo Doodle/Kita Ikuyo Doodle-51.png  used on input line 255.
(pdftex.def)             Requested size: 1284.79688pt x 937.50021pt.
 <C:/Users/teoso/OneDrive/Documents/Tugas Kuliah/Template Math Depart/Kita Ikuyo Doodle/Kita Ikuyo Doodle-51.png> <a0,fr51>
<C:/Users/teoso/OneDrive/Documents/Tugas Kuliah/Template Math Depart/Kita Ikuyo Doodle/Kita Ikuyo Doodle-52.png, id=251, 1284.8pt x 937.5025pt>
File: C:/Users/teoso/OneDrive/Documents/Tugas Kuliah/Template Math Depart/Kita Ikuyo Doodle/Kita Ikuyo Doodle-52.png Graphic file (type png)
<use C:/Users/teoso/OneDrive/Documents/Tugas Kuliah/Template Math Depart/Kita Ikuyo Doodle/Kita Ikuyo Doodle-52.png>
Package pdftex.def Info: C:/Users/teoso/OneDrive/Documents/Tugas Kuliah/Template Math Depart/Kita Ikuyo Doodle/Kita Ikuyo Doodle-52.png  used on input line 255.
(pdftex.def)             Requested size: 1284.79688pt x 937.50021pt.
 <C:/Users/teoso/OneDrive/Documents/Tugas Kuliah/Template Math Depart/Kita Ikuyo Doodle/Kita Ikuyo Doodle-52.png> <a0,fr52>
<C:/Users/teoso/OneDrive/Documents/Tugas Kuliah/Template Math Depart/Kita Ikuyo Doodle/Kita Ikuyo Doodle-53.png, id=255, 1284.8pt x 937.5025pt>
File: C:/Users/teoso/OneDrive/Documents/Tugas Kuliah/Template Math Depart/Kita Ikuyo Doodle/Kita Ikuyo Doodle-53.png Graphic file (type png)
<use C:/Users/teoso/OneDrive/Documents/Tugas Kuliah/Template Math Depart/Kita Ikuyo Doodle/Kita Ikuyo Doodle-53.png>
Package pdftex.def Info: C:/Users/teoso/OneDrive/Documents/Tugas Kuliah/Template Math Depart/Kita Ikuyo Doodle/Kita Ikuyo Doodle-53.png  used on input line 255.
(pdftex.def)             Requested size: 1284.79688pt x 937.50021pt.
 <C:/Users/teoso/OneDrive/Documents/Tugas Kuliah/Template Math Depart/Kita Ikuyo Doodle/Kita Ikuyo Doodle-53.png> <a0,fr53>
<C:/Users/teoso/OneDrive/Documents/Tugas Kuliah/Template Math Depart/Kita Ikuyo Doodle/Kita Ikuyo Doodle-54.png, id=259, 1284.8pt x 937.5025pt>
File: C:/Users/teoso/OneDrive/Documents/Tugas Kuliah/Template Math Depart/Kita Ikuyo Doodle/Kita Ikuyo Doodle-54.png Graphic file (type png)
<use C:/Users/teoso/OneDrive/Documents/Tugas Kuliah/Template Math Depart/Kita Ikuyo Doodle/Kita Ikuyo Doodle-54.png>
Package pdftex.def Info: C:/Users/teoso/OneDrive/Documents/Tugas Kuliah/Template Math Depart/Kita Ikuyo Doodle/Kita Ikuyo Doodle-54.png  used on input line 255.
(pdftex.def)             Requested size: 1284.79688pt x 937.50021pt.
 <C:/Users/teoso/OneDrive/Documents/Tugas Kuliah/Template Math Depart/Kita Ikuyo Doodle/Kita Ikuyo Doodle-54.png> <a0,fr54>
<C:/Users/teoso/OneDrive/Documents/Tugas Kuliah/Template Math Depart/Kita Ikuyo Doodle/Kita Ikuyo Doodle-55.png, id=263, 1284.8pt x 937.5025pt>
File: C:/Users/teoso/OneDrive/Documents/Tugas Kuliah/Template Math Depart/Kita Ikuyo Doodle/Kita Ikuyo Doodle-55.png Graphic file (type png)
<use C:/Users/teoso/OneDrive/Documents/Tugas Kuliah/Template Math Depart/Kita Ikuyo Doodle/Kita Ikuyo Doodle-55.png>
Package pdftex.def Info: C:/Users/teoso/OneDrive/Documents/Tugas Kuliah/Template Math Depart/Kita Ikuyo Doodle/Kita Ikuyo Doodle-55.png  used on input line 255.
(pdftex.def)             Requested size: 1284.79688pt x 937.50021pt.
 <C:/Users/teoso/OneDrive/Documents/Tugas Kuliah/Template Math Depart/Kita Ikuyo Doodle/Kita Ikuyo Doodle-55.png> <a0,fr55>
<C:/Users/teoso/OneDrive/Documents/Tugas Kuliah/Template Math Depart/Kita Ikuyo Doodle/Kita Ikuyo Doodle-56.png, id=267, 1284.8pt x 937.5025pt>
File: C:/Users/teoso/OneDrive/Documents/Tugas Kuliah/Template Math Depart/Kita Ikuyo Doodle/Kita Ikuyo Doodle-56.png Graphic file (type png)
<use C:/Users/teoso/OneDrive/Documents/Tugas Kuliah/Template Math Depart/Kita Ikuyo Doodle/Kita Ikuyo Doodle-56.png>
Package pdftex.def Info: C:/Users/teoso/OneDrive/Documents/Tugas Kuliah/Template Math Depart/Kita Ikuyo Doodle/Kita Ikuyo Doodle-56.png  used on input line 255.
(pdftex.def)             Requested size: 1284.79688pt x 937.50021pt.
 <C:/Users/teoso/OneDrive/Documents/Tugas Kuliah/Template Math Depart/Kita Ikuyo Doodle/Kita Ikuyo Doodle-56.png> <a0,fr56>
<C:/Users/teoso/OneDrive/Documents/Tugas Kuliah/Template Math Depart/Kita Ikuyo Doodle/Kita Ikuyo Doodle-57.png, id=271, 1284.8pt x 937.5025pt>
File: C:/Users/teoso/OneDrive/Documents/Tugas Kuliah/Template Math Depart/Kita Ikuyo Doodle/Kita Ikuyo Doodle-57.png Graphic file (type png)
<use C:/Users/teoso/OneDrive/Documents/Tugas Kuliah/Template Math Depart/Kita Ikuyo Doodle/Kita Ikuyo Doodle-57.png>
Package pdftex.def Info: C:/Users/teoso/OneDrive/Documents/Tugas Kuliah/Template Math Depart/Kita Ikuyo Doodle/Kita Ikuyo Doodle-57.png  used on input line 255.
(pdftex.def)             Requested size: 1284.79688pt x 937.50021pt.
 <C:/Users/teoso/OneDrive/Documents/Tugas Kuliah/Template Math Depart/Kita Ikuyo Doodle/Kita Ikuyo Doodle-57.png> <a0,fr57>
<C:/Users/teoso/OneDrive/Documents/Tugas Kuliah/Template Math Depart/Kita Ikuyo Doodle/Kita Ikuyo Doodle-58.png, id=275, 1284.8pt x 937.5025pt>
File: C:/Users/teoso/OneDrive/Documents/Tugas Kuliah/Template Math Depart/Kita Ikuyo Doodle/Kita Ikuyo Doodle-58.png Graphic file (type png)
<use C:/Users/teoso/OneDrive/Documents/Tugas Kuliah/Template Math Depart/Kita Ikuyo Doodle/Kita Ikuyo Doodle-58.png>
Package pdftex.def Info: C:/Users/teoso/OneDrive/Documents/Tugas Kuliah/Template Math Depart/Kita Ikuyo Doodle/Kita Ikuyo Doodle-58.png  used on input line 255.
(pdftex.def)             Requested size: 1284.79688pt x 937.50021pt.
 <C:/Users/teoso/OneDrive/Documents/Tugas Kuliah/Template Math Depart/Kita Ikuyo Doodle/Kita Ikuyo Doodle-58.png> <a0,fr58>
<C:/Users/teoso/OneDrive/Documents/Tugas Kuliah/Template Math Depart/Kita Ikuyo Doodle/Kita Ikuyo Doodle-59.png, id=279, 1284.8pt x 937.5025pt>
File: C:/Users/teoso/OneDrive/Documents/Tugas Kuliah/Template Math Depart/Kita Ikuyo Doodle/Kita Ikuyo Doodle-59.png Graphic file (type png)
<use C:/Users/teoso/OneDrive/Documents/Tugas Kuliah/Template Math Depart/Kita Ikuyo Doodle/Kita Ikuyo Doodle-59.png>
Package pdftex.def Info: C:/Users/teoso/OneDrive/Documents/Tugas Kuliah/Template Math Depart/Kita Ikuyo Doodle/Kita Ikuyo Doodle-59.png  used on input line 255.
(pdftex.def)             Requested size: 1284.79688pt x 937.50021pt.
 <C:/Users/teoso/OneDrive/Documents/Tugas Kuliah/Template Math Depart/Kita Ikuyo Doodle/Kita Ikuyo Doodle-59.png> <a0,fr59>
<C:/Users/teoso/OneDrive/Documents/Tugas Kuliah/Template Math Depart/Kita Ikuyo Doodle/Kita Ikuyo Doodle-60.png, id=283, 1284.8pt x 937.5025pt>
File: C:/Users/teoso/OneDrive/Documents/Tugas Kuliah/Template Math Depart/Kita Ikuyo Doodle/Kita Ikuyo Doodle-60.png Graphic file (type png)
<use C:/Users/teoso/OneDrive/Documents/Tugas Kuliah/Template Math Depart/Kita Ikuyo Doodle/Kita Ikuyo Doodle-60.png>
Package pdftex.def Info: C:/Users/teoso/OneDrive/Documents/Tugas Kuliah/Template Math Depart/Kita Ikuyo Doodle/Kita Ikuyo Doodle-60.png  used on input line 255.
(pdftex.def)             Requested size: 1284.79688pt x 937.50021pt.
 <C:/Users/teoso/OneDrive/Documents/Tugas Kuliah/Template Math Depart/Kita Ikuyo Doodle/Kita Ikuyo Doodle-60.png> <a0,fr60>
<C:/Users/teoso/OneDrive/Documents/Tugas Kuliah/Template Math Depart/Kita Ikuyo Doodle/Kita Ikuyo Doodle-61.png, id=287, 1284.8pt x 937.5025pt>
File: C:/Users/teoso/OneDrive/Documents/Tugas Kuliah/Template Math Depart/Kita Ikuyo Doodle/Kita Ikuyo Doodle-61.png Graphic file (type png)
<use C:/Users/teoso/OneDrive/Documents/Tugas Kuliah/Template Math Depart/Kita Ikuyo Doodle/Kita Ikuyo Doodle-61.png>
Package pdftex.def Info: C:/Users/teoso/OneDrive/Documents/Tugas Kuliah/Template Math Depart/Kita Ikuyo Doodle/Kita Ikuyo Doodle-61.png  used on input line 255.
(pdftex.def)             Requested size: 1284.79688pt x 937.50021pt.
 <C:/Users/teoso/OneDrive/Documents/Tugas Kuliah/Template Math Depart/Kita Ikuyo Doodle/Kita Ikuyo Doodle-61.png> <a0,fr61>
<C:/Users/teoso/OneDrive/Documents/Tugas Kuliah/Template Math Depart/Kita Ikuyo Doodle/Kita Ikuyo Doodle-62.png, id=291, 1284.8pt x 937.5025pt>
File: C:/Users/teoso/OneDrive/Documents/Tugas Kuliah/Template Math Depart/Kita Ikuyo Doodle/Kita Ikuyo Doodle-62.png Graphic file (type png)
<use C:/Users/teoso/OneDrive/Documents/Tugas Kuliah/Template Math Depart/Kita Ikuyo Doodle/Kita Ikuyo Doodle-62.png>
Package pdftex.def Info: C:/Users/teoso/OneDrive/Documents/Tugas Kuliah/Template Math Depart/Kita Ikuyo Doodle/Kita Ikuyo Doodle-62.png  used on input line 255.
(pdftex.def)             Requested size: 1284.79688pt x 937.50021pt.
 <C:/Users/teoso/OneDrive/Documents/Tugas Kuliah/Template Math Depart/Kita Ikuyo Doodle/Kita Ikuyo Doodle-62.png> <a0,fr62>
<C:/Users/teoso/OneDrive/Documents/Tugas Kuliah/Template Math Depart/Kita Ikuyo Doodle/Kita Ikuyo Doodle-63.png, id=295, 1284.8pt x 937.5025pt>
File: C:/Users/teoso/OneDrive/Documents/Tugas Kuliah/Template Math Depart/Kita Ikuyo Doodle/Kita Ikuyo Doodle-63.png Graphic file (type png)
<use C:/Users/teoso/OneDrive/Documents/Tugas Kuliah/Template Math Depart/Kita Ikuyo Doodle/Kita Ikuyo Doodle-63.png>
Package pdftex.def Info: C:/Users/teoso/OneDrive/Documents/Tugas Kuliah/Template Math Depart/Kita Ikuyo Doodle/Kita Ikuyo Doodle-63.png  used on input line 255.
(pdftex.def)             Requested size: 1284.79688pt x 937.50021pt.
 <C:/Users/teoso/OneDrive/Documents/Tugas Kuliah/Template Math Depart/Kita Ikuyo Doodle/Kita Ikuyo Doodle-63.png> <a0,fr63>
<C:/Users/teoso/OneDrive/Documents/Tugas Kuliah/Template Math Depart/Kita Ikuyo Doodle/Kita Ikuyo Doodle-64.png, id=299, 1284.8pt x 937.5025pt>
File: C:/Users/teoso/OneDrive/Documents/Tugas Kuliah/Template Math Depart/Kita Ikuyo Doodle/Kita Ikuyo Doodle-64.png Graphic file (type png)
<use C:/Users/teoso/OneDrive/Documents/Tugas Kuliah/Template Math Depart/Kita Ikuyo Doodle/Kita Ikuyo Doodle-64.png>
Package pdftex.def Info: C:/Users/teoso/OneDrive/Documents/Tugas Kuliah/Template Math Depart/Kita Ikuyo Doodle/Kita Ikuyo Doodle-64.png  used on input line 255.
(pdftex.def)             Requested size: 1284.79688pt x 937.50021pt.
 <C:/Users/teoso/OneDrive/Documents/Tugas Kuliah/Template Math Depart/Kita Ikuyo Doodle/Kita Ikuyo Doodle-64.png> <a0,fr64>
<C:/Users/teoso/OneDrive/Documents/Tugas Kuliah/Template Math Depart/Kita Ikuyo Doodle/Kita Ikuyo Doodle-65.png, id=303, 1284.8pt x 937.5025pt>
File: C:/Users/teoso/OneDrive/Documents/Tugas Kuliah/Template Math Depart/Kita Ikuyo Doodle/Kita Ikuyo Doodle-65.png Graphic file (type png)
<use C:/Users/teoso/OneDrive/Documents/Tugas Kuliah/Template Math Depart/Kita Ikuyo Doodle/Kita Ikuyo Doodle-65.png>
Package pdftex.def Info: C:/Users/teoso/OneDrive/Documents/Tugas Kuliah/Template Math Depart/Kita Ikuyo Doodle/Kita Ikuyo Doodle-65.png  used on input line 255.
(pdftex.def)             Requested size: 1284.79688pt x 937.50021pt.
 <C:/Users/teoso/OneDrive/Documents/Tugas Kuliah/Template Math Depart/Kita Ikuyo Doodle/Kita Ikuyo Doodle-65.png> <a0,fr65>
<C:/Users/teoso/OneDrive/Documents/Tugas Kuliah/Template Math Depart/Kita Ikuyo Doodle/Kita Ikuyo Doodle-66.png, id=307, 1284.8pt x 937.5025pt>
File: C:/Users/teoso/OneDrive/Documents/Tugas Kuliah/Template Math Depart/Kita Ikuyo Doodle/Kita Ikuyo Doodle-66.png Graphic file (type png)
<use C:/Users/teoso/OneDrive/Documents/Tugas Kuliah/Template Math Depart/Kita Ikuyo Doodle/Kita Ikuyo Doodle-66.png>
Package pdftex.def Info: C:/Users/teoso/OneDrive/Documents/Tugas Kuliah/Template Math Depart/Kita Ikuyo Doodle/Kita Ikuyo Doodle-66.png  used on input line 255.
(pdftex.def)             Requested size: 1284.79688pt x 937.50021pt.
 <C:/Users/teoso/OneDrive/Documents/Tugas Kuliah/Template Math Depart/Kita Ikuyo Doodle/Kita Ikuyo Doodle-66.png> <a0,fr66>
<C:/Users/teoso/OneDrive/Documents/Tugas Kuliah/Template Math Depart/Kita Ikuyo Doodle/Kita Ikuyo Doodle-67.png, id=311, 1284.8pt x 937.5025pt>
File: C:/Users/teoso/OneDrive/Documents/Tugas Kuliah/Template Math Depart/Kita Ikuyo Doodle/Kita Ikuyo Doodle-67.png Graphic file (type png)
<use C:/Users/teoso/OneDrive/Documents/Tugas Kuliah/Template Math Depart/Kita Ikuyo Doodle/Kita Ikuyo Doodle-67.png>
Package pdftex.def Info: C:/Users/teoso/OneDrive/Documents/Tugas Kuliah/Template Math Depart/Kita Ikuyo Doodle/Kita Ikuyo Doodle-67.png  used on input line 255.
(pdftex.def)             Requested size: 1284.79688pt x 937.50021pt.
 <C:/Users/teoso/OneDrive/Documents/Tugas Kuliah/Template Math Depart/Kita Ikuyo Doodle/Kita Ikuyo Doodle-67.png> <a0,fr67>
<C:/Users/teoso/OneDrive/Documents/Tugas Kuliah/Template Math Depart/Kita Ikuyo Doodle/Kita Ikuyo Doodle-68.png, id=315, 1284.8pt x 937.5025pt>
File: C:/Users/teoso/OneDrive/Documents/Tugas Kuliah/Template Math Depart/Kita Ikuyo Doodle/Kita Ikuyo Doodle-68.png Graphic file (type png)
<use C:/Users/teoso/OneDrive/Documents/Tugas Kuliah/Template Math Depart/Kita Ikuyo Doodle/Kita Ikuyo Doodle-68.png>
Package pdftex.def Info: C:/Users/teoso/OneDrive/Documents/Tugas Kuliah/Template Math Depart/Kita Ikuyo Doodle/Kita Ikuyo Doodle-68.png  used on input line 255.
(pdftex.def)             Requested size: 1284.79688pt x 937.50021pt.
 <C:/Users/teoso/OneDrive/Documents/Tugas Kuliah/Template Math Depart/Kita Ikuyo Doodle/Kita Ikuyo Doodle-68.png> <a0,fr68>
<C:/Users/teoso/OneDrive/Documents/Tugas Kuliah/Template Math Depart/Kita Ikuyo Doodle/Kita Ikuyo Doodle-69.png, id=319, 1284.8pt x 937.5025pt>
File: C:/Users/teoso/OneDrive/Documents/Tugas Kuliah/Template Math Depart/Kita Ikuyo Doodle/Kita Ikuyo Doodle-69.png Graphic file (type png)
<use C:/Users/teoso/OneDrive/Documents/Tugas Kuliah/Template Math Depart/Kita Ikuyo Doodle/Kita Ikuyo Doodle-69.png>
Package pdftex.def Info: C:/Users/teoso/OneDrive/Documents/Tugas Kuliah/Template Math Depart/Kita Ikuyo Doodle/Kita Ikuyo Doodle-69.png  used on input line 255.
(pdftex.def)             Requested size: 1284.79688pt x 937.50021pt.
 <C:/Users/teoso/OneDrive/Documents/Tugas Kuliah/Template Math Depart/Kita Ikuyo Doodle/Kita Ikuyo Doodle-69.png> <a0,fr69>
<C:/Users/teoso/OneDrive/Documents/Tugas Kuliah/Template Math Depart/Kita Ikuyo Doodle/Kita Ikuyo Doodle-70.png, id=323, 1284.8pt x 937.5025pt>
File: C:/Users/teoso/OneDrive/Documents/Tugas Kuliah/Template Math Depart/Kita Ikuyo Doodle/Kita Ikuyo Doodle-70.png Graphic file (type png)
<use C:/Users/teoso/OneDrive/Documents/Tugas Kuliah/Template Math Depart/Kita Ikuyo Doodle/Kita Ikuyo Doodle-70.png>
Package pdftex.def Info: C:/Users/teoso/OneDrive/Documents/Tugas Kuliah/Template Math Depart/Kita Ikuyo Doodle/Kita Ikuyo Doodle-70.png  used on input line 255.
(pdftex.def)             Requested size: 1284.79688pt x 937.50021pt.
 <C:/Users/teoso/OneDrive/Documents/Tugas Kuliah/Template Math Depart/Kita Ikuyo Doodle/Kita Ikuyo Doodle-70.png> <a0,fr70>
<C:/Users/teoso/OneDrive/Documents/Tugas Kuliah/Template Math Depart/Kita Ikuyo Doodle/Kita Ikuyo Doodle-71.png, id=327, 1284.8pt x 937.5025pt>
File: C:/Users/teoso/OneDrive/Documents/Tugas Kuliah/Template Math Depart/Kita Ikuyo Doodle/Kita Ikuyo Doodle-71.png Graphic file (type png)
<use C:/Users/teoso/OneDrive/Documents/Tugas Kuliah/Template Math Depart/Kita Ikuyo Doodle/Kita Ikuyo Doodle-71.png>
Package pdftex.def Info: C:/Users/teoso/OneDrive/Documents/Tugas Kuliah/Template Math Depart/Kita Ikuyo Doodle/Kita Ikuyo Doodle-71.png  used on input line 255.
(pdftex.def)             Requested size: 1284.79688pt x 937.50021pt.
 <C:/Users/teoso/OneDrive/Documents/Tugas Kuliah/Template Math Depart/Kita Ikuyo Doodle/Kita Ikuyo Doodle-71.png> <a0,fr71>
<C:/Users/teoso/OneDrive/Documents/Tugas Kuliah/Template Math Depart/Kita Ikuyo Doodle/Kita Ikuyo Doodle-72.png, id=331, 1284.8pt x 937.5025pt>
File: C:/Users/teoso/OneDrive/Documents/Tugas Kuliah/Template Math Depart/Kita Ikuyo Doodle/Kita Ikuyo Doodle-72.png Graphic file (type png)
<use C:/Users/teoso/OneDrive/Documents/Tugas Kuliah/Template Math Depart/Kita Ikuyo Doodle/Kita Ikuyo Doodle-72.png>
Package pdftex.def Info: C:/Users/teoso/OneDrive/Documents/Tugas Kuliah/Template Math Depart/Kita Ikuyo Doodle/Kita Ikuyo Doodle-72.png  used on input line 255.
(pdftex.def)             Requested size: 1284.79688pt x 937.50021pt.
 <C:/Users/teoso/OneDrive/Documents/Tugas Kuliah/Template Math Depart/Kita Ikuyo Doodle/Kita Ikuyo Doodle-72.png> <a0,fr72>
<C:/Users/teoso/OneDrive/Documents/Tugas Kuliah/Template Math Depart/Kita Ikuyo Doodle/Kita Ikuyo Doodle-73.png, id=335, 1284.8pt x 937.5025pt>
File: C:/Users/teoso/OneDrive/Documents/Tugas Kuliah/Template Math Depart/Kita Ikuyo Doodle/Kita Ikuyo Doodle-73.png Graphic file (type png)
<use C:/Users/teoso/OneDrive/Documents/Tugas Kuliah/Template Math Depart/Kita Ikuyo Doodle/Kita Ikuyo Doodle-73.png>
Package pdftex.def Info: C:/Users/teoso/OneDrive/Documents/Tugas Kuliah/Template Math Depart/Kita Ikuyo Doodle/Kita Ikuyo Doodle-73.png  used on input line 255.
(pdftex.def)             Requested size: 1284.79688pt x 937.50021pt.
 <C:/Users/teoso/OneDrive/Documents/Tugas Kuliah/Template Math Depart/Kita Ikuyo Doodle/Kita Ikuyo Doodle-73.png> <a0,fr73>
<C:/Users/teoso/OneDrive/Documents/Tugas Kuliah/Template Math Depart/Kita Ikuyo Doodle/Kita Ikuyo Doodle-74.png, id=339, 1284.8pt x 937.5025pt>
File: C:/Users/teoso/OneDrive/Documents/Tugas Kuliah/Template Math Depart/Kita Ikuyo Doodle/Kita Ikuyo Doodle-74.png Graphic file (type png)
<use C:/Users/teoso/OneDrive/Documents/Tugas Kuliah/Template Math Depart/Kita Ikuyo Doodle/Kita Ikuyo Doodle-74.png>
Package pdftex.def Info: C:/Users/teoso/OneDrive/Documents/Tugas Kuliah/Template Math Depart/Kita Ikuyo Doodle/Kita Ikuyo Doodle-74.png  used on input line 255.
(pdftex.def)             Requested size: 1284.79688pt x 937.50021pt.
 <C:/Users/teoso/OneDrive/Documents/Tugas Kuliah/Template Math Depart/Kita Ikuyo Doodle/Kita Ikuyo Doodle-74.png> <a0,fr74>
<C:/Users/teoso/OneDrive/Documents/Tugas Kuliah/Template Math Depart/Kita Ikuyo Doodle/Kita Ikuyo Doodle-75.png, id=343, 1284.8pt x 937.5025pt>
File: C:/Users/teoso/OneDrive/Documents/Tugas Kuliah/Template Math Depart/Kita Ikuyo Doodle/Kita Ikuyo Doodle-75.png Graphic file (type png)
<use C:/Users/teoso/OneDrive/Documents/Tugas Kuliah/Template Math Depart/Kita Ikuyo Doodle/Kita Ikuyo Doodle-75.png>
Package pdftex.def Info: C:/Users/teoso/OneDrive/Documents/Tugas Kuliah/Template Math Depart/Kita Ikuyo Doodle/Kita Ikuyo Doodle-75.png  used on input line 255.
(pdftex.def)             Requested size: 1284.79688pt x 937.50021pt.
 <C:/Users/teoso/OneDrive/Documents/Tugas Kuliah/Template Math Depart/Kita Ikuyo Doodle/Kita Ikuyo Doodle-75.png> <a0,fr75>
<C:/Users/teoso/OneDrive/Documents/Tugas Kuliah/Template Math Depart/Kita Ikuyo Doodle/Kita Ikuyo Doodle-76.png, id=347, 1284.8pt x 937.5025pt>
File: C:/Users/teoso/OneDrive/Documents/Tugas Kuliah/Template Math Depart/Kita Ikuyo Doodle/Kita Ikuyo Doodle-76.png Graphic file (type png)
<use C:/Users/teoso/OneDrive/Documents/Tugas Kuliah/Template Math Depart/Kita Ikuyo Doodle/Kita Ikuyo Doodle-76.png>
Package pdftex.def Info: C:/Users/teoso/OneDrive/Documents/Tugas Kuliah/Template Math Depart/Kita Ikuyo Doodle/Kita Ikuyo Doodle-76.png  used on input line 255.
(pdftex.def)             Requested size: 1284.79688pt x 937.50021pt.
 <C:/Users/teoso/OneDrive/Documents/Tugas Kuliah/Template Math Depart/Kita Ikuyo Doodle/Kita Ikuyo Doodle-76.png> <a0,fr76>
<C:/Users/teoso/OneDrive/Documents/Tugas Kuliah/Template Math Depart/Kita Ikuyo Doodle/Kita Ikuyo Doodle-77.png, id=351, 1284.8pt x 937.5025pt>
File: C:/Users/teoso/OneDrive/Documents/Tugas Kuliah/Template Math Depart/Kita Ikuyo Doodle/Kita Ikuyo Doodle-77.png Graphic file (type png)
<use C:/Users/teoso/OneDrive/Documents/Tugas Kuliah/Template Math Depart/Kita Ikuyo Doodle/Kita Ikuyo Doodle-77.png>
Package pdftex.def Info: C:/Users/teoso/OneDrive/Documents/Tugas Kuliah/Template Math Depart/Kita Ikuyo Doodle/Kita Ikuyo Doodle-77.png  used on input line 255.
(pdftex.def)             Requested size: 1284.79688pt x 937.50021pt.
 <C:/Users/teoso/OneDrive/Documents/Tugas Kuliah/Template Math Depart/Kita Ikuyo Doodle/Kita Ikuyo Doodle-77.png> <a0,fr77>
<C:/Users/teoso/OneDrive/Documents/Tugas Kuliah/Template Math Depart/Kita Ikuyo Doodle/Kita Ikuyo Doodle-78.png, id=355, 1284.8pt x 937.5025pt>
File: C:/Users/teoso/OneDrive/Documents/Tugas Kuliah/Template Math Depart/Kita Ikuyo Doodle/Kita Ikuyo Doodle-78.png Graphic file (type png)
<use C:/Users/teoso/OneDrive/Documents/Tugas Kuliah/Template Math Depart/Kita Ikuyo Doodle/Kita Ikuyo Doodle-78.png>
Package pdftex.def Info: C:/Users/teoso/OneDrive/Documents/Tugas Kuliah/Template Math Depart/Kita Ikuyo Doodle/Kita Ikuyo Doodle-78.png  used on input line 255.
(pdftex.def)             Requested size: 1284.79688pt x 937.50021pt.
 <C:/Users/teoso/OneDrive/Documents/Tugas Kuliah/Template Math Depart/Kita Ikuyo Doodle/Kita Ikuyo Doodle-78.png> <a0,fr78>
<C:/Users/teoso/OneDrive/Documents/Tugas Kuliah/Template Math Depart/Kita Ikuyo Doodle/Kita Ikuyo Doodle-79.png, id=359, 1284.8pt x 937.5025pt>
File: C:/Users/teoso/OneDrive/Documents/Tugas Kuliah/Template Math Depart/Kita Ikuyo Doodle/Kita Ikuyo Doodle-79.png Graphic file (type png)
<use C:/Users/teoso/OneDrive/Documents/Tugas Kuliah/Template Math Depart/Kita Ikuyo Doodle/Kita Ikuyo Doodle-79.png>
Package pdftex.def Info: C:/Users/teoso/OneDrive/Documents/Tugas Kuliah/Template Math Depart/Kita Ikuyo Doodle/Kita Ikuyo Doodle-79.png  used on input line 255.
(pdftex.def)             Requested size: 1284.79688pt x 937.50021pt.
 <C:/Users/teoso/OneDrive/Documents/Tugas Kuliah/Template Math Depart/Kita Ikuyo Doodle/Kita Ikuyo Doodle-79.png> <a0,fr79>
<C:/Users/teoso/OneDrive/Documents/Tugas Kuliah/Template Math Depart/Kita Ikuyo Doodle/Kita Ikuyo Doodle-80.png, id=363, 1284.8pt x 937.5025pt>
File: C:/Users/teoso/OneDrive/Documents/Tugas Kuliah/Template Math Depart/Kita Ikuyo Doodle/Kita Ikuyo Doodle-80.png Graphic file (type png)
<use C:/Users/teoso/OneDrive/Documents/Tugas Kuliah/Template Math Depart/Kita Ikuyo Doodle/Kita Ikuyo Doodle-80.png>
Package pdftex.def Info: C:/Users/teoso/OneDrive/Documents/Tugas Kuliah/Template Math Depart/Kita Ikuyo Doodle/Kita Ikuyo Doodle-80.png  used on input line 255.
(pdftex.def)             Requested size: 1284.79688pt x 937.50021pt.
 <C:/Users/teoso/OneDrive/Documents/Tugas Kuliah/Template Math Depart/Kita Ikuyo Doodle/Kita Ikuyo Doodle-80.png> <a0,fr80>
<C:/Users/teoso/OneDrive/Documents/Tugas Kuliah/Template Math Depart/Kita Ikuyo Doodle/Kita Ikuyo Doodle-81.png, id=367, 1284.8pt x 937.5025pt>
File: C:/Users/teoso/OneDrive/Documents/Tugas Kuliah/Template Math Depart/Kita Ikuyo Doodle/Kita Ikuyo Doodle-81.png Graphic file (type png)
<use C:/Users/teoso/OneDrive/Documents/Tugas Kuliah/Template Math Depart/Kita Ikuyo Doodle/Kita Ikuyo Doodle-81.png>
Package pdftex.def Info: C:/Users/teoso/OneDrive/Documents/Tugas Kuliah/Template Math Depart/Kita Ikuyo Doodle/Kita Ikuyo Doodle-81.png  used on input line 255.
(pdftex.def)             Requested size: 1284.79688pt x 937.50021pt.
 <C:/Users/teoso/OneDrive/Documents/Tugas Kuliah/Template Math Depart/Kita Ikuyo Doodle/Kita Ikuyo Doodle-81.png> <a0,fr81>
<C:/Users/teoso/OneDrive/Documents/Tugas Kuliah/Template Math Depart/Kita Ikuyo Doodle/Kita Ikuyo Doodle-82.png, id=371, 1284.8pt x 937.5025pt>
File: C:/Users/teoso/OneDrive/Documents/Tugas Kuliah/Template Math Depart/Kita Ikuyo Doodle/Kita Ikuyo Doodle-82.png Graphic file (type png)
<use C:/Users/teoso/OneDrive/Documents/Tugas Kuliah/Template Math Depart/Kita Ikuyo Doodle/Kita Ikuyo Doodle-82.png>
Package pdftex.def Info: C:/Users/teoso/OneDrive/Documents/Tugas Kuliah/Template Math Depart/Kita Ikuyo Doodle/Kita Ikuyo Doodle-82.png  used on input line 255.
(pdftex.def)             Requested size: 1284.79688pt x 937.50021pt.
 <C:/Users/teoso/OneDrive/Documents/Tugas Kuliah/Template Math Depart/Kita Ikuyo Doodle/Kita Ikuyo Doodle-82.png> <a0,fr82>
<C:/Users/teoso/OneDrive/Documents/Tugas Kuliah/Template Math Depart/Kita Ikuyo Doodle/Kita Ikuyo Doodle-83.png, id=375, 1284.8pt x 937.5025pt>
File: C:/Users/teoso/OneDrive/Documents/Tugas Kuliah/Template Math Depart/Kita Ikuyo Doodle/Kita Ikuyo Doodle-83.png Graphic file (type png)
<use C:/Users/teoso/OneDrive/Documents/Tugas Kuliah/Template Math Depart/Kita Ikuyo Doodle/Kita Ikuyo Doodle-83.png>
Package pdftex.def Info: C:/Users/teoso/OneDrive/Documents/Tugas Kuliah/Template Math Depart/Kita Ikuyo Doodle/Kita Ikuyo Doodle-83.png  used on input line 255.
(pdftex.def)             Requested size: 1284.79688pt x 937.50021pt.
 <C:/Users/teoso/OneDrive/Documents/Tugas Kuliah/Template Math Depart/Kita Ikuyo Doodle/Kita Ikuyo Doodle-83.png> <a0,fr83>
<C:/Users/teoso/OneDrive/Documents/Tugas Kuliah/Template Math Depart/Kita Ikuyo Doodle/Kita Ikuyo Doodle-84.png, id=379, 1284.8pt x 937.5025pt>
File: C:/Users/teoso/OneDrive/Documents/Tugas Kuliah/Template Math Depart/Kita Ikuyo Doodle/Kita Ikuyo Doodle-84.png Graphic file (type png)
<use C:/Users/teoso/OneDrive/Documents/Tugas Kuliah/Template Math Depart/Kita Ikuyo Doodle/Kita Ikuyo Doodle-84.png>
Package pdftex.def Info: C:/Users/teoso/OneDrive/Documents/Tugas Kuliah/Template Math Depart/Kita Ikuyo Doodle/Kita Ikuyo Doodle-84.png  used on input line 255.
(pdftex.def)             Requested size: 1284.79688pt x 937.50021pt.
 <C:/Users/teoso/OneDrive/Documents/Tugas Kuliah/Template Math Depart/Kita Ikuyo Doodle/Kita Ikuyo Doodle-84.png> <a0,fr84>
<C:/Users/teoso/OneDrive/Documents/Tugas Kuliah/Template Math Depart/Kita Ikuyo Doodle/Kita Ikuyo Doodle-85.png, id=383, 1284.8pt x 937.5025pt>
File: C:/Users/teoso/OneDrive/Documents/Tugas Kuliah/Template Math Depart/Kita Ikuyo Doodle/Kita Ikuyo Doodle-85.png Graphic file (type png)
<use C:/Users/teoso/OneDrive/Documents/Tugas Kuliah/Template Math Depart/Kita Ikuyo Doodle/Kita Ikuyo Doodle-85.png>
Package pdftex.def Info: C:/Users/teoso/OneDrive/Documents/Tugas Kuliah/Template Math Depart/Kita Ikuyo Doodle/Kita Ikuyo Doodle-85.png  used on input line 255.
(pdftex.def)             Requested size: 1284.79688pt x 937.50021pt.
 <C:/Users/teoso/OneDrive/Documents/Tugas Kuliah/Template Math Depart/Kita Ikuyo Doodle/Kita Ikuyo Doodle-85.png> <a0,fr85> [5] (ETS 2024.aux)
 ***********
LaTeX2e <2023-11-01> patch level 1
L3 programming layer <2024-01-04>
 ***********
 ) 
Here is how much of TeX's memory you used:
 17518 strings out of 474486
 424555 string characters out of 5743754
 1946542 words of memory out of 5000000
 39504 multiletter control sequences out of 15000+600000
 561110 words of font info for 48 fonts, out of 8000000 for 9000
 1141 hyphenation exceptions out of 8191
 84i,18n,87p,489b,1030s stack positions out of 10000i,1000n,20000p,200000b,200000s
 <C:\Users\teoso\AppData\Local\MiKTeX\fonts/pk/ljfour/jknappen/ec/dpi600\tcrm1000.pk><C:/Users/teoso/AppData/Local/Programs/MiKTeX/fonts/type1/public/amsfonts/cm/cmbx10.pfb><C:/Users/teoso/AppData/Local/Programs/MiKTeX/fonts/type1/public/amsfonts/cm/cmex10.pfb><C:/Users/teoso/AppData/Local/Programs/MiKTeX/fonts/type1/public/amsfonts/cm/cmmi10.pfb><C:/Users/teoso/AppData/Local/Programs/MiKTeX/fonts/type1/public/amsfonts/cm/cmmi5.pfb><C:/Users/teoso/AppData/Local/Programs/MiKTeX/fonts/type1/public/amsfonts/cm/cmmi7.pfb><C:/Users/teoso/AppData/Local/Programs/MiKTeX/fonts/type1/public/amsfonts/cm/cmr10.pfb><C:/Users/teoso/AppData/Local/Programs/MiKTeX/fonts/type1/public/amsfonts/cm/cmr5.pfb><C:/Users/teoso/AppData/Local/Programs/MiKTeX/fonts/type1/public/amsfonts/cm/cmr7.pfb><C:/Users/teoso/AppData/Local/Programs/MiKTeX/fonts/type1/public/amsfonts/cm/cmsy10.pfb><C:/Users/teoso/AppData/Local/Programs/MiKTeX/fonts/type1/public/amsfonts/cm/cmsy7.pfb><C:/Users/teoso/AppData/Local/Programs/MiKTeX/fonts/type1/public/amsfonts/cm/cmti10.pfb><C:/Users/teoso/AppData/Local/Programs/MiKTeX/fonts/type1/public/amsfonts/latxfont/line10.pfb><C:/Users/teoso/AppData/Local/Programs/MiKTeX/fonts/type1/public/amsfonts/symbols/msam10.pfb><C:/Users/teoso/AppData/Local/Programs/MiKTeX/fonts/type1/public/amsfonts/symbols/msbm10.pfb>
Output written on "ETS 2024.pdf" (5 pages, 12422493 bytes).
PDF statistics:
 543 PDF objects out of 1000 (max. 8388607)
 0 named destinations out of 1000 (max. 500000)
 987 words of extra memory for PDF output out of 10000 (max. 10000000)

