This is pdfTeX, Version 3.141592653-2.6-1.40.25 (MiKTeX 24.1) (preloaded format=pdflatex 2024.10.16)  17 OCT 2024 16:30
entering extended mode
 restricted \write18 enabled.
 file:line:error style messages enabled.
 %&-line parsing enabled.
**"c:/Users/teoso/OneDrive/Documents/Tugas Kuliah/Semester 3/Aljabar I/ETS 2024/ETS 2024.tex"
(c:/Users/teoso/OneDrive/Documents/Tugas Kuliah/Semester 3/Aljabar I/ETS 2024/ETS 2024.tex
LaTeX2e <2023-11-01> patch level 1
L3 programming layer <2024-01-04>
(C:\Users\teoso\AppData\Local\Programs\MiKTeX\tex/latex/base\article.cls
Document Class: article 2023/05/17 v1.4n Standard LaTeX document class
(C:\Users\teoso\AppData\Local\Programs\MiKTeX\tex/latex/base\size10.clo
File: size10.clo 2023/05/17 v1.4n Standard LaTeX file (size option)
)
\c@part=\count187
\c@section=\count188
\c@subsection=\count189
\c@subsubsection=\count190
\c@paragraph=\count191
\c@subparagraph=\count192
\c@figure=\count193
\c@table=\count194
\abovecaptionskip=\skip48
\belowcaptionskip=\skip49
\bibindent=\dimen140
) (C:\Users\teoso\AppData\Local\Programs\MiKTeX\tex/latex/graphics\graphicx.sty
Package: graphicx 2021/09/16 v1.2d Enhanced LaTeX Graphics (DPC,SPQR)
 (C:\Users\teoso\AppData\Local\Programs\MiKTeX\tex/latex/graphics\keyval.sty
Package: keyval 2022/05/29 v1.15 key=value parser (DPC)
\KV@toks@=\toks17
) (C:\Users\teoso\AppData\Local\Programs\MiKTeX\tex/latex/graphics\graphics.sty
Package: graphics 2022/03/10 v1.4e Standard LaTeX Graphics (DPC,SPQR)
 (C:\Users\teoso\AppData\Local\Programs\MiKTeX\tex/latex/graphics\trig.sty
Package: trig 2021/08/11 v1.11 sin cos tan (DPC)
) (C:\Users\teoso\AppData\Local\Programs\MiKTeX\tex/latex/graphics-cfg\graphics.cfg
File: graphics.cfg 2016/06/04 v1.11 sample graphics configuration
)
Package graphics Info: Driver file: pdftex.def on input line 107.
 (C:\Users\teoso\AppData\Local\Programs\MiKTeX\tex/latex/graphics-def\pdftex.def
File: pdftex.def 2022/09/22 v1.2b Graphics/color driver for pdftex
))
\Gin@req@height=\dimen141
\Gin@req@width=\dimen142
) (C:\Users\teoso\AppData\Local\Programs\MiKTeX\tex/latex/multirow\multirow.sty
Package: multirow 2021/03/15 v2.8 Span multiple rows of a table
\multirow@colwidth=\skip50
\multirow@cntb=\count195
\multirow@dima=\skip51
\bigstrutjot=\dimen143
) (C:\Users\teoso\AppData\Local\Programs\MiKTeX\tex/latex/enumitem\enumitem.sty
Package: enumitem 2019/06/20 v3.9 Customized lists
\labelindent=\skip52
\enit@outerparindent=\dimen144
\enit@toks=\toks18
\enit@inbox=\box51
\enit@count@id=\count196
\enitdp@description=\count197
) (C:\Users\teoso\AppData\Local\Programs\MiKTeX\tex/latex/amsfonts\amssymb.sty
Package: amssymb 2013/01/14 v3.01 AMS font symbols
 (C:\Users\teoso\AppData\Local\Programs\MiKTeX\tex/latex/amsfonts\amsfonts.sty
Package: amsfonts 2013/01/14 v3.01 Basic AMSFonts support
\@emptytoks=\toks19
\symAMSa=\mathgroup4
\symAMSb=\mathgroup5
LaTeX Font Info:    Redeclaring math symbol \hbar on input line 98.
LaTeX Font Info:    Overwriting math alphabet `\mathfrak' in version `bold'
(Font)                  U/euf/m/n --> U/euf/b/n on input line 106.
)) (C:\Users\teoso\AppData\Local\Programs\MiKTeX\tex/latex/amsmath\amsmath.sty
Package: amsmath 2023/05/13 v2.17o AMS math features
\@mathmargin=\skip53

For additional information on amsmath, use the `?' option.
(C:\Users\teoso\AppData\Local\Programs\MiKTeX\tex/latex/amsmath\amstext.sty
Package: amstext 2021/08/26 v2.01 AMS text
 (C:\Users\teoso\AppData\Local\Programs\MiKTeX\tex/latex/amsmath\amsgen.sty
File: amsgen.sty 1999/11/30 v2.0 generic functions
\@emptytoks=\toks20
\ex@=\dimen145
)) (C:\Users\teoso\AppData\Local\Programs\MiKTeX\tex/latex/amsmath\amsbsy.sty
Package: amsbsy 1999/11/29 v1.2d Bold Symbols
\pmbraise@=\dimen146
) (C:\Users\teoso\AppData\Local\Programs\MiKTeX\tex/latex/amsmath\amsopn.sty
Package: amsopn 2022/04/08 v2.04 operator names
)
\inf@bad=\count198
LaTeX Info: Redefining \frac on input line 234.
\uproot@=\count199
\leftroot@=\count266
LaTeX Info: Redefining \overline on input line 399.
LaTeX Info: Redefining \colon on input line 410.
\classnum@=\count267
\DOTSCASE@=\count268
LaTeX Info: Redefining \ldots on input line 496.
LaTeX Info: Redefining \dots on input line 499.
LaTeX Info: Redefining \cdots on input line 620.
\Mathstrutbox@=\box52
\strutbox@=\box53
LaTeX Info: Redefining \big on input line 722.
LaTeX Info: Redefining \Big on input line 723.
LaTeX Info: Redefining \bigg on input line 724.
LaTeX Info: Redefining \Bigg on input line 725.
\big@size=\dimen147
LaTeX Font Info:    Redeclaring font encoding OML on input line 743.
LaTeX Font Info:    Redeclaring font encoding OMS on input line 744.
\macc@depth=\count269
LaTeX Info: Redefining \bmod on input line 905.
LaTeX Info: Redefining \pmod on input line 910.
LaTeX Info: Redefining \smash on input line 940.
LaTeX Info: Redefining \relbar on input line 970.
LaTeX Info: Redefining \Relbar on input line 971.
\c@MaxMatrixCols=\count270
\dotsspace@=\muskip16
\c@parentequation=\count271
\dspbrk@lvl=\count272
\tag@help=\toks21
\row@=\count273
\column@=\count274
\maxfields@=\count275
\andhelp@=\toks22
\eqnshift@=\dimen148
\alignsep@=\dimen149
\tagshift@=\dimen150
\tagwidth@=\dimen151
\totwidth@=\dimen152
\lineht@=\dimen153
\@envbody=\toks23
\multlinegap=\skip54
\multlinetaggap=\skip55
\mathdisplay@stack=\toks24
LaTeX Info: Redefining \[ on input line 2953.
LaTeX Info: Redefining \] on input line 2954.
) (C:\Users\teoso\AppData\Local\Programs\MiKTeX\tex/latex/xcolor\xcolor.sty
Package: xcolor 2023/11/15 v3.01 LaTeX color extensions (UK)
 (C:\Users\teoso\AppData\Local\Programs\MiKTeX\tex/latex/graphics-cfg\color.cfg
File: color.cfg 2016/01/02 v1.6 sample color configuration
)
Package xcolor Info: Driver file: pdftex.def on input line 274.
 (C:\Users\teoso\AppData\Local\Programs\MiKTeX\tex/latex/graphics\mathcolor.ltx)
Package xcolor Info: Model `cmy' substituted by `cmy0' on input line 1350.
Package xcolor Info: Model `hsb' substituted by `rgb' on input line 1354.
Package xcolor Info: Model `RGB' extended on input line 1366.
Package xcolor Info: Model `HTML' substituted by `rgb' on input line 1368.
Package xcolor Info: Model `Hsb' substituted by `hsb' on input line 1369.
Package xcolor Info: Model `tHsb' substituted by `hsb' on input line 1370.
Package xcolor Info: Model `HSB' substituted by `hsb' on input line 1371.
Package xcolor Info: Model `Gray' substituted by `gray' on input line 1372.
Package xcolor Info: Model `wave' substituted by `hsb' on input line 1373.
) (C:\Users\teoso\AppData\Local\Programs\MiKTeX\tex/latex/physics\physics.sty
Package: physics 
 (C:\Users\teoso\AppData\Local\Programs\MiKTeX\tex/latex/l3packages/xparse\xparse.sty (C:\Users\teoso\AppData\Local\Programs\MiKTeX\tex/latex/l3kernel\expl3.sty
Package: expl3 2024-01-04 L3 programming layer (loader) 
 (C:\Users\teoso\AppData\Local\Programs\MiKTeX\tex/latex/l3backend\l3backend-pdftex.def
File: l3backend-pdftex.def 2024-01-04 L3 backend support: PDF output (pdfTeX)
\l__color_backend_stack_int=\count276
\l__pdf_internal_box=\box54
))
Package: xparse 2023-10-10 L3 Experimental document command parser
)) (C:\Users\teoso\AppData\Local\Programs\MiKTeX\tex/generic/soul\soul.sty
Package: soul 2023-06-14 v3.1 Permit use of UTF-8 characters in soul (HO)
 (C:\Users\teoso\AppData\Local\Programs\MiKTeX\tex/generic/soul\soul-ori.sty
Package: soul-ori 2023-06-14 v3.1 letterspacing/underlining (mf)
\SOUL@word=\toks25
\SOUL@lasttoken=\toks26
\SOUL@syllable=\toks27
\SOUL@cmds=\toks28
\SOUL@buffer=\toks29
\SOUL@token=\toks30
\SOUL@syllgoal=\dimen154
\SOUL@syllwidth=\dimen155
\SOUL@charkern=\dimen156
\SOUL@hyphkern=\dimen157
\SOUL@dimen=\dimen158
\SOUL@dimeni=\dimen159
\SOUL@minus=\count277
\SOUL@comma=\count278
\SOUL@apo=\count279
\SOUL@grave=\count280
\SOUL@spaceskip=\skip56
\SOUL@ttwidth=\dimen160
\SOUL@uldp=\dimen161
\SOUL@ulht=\dimen162
) (C:\Users\teoso\AppData\Local\Programs\MiKTeX\tex/generic/infwarerr\infwarerr.sty
Package: infwarerr 2019/12/03 v1.5 Providing info/warning/error messages (HO)
) (C:\Users\teoso\AppData\Local\Programs\MiKTeX\tex/generic/etexcmds\etexcmds.sty
Package: etexcmds 2019/12/15 v1.7 Avoid name clashes with e-TeX commands (HO)
 (C:\Users\teoso\AppData\Local\Programs\MiKTeX\tex/generic/iftex\iftex.sty
Package: iftex 2022/02/03 v1.0f TeX engine tests
))) (C:\Users\teoso\AppData\Local\Programs\MiKTeX\tex/latex/hyperref\hyperref.sty
Package: hyperref 2023-11-26 v7.01g Hypertext links for LaTeX
 (C:\Users\teoso\AppData\Local\Programs\MiKTeX\tex/latex/kvsetkeys\kvsetkeys.sty
Package: kvsetkeys 2022-10-05 v1.19 Key value parser (HO)
) (C:\Users\teoso\AppData\Local\Programs\MiKTeX\tex/generic/kvdefinekeys\kvdefinekeys.sty
Package: kvdefinekeys 2019-12-19 v1.6 Define keys (HO)
) (C:\Users\teoso\AppData\Local\Programs\MiKTeX\tex/generic/pdfescape\pdfescape.sty
Package: pdfescape 2019/12/09 v1.15 Implements pdfTeX's escape features (HO)
 (C:\Users\teoso\AppData\Local\Programs\MiKTeX\tex/generic/ltxcmds\ltxcmds.sty
Package: ltxcmds 2023-12-04 v1.26 LaTeX kernel commands for general use (HO)
) (C:\Users\teoso\AppData\Local\Programs\MiKTeX\tex/generic/pdftexcmds\pdftexcmds.sty
Package: pdftexcmds 2020-06-27 v0.33 Utility functions of pdfTeX for LuaTeX (HO)
Package pdftexcmds Info: \pdf@primitive is available.
Package pdftexcmds Info: \pdf@ifprimitive is available.
Package pdftexcmds Info: \pdfdraftmode found.
)) (C:\Users\teoso\AppData\Local\Programs\MiKTeX\tex/latex/hycolor\hycolor.sty
Package: hycolor 2020-01-27 v1.10 Color options for hyperref/bookmark (HO)
) (C:\Users\teoso\AppData\Local\Programs\MiKTeX\tex/latex/letltxmacro\letltxmacro.sty
Package: letltxmacro 2019/12/03 v1.6 Let assignment for LaTeX macros (HO)
) (C:\Users\teoso\AppData\Local\Programs\MiKTeX\tex/latex/auxhook\auxhook.sty
Package: auxhook 2019-12-17 v1.6 Hooks for auxiliary files (HO)
) (C:\Users\teoso\AppData\Local\Programs\MiKTeX\tex/latex/hyperref\nameref.sty
Package: nameref 2023-11-26 v2.56 Cross-referencing by name of section
 (C:\Users\teoso\AppData\Local\Programs\MiKTeX\tex/latex/refcount\refcount.sty
Package: refcount 2019/12/15 v3.6 Data extraction from label references (HO)
) (C:\Users\teoso\AppData\Local\Programs\MiKTeX\tex/generic/gettitlestring\gettitlestring.sty
Package: gettitlestring 2019/12/15 v1.6 Cleanup title references (HO)
 (C:\Users\teoso\AppData\Local\Programs\MiKTeX\tex/latex/kvoptions\kvoptions.sty
Package: kvoptions 2022-06-15 v3.15 Key value format for package options (HO)
))
\c@section@level=\count281
) (C:\Users\teoso\AppData\Local\Programs\MiKTeX\tex/latex/etoolbox\etoolbox.sty
Package: etoolbox 2020/10/05 v2.5k e-TeX tools for LaTeX (JAW)
\etb@tempcnta=\count282
)
\@linkdim=\dimen163
\Hy@linkcounter=\count283
\Hy@pagecounter=\count284
 (C:\Users\teoso\AppData\Local\Programs\MiKTeX\tex/latex/hyperref\pd1enc.def
File: pd1enc.def 2023-11-26 v7.01g Hyperref: PDFDocEncoding definition (HO)
Now handling font encoding PD1 ...
... no UTF-8 mapping file for font encoding PD1
) (C:\Users\teoso\AppData\Local\Programs\MiKTeX\tex/generic/intcalc\intcalc.sty
Package: intcalc 2019/12/15 v1.3 Expandable calculations with integers (HO)
)
\Hy@SavedSpaceFactor=\count285
 (C:\Users\teoso\AppData\Local\Programs\MiKTeX\tex/latex/hyperref\puenc.def
File: puenc.def 2023-11-26 v7.01g Hyperref: PDF Unicode definition (HO)
Now handling font encoding PU ...
... no UTF-8 mapping file for font encoding PU
)
Package hyperref Info: Hyper figures OFF on input line 4181.
Package hyperref Info: Link nesting OFF on input line 4186.
Package hyperref Info: Hyper index ON on input line 4189.
Package hyperref Info: Plain pages OFF on input line 4196.
Package hyperref Info: Backreferencing OFF on input line 4201.
Package hyperref Info: Implicit mode ON; LaTeX internals redefined.
Package hyperref Info: Bookmarks ON on input line 4448.
\c@Hy@tempcnt=\count286
 (C:\Users\teoso\AppData\Local\Programs\MiKTeX\tex/latex/url\url.sty
\Urlmuskip=\muskip17
Package: url 2013/09/16  ver 3.4  Verb mode for urls, etc.
)
LaTeX Info: Redefining \url on input line 4786.
\XeTeXLinkMargin=\dimen164
 (C:\Users\teoso\AppData\Local\Programs\MiKTeX\tex/generic/bitset\bitset.sty
Package: bitset 2019/12/09 v1.3 Handle bit-vector datatype (HO)
 (C:\Users\teoso\AppData\Local\Programs\MiKTeX\tex/generic/bigintcalc\bigintcalc.sty
Package: bigintcalc 2019/12/15 v1.5 Expandable calculations on big integers (HO)
))
\Fld@menulength=\count287
\Field@Width=\dimen165
\Fld@charsize=\dimen166
Package hyperref Info: Hyper figures OFF on input line 6065.
Package hyperref Info: Link nesting OFF on input line 6070.
Package hyperref Info: Hyper index ON on input line 6073.
Package hyperref Info: backreferencing OFF on input line 6080.
Package hyperref Info: Link coloring OFF on input line 6085.
Package hyperref Info: Link coloring with OCG OFF on input line 6090.
Package hyperref Info: PDF/A mode OFF on input line 6095.
 (C:\Users\teoso\AppData\Local\Programs\MiKTeX\tex/latex/base\atbegshi-ltx.sty
Package: atbegshi-ltx 2021/01/10 v1.0c Emulation of the original atbegshi
package with kernel methods
)
\Hy@abspage=\count288
\c@Item=\count289
\c@Hfootnote=\count290
)
Package hyperref Info: Driver (autodetected): hpdftex.
 (C:\Users\teoso\AppData\Local\Programs\MiKTeX\tex/latex/hyperref\hpdftex.def
File: hpdftex.def 2023-11-26 v7.01g Hyperref driver for pdfTeX
 (C:\Users\teoso\AppData\Local\Programs\MiKTeX\tex/latex/base\atveryend-ltx.sty
Package: atveryend-ltx 2020/08/19 v1.0a Emulation of the original atveryend package
with kernel methods
)
\Fld@listcount=\count291
\c@bookmark@seq@number=\count292
 (C:\Users\teoso\AppData\Local\Programs\MiKTeX\tex/latex/rerunfilecheck\rerunfilecheck.sty
Package: rerunfilecheck 2022-07-10 v1.10 Rerun checks for auxiliary files (HO)
 (C:\Users\teoso\AppData\Local\Programs\MiKTeX\tex/generic/uniquecounter\uniquecounter.sty
Package: uniquecounter 2019/12/15 v1.4 Provide unlimited unique counter (HO)
)
Package uniquecounter Info: New unique counter `rerunfilecheck' on input line 285.
)
\Hy@SectionHShift=\skip57
) (C:\Users\teoso\AppData\Local\Programs\MiKTeX\tex/latex/tools\multicol.sty
Package: multicol 2023/03/30 v1.9f multicolumn formatting (FMi)
\c@tracingmulticols=\count293
\mult@box=\box55
\multicol@leftmargin=\dimen167
\c@unbalance=\count294
\c@collectmore=\count295
\doublecol@number=\count296
\multicoltolerance=\count297
\multicolpretolerance=\count298
\full@width=\dimen168
\page@free=\dimen169
\premulticols=\dimen170
\postmulticols=\dimen171
\multicolsep=\skip58
\multicolbaselineskip=\skip59
\partial@page=\box56
\last@line=\box57
\mc@boxedresult=\box58
\maxbalancingoverflow=\dimen172
\mult@rightbox=\box59
\mult@grightbox=\box60
\mult@firstbox=\box61
\mult@gfirstbox=\box62
\@tempa=\box63
\@tempa=\box64
\@tempa=\box65
\@tempa=\box66
\@tempa=\box67
\@tempa=\box68
\@tempa=\box69
\@tempa=\box70
\@tempa=\box71
\@tempa=\box72
\@tempa=\box73
\@tempa=\box74
\@tempa=\box75
\@tempa=\box76
\@tempa=\box77
\@tempa=\box78
\@tempa=\box79
\@tempa=\box80
\@tempa=\box81
\@tempa=\box82
\@tempa=\box83
\@tempa=\box84
\@tempa=\box85
\@tempa=\box86
\@tempa=\box87
\@tempa=\box88
\@tempa=\box89
\@tempa=\box90
\@tempa=\box91
\@tempa=\box92
\@tempa=\box93
\@tempa=\box94
\@tempa=\box95
\@tempa=\box96
\@tempa=\box97
\@tempa=\box98
\c@minrows=\count299
\c@columnbadness=\count300
\c@finalcolumnbadness=\count301
\last@try=\dimen173
\multicolovershoot=\dimen174
\multicolundershoot=\dimen175
\mult@nat@firstbox=\box99
\colbreak@box=\box100
\mc@col@check@num=\count302
) (C:\Users\teoso\AppData\Local\Programs\MiKTeX\tex/latex/geometry\geometry.sty
Package: geometry 2020/01/02 v5.9 Page Geometry
 (C:\Users\teoso\AppData\Local\Programs\MiKTeX\tex/generic/iftex\ifvtex.sty
Package: ifvtex 2019/10/25 v1.7 ifvtex legacy package. Use iftex instead.
)
\Gm@cnth=\count303
\Gm@cntv=\count304
\c@Gm@tempcnt=\count305
\Gm@bindingoffset=\dimen176
\Gm@wd@mp=\dimen177
\Gm@odd@mp=\dimen178
\Gm@even@mp=\dimen179
\Gm@layoutwidth=\dimen180
\Gm@layoutheight=\dimen181
\Gm@layouthoffset=\dimen182
\Gm@layoutvoffset=\dimen183
\Gm@dimlist=\toks31
 (C:\Users\teoso\AppData\Local\Programs\MiKTeX\tex/latex/geometry\geometry.cfg))

Package geometry Warning: Over-specification in `h'-direction.
    `width' (455.24408pt) is ignored.


Package geometry Warning: Over-specification in `v'-direction.
    `height' (674.3303pt) is ignored.

(C:\Users\teoso\AppData\Local\Programs\MiKTeX\tex/latex/fancyhdr\fancyhdr.sty
Package: fancyhdr 2024/07/23 v4.3.1 Extensive control of page headers and footers
\f@nch@headwidth=\skip60
\f@nch@O@elh=\skip61
\f@nch@O@erh=\skip62
\f@nch@O@olh=\skip63
\f@nch@O@orh=\skip64
\f@nch@O@elf=\skip65
\f@nch@O@erf=\skip66
\f@nch@O@olf=\skip67
\f@nch@O@orf=\skip68
) (C:\Users\teoso\AppData\Local\Programs\MiKTeX\tex/latex/animate\animate.sty
Package: animate 2024/09/06 PDF & SVG animations from files and inline graphics
 (C:\Users\teoso\AppData\Local\Programs\MiKTeX\tex/latex/base\ifthen.sty
Package: ifthen 2022/04/13 v1.1d Standard LaTeX ifthen package (DPC)
) (C:\Users\teoso\AppData\Local\Programs\MiKTeX\tex/latex/oberdiek\ifdraft.sty
Package: ifdraft 2016/05/16 v1.4 Detect class options draft and final (HO)
) (C:\Users\teoso\AppData\Local\Programs\MiKTeX\tex/latex/tools\calc.sty
Package: calc 2023/07/08 v4.3 Infix arithmetic (KKT,FJ)
\calc@Acount=\count306
\calc@Bcount=\count307
\calc@Adimen=\dimen184
\calc@Bdimen=\dimen185
\calc@Askip=\skip69
\calc@Bskip=\skip70
LaTeX Info: Redefining \setlength on input line 80.
LaTeX Info: Redefining \addtolength on input line 81.
\calc@Ccount=\count308
\calc@Cskip=\skip71
) (C:\Users\teoso\AppData\Local\Programs\MiKTeX\tex/latex/media9\pdfbase.sty
Package: pdfbase 2024/09/13 v0.58 driver independent access to low-level PDF features
\g_pbs_page_int=\count309
\g_pbs_oc_int=\count310
) (C:\Users\teoso\AppData\Local\Programs\MiKTeX\tex/latex/zref\zref-abspage.sty
Package: zref-abspage 2023-09-14 v2.35 Module abspage for zref (HO)
 (C:\Users\teoso\AppData\Local\Programs\MiKTeX\tex/latex/zref\zref-base.sty
Package: zref-base 2023-09-14 v2.35 Module base for zref (HO)
Package zref Info: New property list: main on input line 767.
Package zref Info: New property: default on input line 768.
Package zref Info: New property: page on input line 769.
)
\c@abspage=\count311
Package zref Info: New property: abspage on input line 67.
) (C:\Users\teoso\AppData\Local\Programs\MiKTeX\tex/latex/ocgx2\ocgbase.sty
Package: ocgbase 2024/08/28 v0.23 support package for ocgx2.sty
)
\@anim@box=\box101
\@anim@measbox=\box102
\@anim@tmpdima=\dimen186
\@anim@tmpdimb=\dimen187
\@anim@num=\count312
\@anim@curframe=\count313
\@anim@curframe@zb=\count314
\@anim@resizeflags=\count315
\@anim@skipfram=\count316
\@anim@mulframecnt=\count317
\@anim@@tmlnfile=\read2
\@anim@tmpcnt=\count318
\c@@anim@ltxcnt=\count319
\@anim@curlayer=\count320
\@anim@lineno=\count321
\@anim@curfield=\count322
\@anim@@resizeflags=\count323
)

LaTeX Warning: Unused global option(s):
    [openany].

(ETS 2024.aux)
\openout1 = `"ETS 2024.aux"'.

LaTeX Font Info:    Checking defaults for OML/cmm/m/it on input line 33.
LaTeX Font Info:    ... okay on input line 33.
LaTeX Font Info:    Checking defaults for OMS/cmsy/m/n on input line 33.
LaTeX Font Info:    ... okay on input line 33.
LaTeX Font Info:    Checking defaults for OT1/cmr/m/n on input line 33.
LaTeX Font Info:    ... okay on input line 33.
LaTeX Font Info:    Checking defaults for T1/cmr/m/n on input line 33.
LaTeX Font Info:    ... okay on input line 33.
LaTeX Font Info:    Checking defaults for TS1/cmr/m/n on input line 33.
LaTeX Font Info:    ... okay on input line 33.
LaTeX Font Info:    Checking defaults for OMX/cmex/m/n on input line 33.
LaTeX Font Info:    ... okay on input line 33.
LaTeX Font Info:    Checking defaults for U/cmr/m/n on input line 33.
LaTeX Font Info:    ... okay on input line 33.
LaTeX Font Info:    Checking defaults for PD1/pdf/m/n on input line 33.
LaTeX Font Info:    ... okay on input line 33.
LaTeX Font Info:    Checking defaults for PU/pdf/m/n on input line 33.
LaTeX Font Info:    ... okay on input line 33.
 (C:\Users\teoso\AppData\Local\Programs\MiKTeX\tex/context/base/mkii\supp-pdf.mkii
[Loading MPS to PDF converter (version 2006.09.02).]
\scratchcounter=\count324
\scratchdimen=\dimen188
\scratchbox=\box103
\nofMPsegments=\count325
\nofMParguments=\count326
\everyMPshowfont=\toks32
\MPscratchCnt=\count327
\MPscratchDim=\dimen189
\MPnumerator=\count328
\makeMPintoPDFobject=\count329
\everyMPtoPDFconversion=\toks33
) (C:\Users\teoso\AppData\Local\Programs\MiKTeX\tex/latex/epstopdf-pkg\epstopdf-base.sty
Package: epstopdf-base 2020-01-24 v2.11 Base part for package epstopdf
Package epstopdf-base Info: Redefining graphics rule for `.eps' on input line 485.
 (C:\Users\teoso\AppData\Local\Programs\MiKTeX\tex/latex/00miktex\epstopdf-sys.cfg
File: epstopdf-sys.cfg 2021/03/18 v2.0 Configuration of epstopdf for MiKTeX
))
Package hyperref Info: Link coloring OFF on input line 33.
 (ETS 2024.out) (ETS 2024.out)
\@outlinefile=\write3
\openout3 = `"ETS 2024.out"'.


*geometry* driver: auto-detecting
*geometry* detected driver: pdftex
*geometry* verbose mode - [ preamble ] result:
* driver: pdftex
* paper: a4paper
* layout: <same size as paper>
* layoutoffset:(h,v)=(0.0pt,0.0pt)
* modes: 
* h-part:(L,W,R)=(71.13188pt, 426.79135pt, 99.58464pt)
* v-part:(T,H,B)=(85.35826pt, 674.33032pt, 85.35826pt)
* \paperwidth=597.50787pt
* \paperheight=845.04684pt
* \textwidth=426.79135pt
* \textheight=674.33032pt
* \oddsidemargin=-1.1381pt
* \evensidemargin=-1.1381pt
* \topmargin=-23.91173pt
* \headheight=12.0pt
* \headsep=25.0pt
* \topskip=10.0pt
* \footskip=30.0pt
* \marginparwidth=57.0pt
* \marginparsep=11.0pt
* \columnsep=10.0pt
* \skip\footins=9.0pt plus 4.0pt minus 2.0pt
* \hoffset=0.0pt
* \voffset=0.0pt
* \mag=1000
* \@twocolumnfalse
* \@twosidefalse
* \@mparswitchfalse
* \@reversemarginfalse
* (1in=72.27pt=25.4mm, 1cm=28.453pt)

LaTeX Font Info:    Trying to load font information for U+msa on input line 36.
(C:\Users\teoso\AppData\Local\Programs\MiKTeX\tex/latex/amsfonts\umsa.fd
File: umsa.fd 2013/01/14 v3.01 AMS symbols A
)
LaTeX Font Info:    Trying to load font information for U+msb on input line 36.
 (C:\Users\teoso\AppData\Local\Programs\MiKTeX\tex/latex/amsfonts\umsb.fd
File: umsb.fd 2013/01/14 v3.01 AMS symbols B
)
<C:/Users/teoso/OneDrive/Documents/Tugas Kuliah/Template Math Depart/ITS.png, id=3, 150.5625pt x 150.5625pt>
File: C:/Users/teoso/OneDrive/Documents/Tugas Kuliah/Template Math Depart/ITS.png Graphic file (type png)
<use C:/Users/teoso/OneDrive/Documents/Tugas Kuliah/Template Math Depart/ITS.png>
Package pdftex.def Info: C:/Users/teoso/OneDrive/Documents/Tugas Kuliah/Template Math Depart/ITS.png  used on input line 37.
(pdftex.def)             Requested size: 56.9055pt x 56.90648pt.
<C:/Users/teoso/OneDrive/Documents/Tugas Kuliah/Template Math Depart/M.png, id=5, 2370.8575pt x 2370.8575pt>
File: C:/Users/teoso/OneDrive/Documents/Tugas Kuliah/Template Math Depart/M.png Graphic file (type png)
<use C:/Users/teoso/OneDrive/Documents/Tugas Kuliah/Template Math Depart/M.png>
Package pdftex.def Info: C:/Users/teoso/OneDrive/Documents/Tugas Kuliah/Template Math Depart/M.png  used on input line 54.
(pdftex.def)             Requested size: 56.9055pt x 56.90535pt.

Overfull \hbox (5.7702pt too wide) in paragraph at lines 36--60
[][] 
 []


Overfull \hbox (2.20528pt too wide) in paragraph at lines 68--70
[]\OT1/cmr/m/n/10 Diberikan $\OML/cmm/m/it/10 GL\OT1/cmr/m/n/10 (2\OML/cmm/m/it/10 ; \U/msb/m/n/10 R\OT1/cmr/m/n/10 ) = []$ dan diberikan him-punan
 []

[1

{C:/Users/teoso/AppData/Local/MiKTeX/fonts/map/pdftex/pdftex.map} <C:/Users/teoso/OneDrive/Documents/Tugas Kuliah/Template Math Depart/ITS.png> <C:/Users/teoso/OneDrive/Documents/Tugas Kuliah/Template Math Depart/M.png>]
<gif/Kita Ikuyo Doodle-0.png, id=33, 1284.8pt x 937.5025pt>
File: gif/Kita Ikuyo Doodle-0.png Graphic file (type png)
<use gif/Kita Ikuyo Doodle-0.png>
Package pdftex.def Info: gif/Kita Ikuyo Doodle-0.png  used on input line 84.
(pdftex.def)             Requested size: 1284.79688pt x 937.50021pt.
 <./gif/Kita Ikuyo Doodle-0.png> <a0,fr0>
<gif/Kita Ikuyo Doodle-1.png, id=37, 1284.8pt x 937.5025pt>
File: gif/Kita Ikuyo Doodle-1.png Graphic file (type png)
<use gif/Kita Ikuyo Doodle-1.png>
Package pdftex.def Info: gif/Kita Ikuyo Doodle-1.png  used on input line 84.
(pdftex.def)             Requested size: 1284.79688pt x 937.50021pt.
 <./gif/Kita Ikuyo Doodle-1.png> <a0,fr1>
<gif/Kita Ikuyo Doodle-2.png, id=41, 1284.8pt x 937.5025pt>
File: gif/Kita Ikuyo Doodle-2.png Graphic file (type png)
<use gif/Kita Ikuyo Doodle-2.png>
Package pdftex.def Info: gif/Kita Ikuyo Doodle-2.png  used on input line 84.
(pdftex.def)             Requested size: 1284.79688pt x 937.50021pt.
 <./gif/Kita Ikuyo Doodle-2.png> <a0,fr2>
<gif/Kita Ikuyo Doodle-3.png, id=45, 1284.8pt x 937.5025pt>
File: gif/Kita Ikuyo Doodle-3.png Graphic file (type png)
<use gif/Kita Ikuyo Doodle-3.png>
Package pdftex.def Info: gif/Kita Ikuyo Doodle-3.png  used on input line 84.
(pdftex.def)             Requested size: 1284.79688pt x 937.50021pt.
 <./gif/Kita Ikuyo Doodle-3.png> <a0,fr3>
<gif/Kita Ikuyo Doodle-4.png, id=49, 1284.8pt x 937.5025pt>
File: gif/Kita Ikuyo Doodle-4.png Graphic file (type png)
<use gif/Kita Ikuyo Doodle-4.png>
Package pdftex.def Info: gif/Kita Ikuyo Doodle-4.png  used on input line 84.
(pdftex.def)             Requested size: 1284.79688pt x 937.50021pt.
 <./gif/Kita Ikuyo Doodle-4.png> <a0,fr4>
<gif/Kita Ikuyo Doodle-5.png, id=53, 1284.8pt x 937.5025pt>
File: gif/Kita Ikuyo Doodle-5.png Graphic file (type png)
<use gif/Kita Ikuyo Doodle-5.png>
Package pdftex.def Info: gif/Kita Ikuyo Doodle-5.png  used on input line 84.
(pdftex.def)             Requested size: 1284.79688pt x 937.50021pt.
 <./gif/Kita Ikuyo Doodle-5.png> <a0,fr5>
<gif/Kita Ikuyo Doodle-6.png, id=57, 1284.8pt x 937.5025pt>
File: gif/Kita Ikuyo Doodle-6.png Graphic file (type png)
<use gif/Kita Ikuyo Doodle-6.png>
Package pdftex.def Info: gif/Kita Ikuyo Doodle-6.png  used on input line 84.
(pdftex.def)             Requested size: 1284.79688pt x 937.50021pt.
 <./gif/Kita Ikuyo Doodle-6.png> <a0,fr6>
<gif/Kita Ikuyo Doodle-7.png, id=61, 1284.8pt x 937.5025pt>
File: gif/Kita Ikuyo Doodle-7.png Graphic file (type png)
<use gif/Kita Ikuyo Doodle-7.png>
Package pdftex.def Info: gif/Kita Ikuyo Doodle-7.png  used on input line 84.
(pdftex.def)             Requested size: 1284.79688pt x 937.50021pt.
 <./gif/Kita Ikuyo Doodle-7.png> <a0,fr7>
<gif/Kita Ikuyo Doodle-8.png, id=65, 1284.8pt x 937.5025pt>
File: gif/Kita Ikuyo Doodle-8.png Graphic file (type png)
<use gif/Kita Ikuyo Doodle-8.png>
Package pdftex.def Info: gif/Kita Ikuyo Doodle-8.png  used on input line 84.
(pdftex.def)             Requested size: 1284.79688pt x 937.50021pt.
 <./gif/Kita Ikuyo Doodle-8.png> <a0,fr8>
<gif/Kita Ikuyo Doodle-9.png, id=69, 1284.8pt x 937.5025pt>
File: gif/Kita Ikuyo Doodle-9.png Graphic file (type png)
<use gif/Kita Ikuyo Doodle-9.png>
Package pdftex.def Info: gif/Kita Ikuyo Doodle-9.png  used on input line 84.
(pdftex.def)             Requested size: 1284.79688pt x 937.50021pt.
 <./gif/Kita Ikuyo Doodle-9.png> <a0,fr9>
<gif/Kita Ikuyo Doodle-10.png, id=73, 1284.8pt x 937.5025pt>
File: gif/Kita Ikuyo Doodle-10.png Graphic file (type png)
<use gif/Kita Ikuyo Doodle-10.png>
Package pdftex.def Info: gif/Kita Ikuyo Doodle-10.png  used on input line 84.
(pdftex.def)             Requested size: 1284.79688pt x 937.50021pt.
 <./gif/Kita Ikuyo Doodle-10.png> <a0,fr10>
<gif/Kita Ikuyo Doodle-11.png, id=77, 1284.8pt x 937.5025pt>
File: gif/Kita Ikuyo Doodle-11.png Graphic file (type png)
<use gif/Kita Ikuyo Doodle-11.png>
Package pdftex.def Info: gif/Kita Ikuyo Doodle-11.png  used on input line 84.
(pdftex.def)             Requested size: 1284.79688pt x 937.50021pt.
 <./gif/Kita Ikuyo Doodle-11.png> <a0,fr11>
<gif/Kita Ikuyo Doodle-12.png, id=81, 1284.8pt x 937.5025pt>
File: gif/Kita Ikuyo Doodle-12.png Graphic file (type png)
<use gif/Kita Ikuyo Doodle-12.png>
Package pdftex.def Info: gif/Kita Ikuyo Doodle-12.png  used on input line 84.
(pdftex.def)             Requested size: 1284.79688pt x 937.50021pt.
 <./gif/Kita Ikuyo Doodle-12.png> <a0,fr12>
<gif/Kita Ikuyo Doodle-13.png, id=85, 1284.8pt x 937.5025pt>
File: gif/Kita Ikuyo Doodle-13.png Graphic file (type png)
<use gif/Kita Ikuyo Doodle-13.png>
Package pdftex.def Info: gif/Kita Ikuyo Doodle-13.png  used on input line 84.
(pdftex.def)             Requested size: 1284.79688pt x 937.50021pt.
 <./gif/Kita Ikuyo Doodle-13.png> <a0,fr13>
<gif/Kita Ikuyo Doodle-14.png, id=89, 1284.8pt x 937.5025pt>
File: gif/Kita Ikuyo Doodle-14.png Graphic file (type png)
<use gif/Kita Ikuyo Doodle-14.png>
Package pdftex.def Info: gif/Kita Ikuyo Doodle-14.png  used on input line 84.
(pdftex.def)             Requested size: 1284.79688pt x 937.50021pt.
 <./gif/Kita Ikuyo Doodle-14.png> <a0,fr14>
<gif/Kita Ikuyo Doodle-15.png, id=93, 1284.8pt x 937.5025pt>
File: gif/Kita Ikuyo Doodle-15.png Graphic file (type png)
<use gif/Kita Ikuyo Doodle-15.png>
Package pdftex.def Info: gif/Kita Ikuyo Doodle-15.png  used on input line 84.
(pdftex.def)             Requested size: 1284.79688pt x 937.50021pt.
 <./gif/Kita Ikuyo Doodle-15.png> <a0,fr15>
<gif/Kita Ikuyo Doodle-16.png, id=97, 1284.8pt x 937.5025pt>
File: gif/Kita Ikuyo Doodle-16.png Graphic file (type png)
<use gif/Kita Ikuyo Doodle-16.png>
Package pdftex.def Info: gif/Kita Ikuyo Doodle-16.png  used on input line 84.
(pdftex.def)             Requested size: 1284.79688pt x 937.50021pt.
 <./gif/Kita Ikuyo Doodle-16.png> <a0,fr16>
<gif/Kita Ikuyo Doodle-17.png, id=101, 1284.8pt x 937.5025pt>
File: gif/Kita Ikuyo Doodle-17.png Graphic file (type png)
<use gif/Kita Ikuyo Doodle-17.png>
Package pdftex.def Info: gif/Kita Ikuyo Doodle-17.png  used on input line 84.
(pdftex.def)             Requested size: 1284.79688pt x 937.50021pt.
 <./gif/Kita Ikuyo Doodle-17.png> <a0,fr17>
<gif/Kita Ikuyo Doodle-18.png, id=105, 1284.8pt x 937.5025pt>
File: gif/Kita Ikuyo Doodle-18.png Graphic file (type png)
<use gif/Kita Ikuyo Doodle-18.png>
Package pdftex.def Info: gif/Kita Ikuyo Doodle-18.png  used on input line 84.
(pdftex.def)             Requested size: 1284.79688pt x 937.50021pt.
 <./gif/Kita Ikuyo Doodle-18.png> <a0,fr18>
<gif/Kita Ikuyo Doodle-19.png, id=109, 1284.8pt x 937.5025pt>
File: gif/Kita Ikuyo Doodle-19.png Graphic file (type png)
<use gif/Kita Ikuyo Doodle-19.png>
Package pdftex.def Info: gif/Kita Ikuyo Doodle-19.png  used on input line 84.
(pdftex.def)             Requested size: 1284.79688pt x 937.50021pt.
 <./gif/Kita Ikuyo Doodle-19.png> <a0,fr19>
<gif/Kita Ikuyo Doodle-20.png, id=113, 1284.8pt x 937.5025pt>
File: gif/Kita Ikuyo Doodle-20.png Graphic file (type png)
<use gif/Kita Ikuyo Doodle-20.png>
Package pdftex.def Info: gif/Kita Ikuyo Doodle-20.png  used on input line 84.
(pdftex.def)             Requested size: 1284.79688pt x 937.50021pt.
 <./gif/Kita Ikuyo Doodle-20.png> <a0,fr20>
<gif/Kita Ikuyo Doodle-21.png, id=117, 1284.8pt x 937.5025pt>
File: gif/Kita Ikuyo Doodle-21.png Graphic file (type png)
<use gif/Kita Ikuyo Doodle-21.png>
Package pdftex.def Info: gif/Kita Ikuyo Doodle-21.png  used on input line 84.
(pdftex.def)             Requested size: 1284.79688pt x 937.50021pt.
 <./gif/Kita Ikuyo Doodle-21.png> <a0,fr21>
<gif/Kita Ikuyo Doodle-22.png, id=121, 1284.8pt x 937.5025pt>
File: gif/Kita Ikuyo Doodle-22.png Graphic file (type png)
<use gif/Kita Ikuyo Doodle-22.png>
Package pdftex.def Info: gif/Kita Ikuyo Doodle-22.png  used on input line 84.
(pdftex.def)             Requested size: 1284.79688pt x 937.50021pt.
 <./gif/Kita Ikuyo Doodle-22.png> <a0,fr22>
<gif/Kita Ikuyo Doodle-23.png, id=125, 1284.8pt x 937.5025pt>
File: gif/Kita Ikuyo Doodle-23.png Graphic file (type png)
<use gif/Kita Ikuyo Doodle-23.png>
Package pdftex.def Info: gif/Kita Ikuyo Doodle-23.png  used on input line 84.
(pdftex.def)             Requested size: 1284.79688pt x 937.50021pt.
 <./gif/Kita Ikuyo Doodle-23.png> <a0,fr23>
<gif/Kita Ikuyo Doodle-24.png, id=129, 1284.8pt x 937.5025pt>
File: gif/Kita Ikuyo Doodle-24.png Graphic file (type png)
<use gif/Kita Ikuyo Doodle-24.png>
Package pdftex.def Info: gif/Kita Ikuyo Doodle-24.png  used on input line 84.
(pdftex.def)             Requested size: 1284.79688pt x 937.50021pt.
 <./gif/Kita Ikuyo Doodle-24.png> <a0,fr24>
<gif/Kita Ikuyo Doodle-25.png, id=133, 1284.8pt x 937.5025pt>
File: gif/Kita Ikuyo Doodle-25.png Graphic file (type png)
<use gif/Kita Ikuyo Doodle-25.png>
Package pdftex.def Info: gif/Kita Ikuyo Doodle-25.png  used on input line 84.
(pdftex.def)             Requested size: 1284.79688pt x 937.50021pt.
 <./gif/Kita Ikuyo Doodle-25.png> <a0,fr25>
<gif/Kita Ikuyo Doodle-26.png, id=137, 1284.8pt x 937.5025pt>
File: gif/Kita Ikuyo Doodle-26.png Graphic file (type png)
<use gif/Kita Ikuyo Doodle-26.png>
Package pdftex.def Info: gif/Kita Ikuyo Doodle-26.png  used on input line 84.
(pdftex.def)             Requested size: 1284.79688pt x 937.50021pt.
 <./gif/Kita Ikuyo Doodle-26.png> <a0,fr26>
<gif/Kita Ikuyo Doodle-27.png, id=141, 1284.8pt x 937.5025pt>
File: gif/Kita Ikuyo Doodle-27.png Graphic file (type png)
<use gif/Kita Ikuyo Doodle-27.png>
Package pdftex.def Info: gif/Kita Ikuyo Doodle-27.png  used on input line 84.
(pdftex.def)             Requested size: 1284.79688pt x 937.50021pt.
 <./gif/Kita Ikuyo Doodle-27.png> <a0,fr27>
<gif/Kita Ikuyo Doodle-28.png, id=145, 1284.8pt x 937.5025pt>
File: gif/Kita Ikuyo Doodle-28.png Graphic file (type png)
<use gif/Kita Ikuyo Doodle-28.png>
Package pdftex.def Info: gif/Kita Ikuyo Doodle-28.png  used on input line 84.
(pdftex.def)             Requested size: 1284.79688pt x 937.50021pt.
 <./gif/Kita Ikuyo Doodle-28.png> <a0,fr28>
<gif/Kita Ikuyo Doodle-29.png, id=149, 1284.8pt x 937.5025pt>
File: gif/Kita Ikuyo Doodle-29.png Graphic file (type png)
<use gif/Kita Ikuyo Doodle-29.png>
Package pdftex.def Info: gif/Kita Ikuyo Doodle-29.png  used on input line 84.
(pdftex.def)             Requested size: 1284.79688pt x 937.50021pt.
 <./gif/Kita Ikuyo Doodle-29.png> <a0,fr29>
<gif/Kita Ikuyo Doodle-30.png, id=153, 1284.8pt x 937.5025pt>
File: gif/Kita Ikuyo Doodle-30.png Graphic file (type png)
<use gif/Kita Ikuyo Doodle-30.png>
Package pdftex.def Info: gif/Kita Ikuyo Doodle-30.png  used on input line 84.
(pdftex.def)             Requested size: 1284.79688pt x 937.50021pt.
 <./gif/Kita Ikuyo Doodle-30.png> <a0,fr30>
<gif/Kita Ikuyo Doodle-31.png, id=157, 1284.8pt x 937.5025pt>
File: gif/Kita Ikuyo Doodle-31.png Graphic file (type png)
<use gif/Kita Ikuyo Doodle-31.png>
Package pdftex.def Info: gif/Kita Ikuyo Doodle-31.png  used on input line 84.
(pdftex.def)             Requested size: 1284.79688pt x 937.50021pt.
 <./gif/Kita Ikuyo Doodle-31.png> <a0,fr31>
<gif/Kita Ikuyo Doodle-32.png, id=161, 1284.8pt x 937.5025pt>
File: gif/Kita Ikuyo Doodle-32.png Graphic file (type png)
<use gif/Kita Ikuyo Doodle-32.png>
Package pdftex.def Info: gif/Kita Ikuyo Doodle-32.png  used on input line 84.
(pdftex.def)             Requested size: 1284.79688pt x 937.50021pt.
 <./gif/Kita Ikuyo Doodle-32.png> <a0,fr32>
<gif/Kita Ikuyo Doodle-33.png, id=165, 1284.8pt x 937.5025pt>
File: gif/Kita Ikuyo Doodle-33.png Graphic file (type png)
<use gif/Kita Ikuyo Doodle-33.png>
Package pdftex.def Info: gif/Kita Ikuyo Doodle-33.png  used on input line 84.
(pdftex.def)             Requested size: 1284.79688pt x 937.50021pt.
 <./gif/Kita Ikuyo Doodle-33.png> <a0,fr33>
<gif/Kita Ikuyo Doodle-34.png, id=169, 1284.8pt x 937.5025pt>
File: gif/Kita Ikuyo Doodle-34.png Graphic file (type png)
<use gif/Kita Ikuyo Doodle-34.png>
Package pdftex.def Info: gif/Kita Ikuyo Doodle-34.png  used on input line 84.
(pdftex.def)             Requested size: 1284.79688pt x 937.50021pt.
 <./gif/Kita Ikuyo Doodle-34.png> <a0,fr34>
<gif/Kita Ikuyo Doodle-35.png, id=173, 1284.8pt x 937.5025pt>
File: gif/Kita Ikuyo Doodle-35.png Graphic file (type png)
<use gif/Kita Ikuyo Doodle-35.png>
Package pdftex.def Info: gif/Kita Ikuyo Doodle-35.png  used on input line 84.
(pdftex.def)             Requested size: 1284.79688pt x 937.50021pt.
 <./gif/Kita Ikuyo Doodle-35.png> <a0,fr35>
<gif/Kita Ikuyo Doodle-36.png, id=177, 1284.8pt x 937.5025pt>
File: gif/Kita Ikuyo Doodle-36.png Graphic file (type png)
<use gif/Kita Ikuyo Doodle-36.png>
Package pdftex.def Info: gif/Kita Ikuyo Doodle-36.png  used on input line 84.
(pdftex.def)             Requested size: 1284.79688pt x 937.50021pt.
 <./gif/Kita Ikuyo Doodle-36.png> <a0,fr36>
<gif/Kita Ikuyo Doodle-37.png, id=181, 1284.8pt x 937.5025pt>
File: gif/Kita Ikuyo Doodle-37.png Graphic file (type png)
<use gif/Kita Ikuyo Doodle-37.png>
Package pdftex.def Info: gif/Kita Ikuyo Doodle-37.png  used on input line 84.
(pdftex.def)             Requested size: 1284.79688pt x 937.50021pt.
 <./gif/Kita Ikuyo Doodle-37.png> <a0,fr37>
<gif/Kita Ikuyo Doodle-38.png, id=185, 1284.8pt x 937.5025pt>
File: gif/Kita Ikuyo Doodle-38.png Graphic file (type png)
<use gif/Kita Ikuyo Doodle-38.png>
Package pdftex.def Info: gif/Kita Ikuyo Doodle-38.png  used on input line 84.
(pdftex.def)             Requested size: 1284.79688pt x 937.50021pt.
 <./gif/Kita Ikuyo Doodle-38.png> <a0,fr38>
<gif/Kita Ikuyo Doodle-39.png, id=189, 1284.8pt x 937.5025pt>
File: gif/Kita Ikuyo Doodle-39.png Graphic file (type png)
<use gif/Kita Ikuyo Doodle-39.png>
Package pdftex.def Info: gif/Kita Ikuyo Doodle-39.png  used on input line 84.
(pdftex.def)             Requested size: 1284.79688pt x 937.50021pt.
 <./gif/Kita Ikuyo Doodle-39.png> <a0,fr39>
<gif/Kita Ikuyo Doodle-40.png, id=193, 1284.8pt x 937.5025pt>
File: gif/Kita Ikuyo Doodle-40.png Graphic file (type png)
<use gif/Kita Ikuyo Doodle-40.png>
Package pdftex.def Info: gif/Kita Ikuyo Doodle-40.png  used on input line 84.
(pdftex.def)             Requested size: 1284.79688pt x 937.50021pt.
 <./gif/Kita Ikuyo Doodle-40.png> <a0,fr40>
<gif/Kita Ikuyo Doodle-41.png, id=197, 1284.8pt x 937.5025pt>
File: gif/Kita Ikuyo Doodle-41.png Graphic file (type png)
<use gif/Kita Ikuyo Doodle-41.png>
Package pdftex.def Info: gif/Kita Ikuyo Doodle-41.png  used on input line 84.
(pdftex.def)             Requested size: 1284.79688pt x 937.50021pt.
 <./gif/Kita Ikuyo Doodle-41.png> <a0,fr41>
<gif/Kita Ikuyo Doodle-42.png, id=201, 1284.8pt x 937.5025pt>
File: gif/Kita Ikuyo Doodle-42.png Graphic file (type png)
<use gif/Kita Ikuyo Doodle-42.png>
Package pdftex.def Info: gif/Kita Ikuyo Doodle-42.png  used on input line 84.
(pdftex.def)             Requested size: 1284.79688pt x 937.50021pt.
 <./gif/Kita Ikuyo Doodle-42.png> <a0,fr42>
<gif/Kita Ikuyo Doodle-43.png, id=205, 1284.8pt x 937.5025pt>
File: gif/Kita Ikuyo Doodle-43.png Graphic file (type png)
<use gif/Kita Ikuyo Doodle-43.png>
Package pdftex.def Info: gif/Kita Ikuyo Doodle-43.png  used on input line 84.
(pdftex.def)             Requested size: 1284.79688pt x 937.50021pt.
 <./gif/Kita Ikuyo Doodle-43.png> <a0,fr43>
<gif/Kita Ikuyo Doodle-44.png, id=209, 1284.8pt x 937.5025pt>
File: gif/Kita Ikuyo Doodle-44.png Graphic file (type png)
<use gif/Kita Ikuyo Doodle-44.png>
Package pdftex.def Info: gif/Kita Ikuyo Doodle-44.png  used on input line 84.
(pdftex.def)             Requested size: 1284.79688pt x 937.50021pt.
 <./gif/Kita Ikuyo Doodle-44.png> <a0,fr44>
<gif/Kita Ikuyo Doodle-45.png, id=213, 1284.8pt x 937.5025pt>
File: gif/Kita Ikuyo Doodle-45.png Graphic file (type png)
<use gif/Kita Ikuyo Doodle-45.png>
Package pdftex.def Info: gif/Kita Ikuyo Doodle-45.png  used on input line 84.
(pdftex.def)             Requested size: 1284.79688pt x 937.50021pt.
 <./gif/Kita Ikuyo Doodle-45.png> <a0,fr45>
<gif/Kita Ikuyo Doodle-46.png, id=217, 1284.8pt x 937.5025pt>
File: gif/Kita Ikuyo Doodle-46.png Graphic file (type png)
<use gif/Kita Ikuyo Doodle-46.png>
Package pdftex.def Info: gif/Kita Ikuyo Doodle-46.png  used on input line 84.
(pdftex.def)             Requested size: 1284.79688pt x 937.50021pt.
 <./gif/Kita Ikuyo Doodle-46.png> <a0,fr46>
<gif/Kita Ikuyo Doodle-47.png, id=221, 1284.8pt x 937.5025pt>
File: gif/Kita Ikuyo Doodle-47.png Graphic file (type png)
<use gif/Kita Ikuyo Doodle-47.png>
Package pdftex.def Info: gif/Kita Ikuyo Doodle-47.png  used on input line 84.
(pdftex.def)             Requested size: 1284.79688pt x 937.50021pt.
 <./gif/Kita Ikuyo Doodle-47.png> <a0,fr47>
<gif/Kita Ikuyo Doodle-48.png, id=225, 1284.8pt x 937.5025pt>
File: gif/Kita Ikuyo Doodle-48.png Graphic file (type png)
<use gif/Kita Ikuyo Doodle-48.png>
Package pdftex.def Info: gif/Kita Ikuyo Doodle-48.png  used on input line 84.
(pdftex.def)             Requested size: 1284.79688pt x 937.50021pt.
 <./gif/Kita Ikuyo Doodle-48.png> <a0,fr48>
<gif/Kita Ikuyo Doodle-49.png, id=229, 1284.8pt x 937.5025pt>
File: gif/Kita Ikuyo Doodle-49.png Graphic file (type png)
<use gif/Kita Ikuyo Doodle-49.png>
Package pdftex.def Info: gif/Kita Ikuyo Doodle-49.png  used on input line 84.
(pdftex.def)             Requested size: 1284.79688pt x 937.50021pt.
 <./gif/Kita Ikuyo Doodle-49.png> <a0,fr49>
<gif/Kita Ikuyo Doodle-50.png, id=233, 1284.8pt x 937.5025pt>
File: gif/Kita Ikuyo Doodle-50.png Graphic file (type png)
<use gif/Kita Ikuyo Doodle-50.png>
Package pdftex.def Info: gif/Kita Ikuyo Doodle-50.png  used on input line 84.
(pdftex.def)             Requested size: 1284.79688pt x 937.50021pt.
 <./gif/Kita Ikuyo Doodle-50.png> <a0,fr50>
<gif/Kita Ikuyo Doodle-51.png, id=237, 1284.8pt x 937.5025pt>
File: gif/Kita Ikuyo Doodle-51.png Graphic file (type png)
<use gif/Kita Ikuyo Doodle-51.png>
Package pdftex.def Info: gif/Kita Ikuyo Doodle-51.png  used on input line 84.
(pdftex.def)             Requested size: 1284.79688pt x 937.50021pt.
 <./gif/Kita Ikuyo Doodle-51.png> <a0,fr51>
<gif/Kita Ikuyo Doodle-52.png, id=241, 1284.8pt x 937.5025pt>
File: gif/Kita Ikuyo Doodle-52.png Graphic file (type png)
<use gif/Kita Ikuyo Doodle-52.png>
Package pdftex.def Info: gif/Kita Ikuyo Doodle-52.png  used on input line 84.
(pdftex.def)             Requested size: 1284.79688pt x 937.50021pt.
 <./gif/Kita Ikuyo Doodle-52.png> <a0,fr52>
<gif/Kita Ikuyo Doodle-53.png, id=245, 1284.8pt x 937.5025pt>
File: gif/Kita Ikuyo Doodle-53.png Graphic file (type png)
<use gif/Kita Ikuyo Doodle-53.png>
Package pdftex.def Info: gif/Kita Ikuyo Doodle-53.png  used on input line 84.
(pdftex.def)             Requested size: 1284.79688pt x 937.50021pt.
 <./gif/Kita Ikuyo Doodle-53.png> <a0,fr53>
<gif/Kita Ikuyo Doodle-54.png, id=249, 1284.8pt x 937.5025pt>
File: gif/Kita Ikuyo Doodle-54.png Graphic file (type png)
<use gif/Kita Ikuyo Doodle-54.png>
Package pdftex.def Info: gif/Kita Ikuyo Doodle-54.png  used on input line 84.
(pdftex.def)             Requested size: 1284.79688pt x 937.50021pt.
 <./gif/Kita Ikuyo Doodle-54.png> <a0,fr54>
<gif/Kita Ikuyo Doodle-55.png, id=253, 1284.8pt x 937.5025pt>
File: gif/Kita Ikuyo Doodle-55.png Graphic file (type png)
<use gif/Kita Ikuyo Doodle-55.png>
Package pdftex.def Info: gif/Kita Ikuyo Doodle-55.png  used on input line 84.
(pdftex.def)             Requested size: 1284.79688pt x 937.50021pt.
 <./gif/Kita Ikuyo Doodle-55.png> <a0,fr55>
<gif/Kita Ikuyo Doodle-56.png, id=257, 1284.8pt x 937.5025pt>
File: gif/Kita Ikuyo Doodle-56.png Graphic file (type png)
<use gif/Kita Ikuyo Doodle-56.png>
Package pdftex.def Info: gif/Kita Ikuyo Doodle-56.png  used on input line 84.
(pdftex.def)             Requested size: 1284.79688pt x 937.50021pt.
 <./gif/Kita Ikuyo Doodle-56.png> <a0,fr56>
<gif/Kita Ikuyo Doodle-57.png, id=261, 1284.8pt x 937.5025pt>
File: gif/Kita Ikuyo Doodle-57.png Graphic file (type png)
<use gif/Kita Ikuyo Doodle-57.png>
Package pdftex.def Info: gif/Kita Ikuyo Doodle-57.png  used on input line 84.
(pdftex.def)             Requested size: 1284.79688pt x 937.50021pt.
 <./gif/Kita Ikuyo Doodle-57.png> <a0,fr57>
<gif/Kita Ikuyo Doodle-58.png, id=265, 1284.8pt x 937.5025pt>
File: gif/Kita Ikuyo Doodle-58.png Graphic file (type png)
<use gif/Kita Ikuyo Doodle-58.png>
Package pdftex.def Info: gif/Kita Ikuyo Doodle-58.png  used on input line 84.
(pdftex.def)             Requested size: 1284.79688pt x 937.50021pt.
 <./gif/Kita Ikuyo Doodle-58.png> <a0,fr58>
<gif/Kita Ikuyo Doodle-59.png, id=269, 1284.8pt x 937.5025pt>
File: gif/Kita Ikuyo Doodle-59.png Graphic file (type png)
<use gif/Kita Ikuyo Doodle-59.png>
Package pdftex.def Info: gif/Kita Ikuyo Doodle-59.png  used on input line 84.
(pdftex.def)             Requested size: 1284.79688pt x 937.50021pt.
 <./gif/Kita Ikuyo Doodle-59.png> <a0,fr59>
<gif/Kita Ikuyo Doodle-60.png, id=273, 1284.8pt x 937.5025pt>
File: gif/Kita Ikuyo Doodle-60.png Graphic file (type png)
<use gif/Kita Ikuyo Doodle-60.png>
Package pdftex.def Info: gif/Kita Ikuyo Doodle-60.png  used on input line 84.
(pdftex.def)             Requested size: 1284.79688pt x 937.50021pt.
 <./gif/Kita Ikuyo Doodle-60.png> <a0,fr60>
<gif/Kita Ikuyo Doodle-61.png, id=277, 1284.8pt x 937.5025pt>
File: gif/Kita Ikuyo Doodle-61.png Graphic file (type png)
<use gif/Kita Ikuyo Doodle-61.png>
Package pdftex.def Info: gif/Kita Ikuyo Doodle-61.png  used on input line 84.
(pdftex.def)             Requested size: 1284.79688pt x 937.50021pt.
 <./gif/Kita Ikuyo Doodle-61.png> <a0,fr61>
<gif/Kita Ikuyo Doodle-62.png, id=281, 1284.8pt x 937.5025pt>
File: gif/Kita Ikuyo Doodle-62.png Graphic file (type png)
<use gif/Kita Ikuyo Doodle-62.png>
Package pdftex.def Info: gif/Kita Ikuyo Doodle-62.png  used on input line 84.
(pdftex.def)             Requested size: 1284.79688pt x 937.50021pt.
 <./gif/Kita Ikuyo Doodle-62.png> <a0,fr62>
<gif/Kita Ikuyo Doodle-63.png, id=285, 1284.8pt x 937.5025pt>
File: gif/Kita Ikuyo Doodle-63.png Graphic file (type png)
<use gif/Kita Ikuyo Doodle-63.png>
Package pdftex.def Info: gif/Kita Ikuyo Doodle-63.png  used on input line 84.
(pdftex.def)             Requested size: 1284.79688pt x 937.50021pt.
 <./gif/Kita Ikuyo Doodle-63.png> <a0,fr63>
<gif/Kita Ikuyo Doodle-64.png, id=289, 1284.8pt x 937.5025pt>
File: gif/Kita Ikuyo Doodle-64.png Graphic file (type png)
<use gif/Kita Ikuyo Doodle-64.png>
Package pdftex.def Info: gif/Kita Ikuyo Doodle-64.png  used on input line 84.
(pdftex.def)             Requested size: 1284.79688pt x 937.50021pt.
 <./gif/Kita Ikuyo Doodle-64.png> <a0,fr64>
<gif/Kita Ikuyo Doodle-65.png, id=293, 1284.8pt x 937.5025pt>
File: gif/Kita Ikuyo Doodle-65.png Graphic file (type png)
<use gif/Kita Ikuyo Doodle-65.png>
Package pdftex.def Info: gif/Kita Ikuyo Doodle-65.png  used on input line 84.
(pdftex.def)             Requested size: 1284.79688pt x 937.50021pt.
 <./gif/Kita Ikuyo Doodle-65.png> <a0,fr65>
<gif/Kita Ikuyo Doodle-66.png, id=297, 1284.8pt x 937.5025pt>
File: gif/Kita Ikuyo Doodle-66.png Graphic file (type png)
<use gif/Kita Ikuyo Doodle-66.png>
Package pdftex.def Info: gif/Kita Ikuyo Doodle-66.png  used on input line 84.
(pdftex.def)             Requested size: 1284.79688pt x 937.50021pt.
 <./gif/Kita Ikuyo Doodle-66.png> <a0,fr66>
<gif/Kita Ikuyo Doodle-67.png, id=301, 1284.8pt x 937.5025pt>
File: gif/Kita Ikuyo Doodle-67.png Graphic file (type png)
<use gif/Kita Ikuyo Doodle-67.png>
Package pdftex.def Info: gif/Kita Ikuyo Doodle-67.png  used on input line 84.
(pdftex.def)             Requested size: 1284.79688pt x 937.50021pt.
 <./gif/Kita Ikuyo Doodle-67.png> <a0,fr67>
<gif/Kita Ikuyo Doodle-68.png, id=305, 1284.8pt x 937.5025pt>
File: gif/Kita Ikuyo Doodle-68.png Graphic file (type png)
<use gif/Kita Ikuyo Doodle-68.png>
Package pdftex.def Info: gif/Kita Ikuyo Doodle-68.png  used on input line 84.
(pdftex.def)             Requested size: 1284.79688pt x 937.50021pt.
 <./gif/Kita Ikuyo Doodle-68.png> <a0,fr68>
<gif/Kita Ikuyo Doodle-69.png, id=309, 1284.8pt x 937.5025pt>
File: gif/Kita Ikuyo Doodle-69.png Graphic file (type png)
<use gif/Kita Ikuyo Doodle-69.png>
Package pdftex.def Info: gif/Kita Ikuyo Doodle-69.png  used on input line 84.
(pdftex.def)             Requested size: 1284.79688pt x 937.50021pt.
 <./gif/Kita Ikuyo Doodle-69.png> <a0,fr69>
<gif/Kita Ikuyo Doodle-70.png, id=313, 1284.8pt x 937.5025pt>
File: gif/Kita Ikuyo Doodle-70.png Graphic file (type png)
<use gif/Kita Ikuyo Doodle-70.png>
Package pdftex.def Info: gif/Kita Ikuyo Doodle-70.png  used on input line 84.
(pdftex.def)             Requested size: 1284.79688pt x 937.50021pt.
 <./gif/Kita Ikuyo Doodle-70.png> <a0,fr70>
<gif/Kita Ikuyo Doodle-71.png, id=317, 1284.8pt x 937.5025pt>
File: gif/Kita Ikuyo Doodle-71.png Graphic file (type png)
<use gif/Kita Ikuyo Doodle-71.png>
Package pdftex.def Info: gif/Kita Ikuyo Doodle-71.png  used on input line 84.
(pdftex.def)             Requested size: 1284.79688pt x 937.50021pt.
 <./gif/Kita Ikuyo Doodle-71.png> <a0,fr71>
<gif/Kita Ikuyo Doodle-72.png, id=321, 1284.8pt x 937.5025pt>
File: gif/Kita Ikuyo Doodle-72.png Graphic file (type png)
<use gif/Kita Ikuyo Doodle-72.png>
Package pdftex.def Info: gif/Kita Ikuyo Doodle-72.png  used on input line 84.
(pdftex.def)             Requested size: 1284.79688pt x 937.50021pt.
 <./gif/Kita Ikuyo Doodle-72.png> <a0,fr72>
<gif/Kita Ikuyo Doodle-73.png, id=325, 1284.8pt x 937.5025pt>
File: gif/Kita Ikuyo Doodle-73.png Graphic file (type png)
<use gif/Kita Ikuyo Doodle-73.png>
Package pdftex.def Info: gif/Kita Ikuyo Doodle-73.png  used on input line 84.
(pdftex.def)             Requested size: 1284.79688pt x 937.50021pt.
 <./gif/Kita Ikuyo Doodle-73.png> <a0,fr73>
<gif/Kita Ikuyo Doodle-74.png, id=329, 1284.8pt x 937.5025pt>
File: gif/Kita Ikuyo Doodle-74.png Graphic file (type png)
<use gif/Kita Ikuyo Doodle-74.png>
Package pdftex.def Info: gif/Kita Ikuyo Doodle-74.png  used on input line 84.
(pdftex.def)             Requested size: 1284.79688pt x 937.50021pt.
 <./gif/Kita Ikuyo Doodle-74.png> <a0,fr74>
<gif/Kita Ikuyo Doodle-75.png, id=333, 1284.8pt x 937.5025pt>
File: gif/Kita Ikuyo Doodle-75.png Graphic file (type png)
<use gif/Kita Ikuyo Doodle-75.png>
Package pdftex.def Info: gif/Kita Ikuyo Doodle-75.png  used on input line 84.
(pdftex.def)             Requested size: 1284.79688pt x 937.50021pt.
 <./gif/Kita Ikuyo Doodle-75.png> <a0,fr75>
<gif/Kita Ikuyo Doodle-76.png, id=337, 1284.8pt x 937.5025pt>
File: gif/Kita Ikuyo Doodle-76.png Graphic file (type png)
<use gif/Kita Ikuyo Doodle-76.png>
Package pdftex.def Info: gif/Kita Ikuyo Doodle-76.png  used on input line 84.
(pdftex.def)             Requested size: 1284.79688pt x 937.50021pt.
 <./gif/Kita Ikuyo Doodle-76.png> <a0,fr76>
<gif/Kita Ikuyo Doodle-77.png, id=341, 1284.8pt x 937.5025pt>
File: gif/Kita Ikuyo Doodle-77.png Graphic file (type png)
<use gif/Kita Ikuyo Doodle-77.png>
Package pdftex.def Info: gif/Kita Ikuyo Doodle-77.png  used on input line 84.
(pdftex.def)             Requested size: 1284.79688pt x 937.50021pt.
 <./gif/Kita Ikuyo Doodle-77.png> <a0,fr77>
<gif/Kita Ikuyo Doodle-78.png, id=345, 1284.8pt x 937.5025pt>
File: gif/Kita Ikuyo Doodle-78.png Graphic file (type png)
<use gif/Kita Ikuyo Doodle-78.png>
Package pdftex.def Info: gif/Kita Ikuyo Doodle-78.png  used on input line 84.
(pdftex.def)             Requested size: 1284.79688pt x 937.50021pt.
 <./gif/Kita Ikuyo Doodle-78.png> <a0,fr78>
<gif/Kita Ikuyo Doodle-79.png, id=349, 1284.8pt x 937.5025pt>
File: gif/Kita Ikuyo Doodle-79.png Graphic file (type png)
<use gif/Kita Ikuyo Doodle-79.png>
Package pdftex.def Info: gif/Kita Ikuyo Doodle-79.png  used on input line 84.
(pdftex.def)             Requested size: 1284.79688pt x 937.50021pt.
 <./gif/Kita Ikuyo Doodle-79.png> <a0,fr79>
<gif/Kita Ikuyo Doodle-80.png, id=353, 1284.8pt x 937.5025pt>
File: gif/Kita Ikuyo Doodle-80.png Graphic file (type png)
<use gif/Kita Ikuyo Doodle-80.png>
Package pdftex.def Info: gif/Kita Ikuyo Doodle-80.png  used on input line 84.
(pdftex.def)             Requested size: 1284.79688pt x 937.50021pt.
 <./gif/Kita Ikuyo Doodle-80.png> <a0,fr80>
<gif/Kita Ikuyo Doodle-81.png, id=357, 1284.8pt x 937.5025pt>
File: gif/Kita Ikuyo Doodle-81.png Graphic file (type png)
<use gif/Kita Ikuyo Doodle-81.png>
Package pdftex.def Info: gif/Kita Ikuyo Doodle-81.png  used on input line 84.
(pdftex.def)             Requested size: 1284.79688pt x 937.50021pt.
 <./gif/Kita Ikuyo Doodle-81.png> <a0,fr81>
<gif/Kita Ikuyo Doodle-82.png, id=361, 1284.8pt x 937.5025pt>
File: gif/Kita Ikuyo Doodle-82.png Graphic file (type png)
<use gif/Kita Ikuyo Doodle-82.png>
Package pdftex.def Info: gif/Kita Ikuyo Doodle-82.png  used on input line 84.
(pdftex.def)             Requested size: 1284.79688pt x 937.50021pt.
 <./gif/Kita Ikuyo Doodle-82.png> <a0,fr82>
<gif/Kita Ikuyo Doodle-83.png, id=365, 1284.8pt x 937.5025pt>
File: gif/Kita Ikuyo Doodle-83.png Graphic file (type png)
<use gif/Kita Ikuyo Doodle-83.png>
Package pdftex.def Info: gif/Kita Ikuyo Doodle-83.png  used on input line 84.
(pdftex.def)             Requested size: 1284.79688pt x 937.50021pt.
 <./gif/Kita Ikuyo Doodle-83.png> <a0,fr83>
<gif/Kita Ikuyo Doodle-84.png, id=369, 1284.8pt x 937.5025pt>
File: gif/Kita Ikuyo Doodle-84.png Graphic file (type png)
<use gif/Kita Ikuyo Doodle-84.png>
Package pdftex.def Info: gif/Kita Ikuyo Doodle-84.png  used on input line 84.
(pdftex.def)             Requested size: 1284.79688pt x 937.50021pt.
 <./gif/Kita Ikuyo Doodle-84.png> <a0,fr84>
<gif/Kita Ikuyo Doodle-85.png, id=373, 1284.8pt x 937.5025pt>
File: gif/Kita Ikuyo Doodle-85.png Graphic file (type png)
<use gif/Kita Ikuyo Doodle-85.png>
Package pdftex.def Info: gif/Kita Ikuyo Doodle-85.png  used on input line 84.
(pdftex.def)             Requested size: 1284.79688pt x 937.50021pt.
 <./gif/Kita Ikuyo Doodle-85.png> <a0,fr85> [2] (ETS 2024.aux)
 ***********
LaTeX2e <2023-11-01> patch level 1
L3 programming layer <2024-01-04>
 ***********
Package rerunfilecheck Info: File `"ETS 2024".out' has not changed.
(rerunfilecheck)             Checksum: D41D8CD98F00B204E9800998ECF8427E;0.
 ) 
Here is how much of TeX's memory you used:
 14815 strings out of 474486
 254518 string characters out of 5743754
 1944542 words of memory out of 5000000
 36904 multiletter control sequences out of 15000+600000
 560780 words of font info for 47 fonts, out of 8000000 for 9000
 1141 hyphenation exceptions out of 8191
 79i,18n,93p,410b,688s stack positions out of 10000i,1000n,20000p,200000b,200000s
<C:/Users/teoso/AppData/Local/Programs/MiKTeX/fonts/type1/public/amsfonts/cm/cmex10.pfb><C:/Users/teoso/AppData/Local/Programs/MiKTeX/fonts/type1/public/amsfonts/cm/cmmi10.pfb><C:/Users/teoso/AppData/Local/Programs/MiKTeX/fonts/type1/public/amsfonts/cm/cmr10.pfb><C:/Users/teoso/AppData/Local/Programs/MiKTeX/fonts/type1/public/amsfonts/cm/cmr7.pfb><C:/Users/teoso/AppData/Local/Programs/MiKTeX/fonts/type1/public/amsfonts/cm/cmsy10.pfb><C:/Users/teoso/AppData/Local/Programs/MiKTeX/fonts/type1/public/amsfonts/cm/cmti10.pfb><C:/Users/teoso/AppData/Local/Programs/MiKTeX/fonts/type1/public/amsfonts/symbols/msbm10.pfb>
Output written on "ETS 2024.pdf" (2 pages, 12331792 bytes).
PDF statistics:
 508 PDF objects out of 1000 (max. 8388607)
 14 named destinations out of 1000 (max. 500000)
 975 words of extra memory for PDF output out of 10000 (max. 10000000)

