\BOOKMARK [0][-]{Doc-Start}{\376\377\000L\000E\000M\000B\000A\000R\000\040\000P\000E\000N\000G\000E\000S\000A\000H\000A\000N}{}% 1
\BOOKMARK [0][-]{Doc-Start}{\376\377\000A\000B\000S\000T\000R\000A\000K}{}% 2
\BOOKMARK [0][-]{Doc-Start}{\376\377\000A\000B\000S\000T\000R\000A\000C\000T}{}% 3
\BOOKMARK [0][-]{Doc-Start}{\376\377\000D\000A\000F\000T\000A\000R\000\040\000I\000S\000I}{}% 4
\BOOKMARK [0][-]{Doc-Start}{\376\377\000D\000A\000F\000T\000A\000R\000\040\000G\000A\000M\000B\000A\000R}{}% 5
\BOOKMARK [0][-]{Doc-Start}{\376\377\000D\000A\000F\000T\000A\000R\000\040\000T\000A\000B\000E\000L}{}% 6
\BOOKMARK [0][-]{Doc-Start}{\376\377\000D\000A\000F\000T\000A\000R\000\040\000S\000I\000M\000B\000O\000L}{}% 7
\BOOKMARK [0][-]{chapter.1}{\376\377\000P\000E\000N\000D\000A\000H\000U\000L\000U\000A\000N}{}% 8
\BOOKMARK [1][-]{section.1.1}{\376\377\000L\000a\000t\000a\000r\000\040\000B\000e\000l\000a\000k\000a\000n\000g}{chapter.1}% 9
\BOOKMARK [1][-]{section.1.2}{\376\377\000R\000u\000m\000u\000s\000a\000n\000\040\000M\000a\000s\000a\000l\000a\000h}{chapter.1}% 10
\BOOKMARK [1][-]{section.1.3}{\376\377\000B\000a\000t\000a\000s\000a\000n\000\040\000M\000a\000s\000a\000l\000a\000h}{chapter.1}% 11
\BOOKMARK [1][-]{section.1.4}{\376\377\000T\000u\000j\000u\000a\000n}{chapter.1}% 12
\BOOKMARK [1][-]{section.1.5}{\376\377\000M\000a\000n\000f\000a\000a\000t}{chapter.1}% 13
\BOOKMARK [0][-]{chapter.2}{\376\377\000T\000I\000N\000J\000A\000U\000A\000N\000\040\000P\000U\000S\000T\000A\000K\000A}{}% 14
\BOOKMARK [1][-]{section.2.1}{\376\377\000T\000e\000r\000m\000i\000n\000o\000l\000o\000g\000i\000\040\000A\000l\000j\000a\000b\000a\000r\000\040\000M\000a\000x\000-\000P\000l\000u\000s}{chapter.2}% 15
\BOOKMARK [1][-]{section.2.2}{\376\377\000V\000e\000k\000t\000o\000r\000\040\000d\000a\000n\000\040\000M\000a\000t\000r\000i\000k\000s}{chapter.2}% 16
\BOOKMARK [1][-]{section.2.3}{\376\377\000G\000r\000a\000f\000\040\000d\000a\000l\000a\000m\000\040\000A\000l\000j\000a\000b\000a\000r\000\040\000M\000a\000x\000-\000P\000l\000u\000s}{chapter.2}% 17
\BOOKMARK [2][-]{subsection.2.3.1}{\376\377\000G\000r\000a\000f\000\040\000B\000e\000r\000a\000r\000a\000h\000\040\000B\000e\000r\000b\000o\000b\000o\000t}{section.2.3}% 18
\BOOKMARK [2][-]{subsection.2.3.2}{\376\377\000J\000a\000l\000u\000r\000\040\000T\000e\000r\000p\000a\000n\000j\000a\000n\000g\000\040\000d\000a\000l\000a\000m\000\040\000G\000r\000a\000f}{section.2.3}% 19
\BOOKMARK [2][-]{subsection.2.3.3}{\376\377\000M\000a\000t\000r\000i\000k\000s\000\040\000A\000d\000j\000a\000c\000e\000n\000c\000y\000\040\000d\000a\000n\000\040\000M\000a\000t\000r\000i\000k\000s\000\040\000M\000a\000x\000-\000P\000l\000u\000s}{section.2.3}% 20
\BOOKMARK [1][-]{section.2.4}{\376\377\000N\000i\000l\000a\000i\000\040\000E\000i\000g\000e\000n\000\040\000d\000a\000n\000\040\000V\000e\000k\000t\000o\000r\000\040\000E\000i\000g\000e\000n\000\040\000p\000a\000d\000a\000\040\000A\000l\000j\000a\000b\000a\000r\000\040\000M\000a\000x\000-\000P\000l\000u\000s}{chapter.2}% 21
\BOOKMARK [1][-]{section.2.5}{\376\377\000S\000i\000s\000t\000e\000m\000\040\000P\000e\000r\000s\000a\000m\000a\000a\000n\000\040\000L\000i\000n\000e\000a\000r\000\040\000M\000a\000x\000-\000P\000l\000u\000s}{chapter.2}% 22
\BOOKMARK [0][-]{chapter.3}{\376\377\000M\000E\000T\000O\000D\000O\000L\000O\000G\000I}{}% 23
\BOOKMARK [1][-]{section.3.1}{\376\377\000I\000d\000e\000n\000t\000i\000f\000i\000k\000a\000s\000i\000\040\000D\000a\000t\000a\000\040\000A\000w\000a\000l}{chapter.3}% 24
\BOOKMARK [1][-]{section.3.2}{\376\377\000F\000o\000r\000m\000u\000l\000a\000s\000i\000\040\000S\000i\000s\000t\000e\000m\000\040\000d\000a\000l\000a\000m\000\040\000A\000l\000j\000a\000b\000a\000r\000\040\000M\000a\000x\000-\000P\000l\000u\000s}{chapter.3}% 25
\BOOKMARK [1][-]{section.3.3}{\376\377\000M\000o\000d\000e\000l\000i\000n\000g\000\040\000D\000i\000n\000a\000m\000i\000k\000a\000\040\000J\000a\000d\000w\000a\000l}{chapter.3}% 26
\BOOKMARK [1][-]{section.3.4}{\376\377\000A\000n\000a\000l\000i\000s\000i\000s\000\040\000V\000a\000l\000i\000d\000i\000t\000a\000s\000\040\000M\000o\000d\000e\000l}{chapter.3}% 27
\BOOKMARK [1][-]{section.3.5}{\376\377\000O\000p\000t\000i\000m\000a\000s\000i\000\040\000J\000a\000d\000w\000a\000l}{chapter.3}% 28
\BOOKMARK [1][-]{section.3.6}{\376\377\000E\000v\000a\000l\000u\000a\000s\000i\000\040\000d\000a\000n\000\040\000V\000a\000l\000i\000d\000a\000s\000i}{chapter.3}% 29
\BOOKMARK [1][-]{section.3.7}{\376\377\000I\000m\000p\000l\000e\000m\000e\000n\000t\000a\000s\000i\000\040\000d\000a\000n\000\040\000S\000i\000m\000u\000l\000a\000s\000i}{chapter.3}% 30
\BOOKMARK [1][-]{section.3.8}{\376\377\000K\000e\000s\000i\000m\000p\000u\000l\000a\000n\000\040\000d\000a\000n\000\040\000D\000o\000k\000u\000m\000e\000n\000t\000a\000s\000i}{chapter.3}% 31
\BOOKMARK [1][-]{section.3.9}{\376\377\000J\000a\000d\000w\000a\000l\000\040\000K\000e\000g\000i\000a\000t\000a\000n}{chapter.3}% 32
\BOOKMARK [0][-]{table.caption.2}{\376\377\000D\000A\000F\000T\000A\000R\000\040\000P\000U\000S\000T\000A\000K\000A}{}% 33
